{"D:\\Code\\Nodejs\\Final_NodeJS\\controllers\\admin.js": {"path":"D:\\Code\\Nodejs\\Final_NodeJS\\controllers\\admin.js","statementMap":{"0":{"start":{"line":1,"column":16},"end":{"line":1,"column":44}},"1":{"start":{"line":2,"column":14},"end":{"line":2,"column":40}},"2":{"start":{"line":3,"column":13},"end":{"line":3,"column":38}},"3":{"start":{"line":4,"column":15},"end":{"line":4,"column":42}},"4":{"start":{"line":5,"column":29},"end":{"line":5,"column":57}},"5":{"start":{"line":6,"column":11},"end":{"line":6,"column":24}},"6":{"start":{"line":7,"column":13},"end":{"line":7,"column":28}},"7":{"start":{"line":9,"column":0},"end":{"line":65,"column":2}},"8":{"start":{"line":10,"column":2},"end":{"line":64,"column":3}},"9":{"start":{"line":12,"column":19},"end":{"line":14,"column":6}},"10":{"start":{"line":16,"column":25},"end":{"line":16,"column":86}},"11":{"start":{"line":16,"column":57},"end":{"line":16,"column":82}},"12":{"start":{"line":19,"column":24},"end":{"line":19,"column":37}},"13":{"start":{"line":22,"column":26},"end":{"line":24,"column":6}},"14":{"start":{"line":27,"column":23},"end":{"line":27,"column":50}},"15":{"start":{"line":30,"column":26},"end":{"line":30,"column":56}},"16":{"start":{"line":33,"column":29},"end":{"line":35,"column":6}},"17":{"start":{"line":38,"column":25},"end":{"line":41,"column":37}},"18":{"start":{"line":44,"column":24},"end":{"line":46,"column":15}},"19":{"start":{"line":48,"column":4},"end":{"line":59,"column":7}},"20":{"start":{"line":61,"column":4},"end":{"line":61,"column":23}},"21":{"start":{"line":62,"column":4},"end":{"line":62,"column":65}},"22":{"start":{"line":63,"column":4},"end":{"line":63,"column":22}},"23":{"start":{"line":68,"column":0},"end":{"line":193,"column":2}},"24":{"start":{"line":69,"column":2},"end":{"line":192,"column":3}},"25":{"start":{"line":70,"column":46},"end":{"line":70,"column":55}},"26":{"start":{"line":74,"column":16},"end":{"line":74,"column":26}},"27":{"start":{"line":76,"column":4},"end":{"line":109,"column":5}},"28":{"start":{"line":78,"column":8},"end":{"line":78,"column":59}},"29":{"start":{"line":79,"column":8},"end":{"line":79,"column":33}},"30":{"start":{"line":80,"column":8},"end":{"line":80,"column":14}},"31":{"start":{"line":83,"column":8},"end":{"line":83,"column":38}},"32":{"start":{"line":84,"column":8},"end":{"line":84,"column":60}},"33":{"start":{"line":85,"column":8},"end":{"line":85,"column":43}},"34":{"start":{"line":86,"column":8},"end":{"line":86,"column":33}},"35":{"start":{"line":87,"column":8},"end":{"line":87,"column":14}},"36":{"start":{"line":90,"column":8},"end":{"line":90,"column":71}},"37":{"start":{"line":91,"column":8},"end":{"line":91,"column":33}},"38":{"start":{"line":92,"column":8},"end":{"line":92,"column":14}},"39":{"start":{"line":95,"column":8},"end":{"line":95,"column":58}},"40":{"start":{"line":96,"column":8},"end":{"line":96,"column":33}},"41":{"start":{"line":97,"column":8},"end":{"line":97,"column":14}},"42":{"start":{"line":100,"column":8},"end":{"line":100,"column":44}},"43":{"start":{"line":101,"column":8},"end":{"line":101,"column":43}},"44":{"start":{"line":102,"column":8},"end":{"line":102,"column":40}},"45":{"start":{"line":103,"column":8},"end":{"line":103,"column":46}},"46":{"start":{"line":104,"column":8},"end":{"line":104,"column":14}},"47":{"start":{"line":107,"column":8},"end":{"line":107,"column":71}},"48":{"start":{"line":108,"column":8},"end":{"line":108,"column":33}},"49":{"start":{"line":112,"column":19},"end":{"line":118,"column":6}},"50":{"start":{"line":120,"column":25},"end":{"line":120,"column":86}},"51":{"start":{"line":120,"column":57},"end":{"line":120,"column":82}},"52":{"start":{"line":121,"column":24},"end":{"line":121,"column":37}},"53":{"start":{"line":124,"column":26},"end":{"line":130,"column":6}},"54":{"start":{"line":133,"column":23},"end":{"line":138,"column":6}},"55":{"start":{"line":142,"column":27},"end":{"line":142,"column":44}},"56":{"start":{"line":144,"column":4},"end":{"line":147,"column":7}},"57":{"start":{"line":145,"column":25},"end":{"line":145,"column":61}},"58":{"start":{"line":146,"column":6},"end":{"line":146,"column":64}},"59":{"start":{"line":150,"column":23},"end":{"line":165,"column":6}},"60":{"start":{"line":168,"column":27},"end":{"line":168,"column":29}},"61":{"start":{"line":169,"column":25},"end":{"line":169,"column":27}},"62":{"start":{"line":171,"column":4},"end":{"line":174,"column":7}},"63":{"start":{"line":172,"column":6},"end":{"line":172,"column":35}},"64":{"start":{"line":173,"column":6},"end":{"line":173,"column":35}},"65":{"start":{"line":177,"column":4},"end":{"line":185,"column":7}},"66":{"start":{"line":187,"column":4},"end":{"line":187,"column":48}},"67":{"start":{"line":188,"column":4},"end":{"line":191,"column":7}},"68":{"start":{"line":196,"column":0},"end":{"line":240,"column":2}},"69":{"start":{"line":197,"column":2},"end":{"line":239,"column":3}},"70":{"start":{"line":198,"column":17},"end":{"line":198,"column":46}},"71":{"start":{"line":199,"column":18},"end":{"line":199,"column":20}},"72":{"start":{"line":200,"column":17},"end":{"line":200,"column":35}},"73":{"start":{"line":203,"column":19},"end":{"line":203,"column":21}},"74":{"start":{"line":205,"column":4},"end":{"line":207,"column":5}},"75":{"start":{"line":206,"column":6},"end":{"line":206,"column":64}},"76":{"start":{"line":209,"column":4},"end":{"line":211,"column":5}},"77":{"start":{"line":210,"column":6},"end":{"line":210,"column":43}},"78":{"start":{"line":214,"column":21},"end":{"line":217,"column":19}},"79":{"start":{"line":220,"column":18},"end":{"line":220,"column":54}},"80":{"start":{"line":223,"column":23},"end":{"line":223,"column":57}},"81":{"start":{"line":225,"column":4},"end":{"line":234,"column":7}},"82":{"start":{"line":236,"column":4},"end":{"line":236,"column":23}},"83":{"start":{"line":237,"column":4},"end":{"line":237,"column":68}},"84":{"start":{"line":238,"column":4},"end":{"line":238,"column":27}},"85":{"start":{"line":242,"column":0},"end":{"line":293,"column":2}},"86":{"start":{"line":243,"column":2},"end":{"line":292,"column":3}},"87":{"start":{"line":245,"column":21},"end":{"line":245,"column":55}},"88":{"start":{"line":246,"column":17},"end":{"line":246,"column":48}},"89":{"start":{"line":249,"column":30},"end":{"line":249,"column":83}},"90":{"start":{"line":252,"column":4},"end":{"line":261,"column":5}},"91":{"start":{"line":253,"column":6},"end":{"line":253,"column":37}},"92":{"start":{"line":256,"column":6},"end":{"line":260,"column":9}},"93":{"start":{"line":257,"column":8},"end":{"line":259,"column":9}},"94":{"start":{"line":258,"column":10},"end":{"line":258,"column":36}},"95":{"start":{"line":264,"column":26},"end":{"line":264,"column":127}},"96":{"start":{"line":267,"column":4},"end":{"line":276,"column":5}},"97":{"start":{"line":268,"column":6},"end":{"line":268,"column":29}},"98":{"start":{"line":271,"column":6},"end":{"line":275,"column":9}},"99":{"start":{"line":272,"column":8},"end":{"line":274,"column":9}},"100":{"start":{"line":273,"column":10},"end":{"line":273,"column":29}},"101":{"start":{"line":279,"column":4},"end":{"line":279,"column":22}},"102":{"start":{"line":280,"column":4},"end":{"line":280,"column":18}},"103":{"start":{"line":282,"column":4},"end":{"line":287,"column":7}},"104":{"start":{"line":289,"column":4},"end":{"line":289,"column":23}},"105":{"start":{"line":290,"column":4},"end":{"line":290,"column":69}},"106":{"start":{"line":291,"column":4},"end":{"line":291,"column":36}},"107":{"start":{"line":295,"column":0},"end":{"line":407,"column":2}},"108":{"start":{"line":296,"column":2},"end":{"line":406,"column":3}},"109":{"start":{"line":308,"column":8},"end":{"line":308,"column":16}},"110":{"start":{"line":311,"column":17},"end":{"line":314,"column":26}},"111":{"start":{"line":317,"column":28},"end":{"line":317,"column":59}},"112":{"start":{"line":318,"column":4},"end":{"line":321,"column":5}},"113":{"start":{"line":319,"column":6},"end":{"line":319,"column":66}},"114":{"start":{"line":320,"column":6},"end":{"line":320,"column":49}},"115":{"start":{"line":324,"column":19},"end":{"line":324,"column":21}},"116":{"start":{"line":325,"column":4},"end":{"line":329,"column":5}},"117":{"start":{"line":326,"column":6},"end":{"line":328,"column":9}},"118":{"start":{"line":327,"column":8},"end":{"line":327,"column":35}},"119":{"start":{"line":332,"column":24},"end":{"line":332,"column":26}},"120":{"start":{"line":333,"column":4},"end":{"line":345,"column":5}},"121":{"start":{"line":334,"column":24},"end":{"line":334,"column":104}},"122":{"start":{"line":335,"column":25},"end":{"line":335,"column":108}},"123":{"start":{"line":337,"column":6},"end":{"line":344,"column":7}},"124":{"start":{"line":337,"column":19},"end":{"line":337,"column":20}},"125":{"start":{"line":338,"column":8},"end":{"line":343,"column":9}},"126":{"start":{"line":339,"column":10},"end":{"line":342,"column":13}},"127":{"start":{"line":348,"column":27},"end":{"line":348,"column":29}},"128":{"start":{"line":349,"column":4},"end":{"line":380,"column":5}},"129":{"start":{"line":350,"column":27},"end":{"line":350,"column":89}},"130":{"start":{"line":351,"column":28},"end":{"line":351,"column":93}},"131":{"start":{"line":352,"column":31},"end":{"line":354,"column":36}},"132":{"start":{"line":355,"column":28},"end":{"line":355,"column":93}},"133":{"start":{"line":358,"column":28},"end":{"line":358,"column":30}},"134":{"start":{"line":360,"column":6},"end":{"line":375,"column":7}},"135":{"start":{"line":360,"column":19},"end":{"line":360,"column":20}},"136":{"start":{"line":361,"column":8},"end":{"line":374,"column":9}},"137":{"start":{"line":362,"column":10},"end":{"line":367,"column":11}},"138":{"start":{"line":363,"column":12},"end":{"line":366,"column":14}},"139":{"start":{"line":369,"column":10},"end":{"line":373,"column":13}},"140":{"start":{"line":377,"column":6},"end":{"line":379,"column":9}},"141":{"start":{"line":378,"column":8},"end":{"line":378,"column":35}},"142":{"start":{"line":383,"column":20},"end":{"line":396,"column":6}},"143":{"start":{"line":398,"column":4},"end":{"line":398,"column":25}},"144":{"start":{"line":400,"column":4},"end":{"line":400,"column":62}},"145":{"start":{"line":401,"column":4},"end":{"line":401,"column":36}},"146":{"start":{"line":403,"column":4},"end":{"line":403,"column":23}},"147":{"start":{"line":404,"column":4},"end":{"line":404,"column":59}},"148":{"start":{"line":405,"column":4},"end":{"line":405,"column":40}},"149":{"start":{"line":409,"column":0},"end":{"line":434,"column":2}},"150":{"start":{"line":410,"column":2},"end":{"line":433,"column":3}},"151":{"start":{"line":411,"column":26},"end":{"line":411,"column":36}},"152":{"start":{"line":413,"column":20},"end":{"line":413,"column":53}},"153":{"start":{"line":414,"column":4},"end":{"line":417,"column":5}},"154":{"start":{"line":415,"column":6},"end":{"line":415,"column":53}},"155":{"start":{"line":416,"column":6},"end":{"line":416,"column":45}},"156":{"start":{"line":419,"column":23},"end":{"line":419,"column":57}},"157":{"start":{"line":420,"column":19},"end":{"line":420,"column":50}},"158":{"start":{"line":422,"column":4},"end":{"line":428,"column":7}},"159":{"start":{"line":430,"column":4},"end":{"line":430,"column":23}},"160":{"start":{"line":431,"column":4},"end":{"line":431,"column":68}},"161":{"start":{"line":432,"column":4},"end":{"line":432,"column":36}},"162":{"start":{"line":436,"column":0},"end":{"line":559,"column":2}},"163":{"start":{"line":437,"column":2},"end":{"line":558,"column":3}},"164":{"start":{"line":438,"column":26},"end":{"line":438,"column":36}},"165":{"start":{"line":451,"column":8},"end":{"line":451,"column":16}},"166":{"start":{"line":453,"column":20},"end":{"line":453,"column":53}},"167":{"start":{"line":454,"column":4},"end":{"line":457,"column":5}},"168":{"start":{"line":455,"column":6},"end":{"line":455,"column":53}},"169":{"start":{"line":456,"column":6},"end":{"line":456,"column":45}},"170":{"start":{"line":460,"column":22},"end":{"line":460,"column":24}},"171":{"start":{"line":461,"column":4},"end":{"line":465,"column":5}},"172":{"start":{"line":462,"column":6},"end":{"line":464,"column":9}},"173":{"start":{"line":463,"column":8},"end":{"line":463,"column":38}},"174":{"start":{"line":468,"column":27},"end":{"line":468,"column":46}},"175":{"start":{"line":469,"column":4},"end":{"line":482,"column":5}},"176":{"start":{"line":470,"column":29},"end":{"line":470,"column":88}},"177":{"start":{"line":473,"column":6},"end":{"line":478,"column":9}},"178":{"start":{"line":474,"column":26},"end":{"line":474,"column":81}},"179":{"start":{"line":475,"column":8},"end":{"line":477,"column":9}},"180":{"start":{"line":476,"column":10},"end":{"line":476,"column":35}},"181":{"start":{"line":481,"column":6},"end":{"line":481,"column":83}},"182":{"start":{"line":481,"column":52},"end":{"line":481,"column":81}},"183":{"start":{"line":485,"column":4},"end":{"line":485,"column":55}},"184":{"start":{"line":488,"column":24},"end":{"line":488,"column":26}},"185":{"start":{"line":489,"column":4},"end":{"line":501,"column":5}},"186":{"start":{"line":490,"column":24},"end":{"line":490,"column":104}},"187":{"start":{"line":491,"column":25},"end":{"line":491,"column":108}},"188":{"start":{"line":493,"column":6},"end":{"line":500,"column":7}},"189":{"start":{"line":493,"column":19},"end":{"line":493,"column":20}},"190":{"start":{"line":494,"column":8},"end":{"line":499,"column":9}},"191":{"start":{"line":495,"column":10},"end":{"line":498,"column":13}},"192":{"start":{"line":504,"column":27},"end":{"line":504,"column":29}},"193":{"start":{"line":505,"column":4},"end":{"line":536,"column":5}},"194":{"start":{"line":506,"column":27},"end":{"line":506,"column":89}},"195":{"start":{"line":507,"column":28},"end":{"line":507,"column":93}},"196":{"start":{"line":508,"column":31},"end":{"line":510,"column":36}},"197":{"start":{"line":511,"column":28},"end":{"line":511,"column":93}},"198":{"start":{"line":514,"column":28},"end":{"line":514,"column":30}},"199":{"start":{"line":516,"column":6},"end":{"line":531,"column":7}},"200":{"start":{"line":516,"column":19},"end":{"line":516,"column":20}},"201":{"start":{"line":517,"column":8},"end":{"line":530,"column":9}},"202":{"start":{"line":518,"column":10},"end":{"line":523,"column":11}},"203":{"start":{"line":519,"column":12},"end":{"line":522,"column":14}},"204":{"start":{"line":525,"column":10},"end":{"line":529,"column":13}},"205":{"start":{"line":533,"column":6},"end":{"line":535,"column":9}},"206":{"start":{"line":534,"column":8},"end":{"line":534,"column":35}},"207":{"start":{"line":539,"column":4},"end":{"line":539,"column":24}},"208":{"start":{"line":540,"column":4},"end":{"line":540,"column":38}},"209":{"start":{"line":541,"column":4},"end":{"line":541,"column":38}},"210":{"start":{"line":542,"column":4},"end":{"line":542,"column":82}},"211":{"start":{"line":543,"column":4},"end":{"line":543,"column":32}},"212":{"start":{"line":544,"column":4},"end":{"line":544,"column":38}},"213":{"start":{"line":545,"column":4},"end":{"line":545,"column":26}},"214":{"start":{"line":546,"column":4},"end":{"line":546,"column":36}},"215":{"start":{"line":547,"column":4},"end":{"line":547,"column":41}},"216":{"start":{"line":548,"column":4},"end":{"line":548,"column":38}},"217":{"start":{"line":550,"column":4},"end":{"line":550,"column":25}},"218":{"start":{"line":552,"column":4},"end":{"line":552,"column":66}},"219":{"start":{"line":553,"column":4},"end":{"line":553,"column":36}},"220":{"start":{"line":555,"column":4},"end":{"line":555,"column":23}},"221":{"start":{"line":556,"column":4},"end":{"line":556,"column":63}},"222":{"start":{"line":557,"column":4},"end":{"line":557,"column":65}},"223":{"start":{"line":561,"column":0},"end":{"line":590,"column":2}},"224":{"start":{"line":562,"column":2},"end":{"line":589,"column":3}},"225":{"start":{"line":563,"column":26},"end":{"line":563,"column":36}},"226":{"start":{"line":565,"column":20},"end":{"line":565,"column":53}},"227":{"start":{"line":566,"column":4},"end":{"line":568,"column":5}},"228":{"start":{"line":567,"column":6},"end":{"line":567,"column":91}},"229":{"start":{"line":571,"column":4},"end":{"line":581,"column":7}},"230":{"start":{"line":573,"column":25},"end":{"line":573,"column":73}},"231":{"start":{"line":574,"column":25},"end":{"line":574,"column":80}},"232":{"start":{"line":576,"column":6},"end":{"line":580,"column":7}},"233":{"start":{"line":577,"column":8},"end":{"line":577,"column":34}},"234":{"start":{"line":578,"column":13},"end":{"line":580,"column":7}},"235":{"start":{"line":579,"column":8},"end":{"line":579,"column":34}},"236":{"start":{"line":583,"column":4},"end":{"line":583,"column":48}},"237":{"start":{"line":585,"column":4},"end":{"line":585,"column":96}},"238":{"start":{"line":587,"column":4},"end":{"line":587,"column":23}},"239":{"start":{"line":588,"column":4},"end":{"line":588,"column":96}},"240":{"start":{"line":593,"column":0},"end":{"line":638,"column":2}},"241":{"start":{"line":594,"column":2},"end":{"line":637,"column":3}},"242":{"start":{"line":595,"column":17},"end":{"line":595,"column":46}},"243":{"start":{"line":596,"column":18},"end":{"line":596,"column":20}},"244":{"start":{"line":597,"column":17},"end":{"line":597,"column":35}},"245":{"start":{"line":600,"column":19},"end":{"line":600,"column":21}},"246":{"start":{"line":602,"column":4},"end":{"line":604,"column":5}},"247":{"start":{"line":603,"column":6},"end":{"line":603,"column":39}},"248":{"start":{"line":606,"column":4},"end":{"line":612,"column":5}},"249":{"start":{"line":607,"column":6},"end":{"line":611,"column":8}},"250":{"start":{"line":615,"column":19},"end":{"line":619,"column":37}},"251":{"start":{"line":622,"column":18},"end":{"line":622,"column":52}},"252":{"start":{"line":624,"column":4},"end":{"line":632,"column":7}},"253":{"start":{"line":634,"column":4},"end":{"line":634,"column":23}},"254":{"start":{"line":635,"column":4},"end":{"line":635,"column":68}},"255":{"start":{"line":636,"column":4},"end":{"line":636,"column":27}},"256":{"start":{"line":640,"column":0},"end":{"line":677,"column":2}},"257":{"start":{"line":641,"column":2},"end":{"line":676,"column":3}},"258":{"start":{"line":642,"column":24},"end":{"line":642,"column":34}},"259":{"start":{"line":644,"column":18},"end":{"line":649,"column":43}},"260":{"start":{"line":651,"column":4},"end":{"line":654,"column":5}},"261":{"start":{"line":652,"column":6},"end":{"line":652,"column":53}},"262":{"start":{"line":653,"column":6},"end":{"line":653,"column":43}},"263":{"start":{"line":657,"column":4},"end":{"line":665,"column":5}},"264":{"start":{"line":658,"column":6},"end":{"line":664,"column":8}},"265":{"start":{"line":667,"column":4},"end":{"line":671,"column":7}},"266":{"start":{"line":673,"column":4},"end":{"line":673,"column":23}},"267":{"start":{"line":674,"column":4},"end":{"line":674,"column":67}},"268":{"start":{"line":675,"column":4},"end":{"line":675,"column":34}},"269":{"start":{"line":680,"column":0},"end":{"line":729,"column":2}},"270":{"start":{"line":681,"column":2},"end":{"line":728,"column":3}},"271":{"start":{"line":682,"column":24},"end":{"line":682,"column":34}},"272":{"start":{"line":683,"column":29},"end":{"line":683,"column":37}},"273":{"start":{"line":685,"column":18},"end":{"line":685,"column":47}},"274":{"start":{"line":686,"column":4},"end":{"line":688,"column":5}},"275":{"start":{"line":687,"column":6},"end":{"line":687,"column":91}},"276":{"start":{"line":691,"column":27},"end":{"line":691,"column":39}},"277":{"start":{"line":692,"column":4},"end":{"line":692,"column":26}},"278":{"start":{"line":695,"column":4},"end":{"line":699,"column":7}},"279":{"start":{"line":702,"column":4},"end":{"line":716,"column":5}},"280":{"start":{"line":704,"column":34},"end":{"line":704,"column":101}},"281":{"start":{"line":707,"column":19},"end":{"line":707,"column":50}},"282":{"start":{"line":708,"column":6},"end":{"line":715,"column":7}},"283":{"start":{"line":709,"column":8},"end":{"line":709,"column":50}},"284":{"start":{"line":710,"column":8},"end":{"line":710,"column":26}},"285":{"start":{"line":713,"column":8},"end":{"line":713,"column":42}},"286":{"start":{"line":714,"column":8},"end":{"line":714,"column":110}},"287":{"start":{"line":718,"column":4},"end":{"line":718,"column":23}},"288":{"start":{"line":720,"column":4},"end":{"line":724,"column":7}},"289":{"start":{"line":726,"column":4},"end":{"line":726,"column":23}},"290":{"start":{"line":727,"column":4},"end":{"line":727,"column":112}},"291":{"start":{"line":732,"column":0},"end":{"line":752,"column":2}},"292":{"start":{"line":733,"column":2},"end":{"line":751,"column":3}},"293":{"start":{"line":734,"column":24},"end":{"line":734,"column":34}},"294":{"start":{"line":736,"column":18},"end":{"line":736,"column":73}},"295":{"start":{"line":737,"column":4},"end":{"line":740,"column":5}},"296":{"start":{"line":738,"column":6},"end":{"line":738,"column":53}},"297":{"start":{"line":739,"column":6},"end":{"line":739,"column":43}},"298":{"start":{"line":742,"column":4},"end":{"line":746,"column":7}},"299":{"start":{"line":748,"column":4},"end":{"line":748,"column":23}},"300":{"start":{"line":749,"column":4},"end":{"line":749,"column":68}},"301":{"start":{"line":750,"column":4},"end":{"line":750,"column":34}},"302":{"start":{"line":755,"column":0},"end":{"line":798,"column":2}},"303":{"start":{"line":756,"column":2},"end":{"line":797,"column":3}},"304":{"start":{"line":757,"column":24},"end":{"line":757,"column":34}},"305":{"start":{"line":758,"column":29},"end":{"line":758,"column":37}},"306":{"start":{"line":760,"column":18},"end":{"line":760,"column":47}},"307":{"start":{"line":761,"column":4},"end":{"line":764,"column":5}},"308":{"start":{"line":762,"column":6},"end":{"line":762,"column":53}},"309":{"start":{"line":763,"column":6},"end":{"line":763,"column":43}},"310":{"start":{"line":765,"column":27},"end":{"line":765,"column":39}},"311":{"start":{"line":766,"column":4},"end":{"line":766,"column":26}},"312":{"start":{"line":767,"column":4},"end":{"line":771,"column":7}},"313":{"start":{"line":774,"column":4},"end":{"line":787,"column":5}},"314":{"start":{"line":776,"column":34},"end":{"line":776,"column":101}},"315":{"start":{"line":778,"column":19},"end":{"line":778,"column":50}},"316":{"start":{"line":779,"column":6},"end":{"line":786,"column":7}},"317":{"start":{"line":780,"column":8},"end":{"line":780,"column":50}},"318":{"start":{"line":781,"column":8},"end":{"line":781,"column":26}},"319":{"start":{"line":784,"column":8},"end":{"line":784,"column":42}},"320":{"start":{"line":785,"column":8},"end":{"line":785,"column":110}},"321":{"start":{"line":789,"column":4},"end":{"line":789,"column":23}},"322":{"start":{"line":791,"column":4},"end":{"line":791,"column":66}},"323":{"start":{"line":792,"column":4},"end":{"line":792,"column":45}},"324":{"start":{"line":794,"column":4},"end":{"line":794,"column":23}},"325":{"start":{"line":795,"column":4},"end":{"line":795,"column":63}},"326":{"start":{"line":796,"column":4},"end":{"line":796,"column":61}},"327":{"start":{"line":801,"column":0},"end":{"line":851,"column":2}},"328":{"start":{"line":802,"column":2},"end":{"line":850,"column":3}},"329":{"start":{"line":803,"column":17},"end":{"line":803,"column":46}},"330":{"start":{"line":804,"column":18},"end":{"line":804,"column":20}},"331":{"start":{"line":805,"column":17},"end":{"line":805,"column":35}},"332":{"start":{"line":808,"column":19},"end":{"line":808,"column":21}},"333":{"start":{"line":810,"column":4},"end":{"line":812,"column":5}},"334":{"start":{"line":811,"column":6},"end":{"line":811,"column":35}},"335":{"start":{"line":814,"column":4},"end":{"line":818,"column":5}},"336":{"start":{"line":815,"column":6},"end":{"line":815,"column":30}},"337":{"start":{"line":816,"column":11},"end":{"line":818,"column":5}},"338":{"start":{"line":817,"column":6},"end":{"line":817,"column":29}},"339":{"start":{"line":820,"column":4},"end":{"line":826,"column":5}},"340":{"start":{"line":821,"column":6},"end":{"line":825,"column":8}},"341":{"start":{"line":829,"column":18},"end":{"line":832,"column":19}},"342":{"start":{"line":835,"column":18},"end":{"line":835,"column":51}},"343":{"start":{"line":837,"column":4},"end":{"line":845,"column":7}},"344":{"start":{"line":847,"column":4},"end":{"line":847,"column":23}},"345":{"start":{"line":848,"column":4},"end":{"line":848,"column":70}},"346":{"start":{"line":849,"column":4},"end":{"line":849,"column":27}},"347":{"start":{"line":853,"column":0},"end":{"line":879,"column":2}},"348":{"start":{"line":854,"column":2},"end":{"line":878,"column":3}},"349":{"start":{"line":855,"column":23},"end":{"line":855,"column":33}},"350":{"start":{"line":857,"column":17},"end":{"line":857,"column":44}},"351":{"start":{"line":858,"column":4},"end":{"line":861,"column":5}},"352":{"start":{"line":859,"column":6},"end":{"line":859,"column":55}},"353":{"start":{"line":860,"column":6},"end":{"line":860,"column":42}},"354":{"start":{"line":864,"column":19},"end":{"line":866,"column":16}},"355":{"start":{"line":868,"column":4},"end":{"line":873,"column":7}},"356":{"start":{"line":875,"column":4},"end":{"line":875,"column":23}},"357":{"start":{"line":876,"column":4},"end":{"line":876,"column":70}},"358":{"start":{"line":877,"column":4},"end":{"line":877,"column":33}},"359":{"start":{"line":881,"column":0},"end":{"line":904,"column":2}},"360":{"start":{"line":882,"column":2},"end":{"line":903,"column":3}},"361":{"start":{"line":883,"column":23},"end":{"line":883,"column":33}},"362":{"start":{"line":884,"column":21},"end":{"line":884,"column":29}},"363":{"start":{"line":886,"column":4},"end":{"line":888,"column":5}},"364":{"start":{"line":887,"column":6},"end":{"line":887,"column":88}},"365":{"start":{"line":890,"column":4},"end":{"line":893,"column":6}},"366":{"start":{"line":895,"column":4},"end":{"line":899,"column":7}},"367":{"start":{"line":901,"column":4},"end":{"line":901,"column":23}},"368":{"start":{"line":902,"column":4},"end":{"line":902,"column":111}},"369":{"start":{"line":906,"column":0},"end":{"line":954,"column":2}},"370":{"start":{"line":907,"column":2},"end":{"line":953,"column":3}},"371":{"start":{"line":908,"column":23},"end":{"line":908,"column":33}},"372":{"start":{"line":909,"column":31},"end":{"line":909,"column":39}},"373":{"start":{"line":911,"column":17},"end":{"line":911,"column":44}},"374":{"start":{"line":912,"column":4},"end":{"line":914,"column":5}},"375":{"start":{"line":913,"column":6},"end":{"line":913,"column":93}},"376":{"start":{"line":917,"column":4},"end":{"line":919,"column":5}},"377":{"start":{"line":918,"column":6},"end":{"line":918,"column":111}},"378":{"start":{"line":921,"column":4},"end":{"line":946,"column":5}},"379":{"start":{"line":922,"column":6},"end":{"line":922,"column":27}},"380":{"start":{"line":923,"column":6},"end":{"line":923,"column":62}},"381":{"start":{"line":924,"column":6},"end":{"line":924,"column":33}},"382":{"start":{"line":925,"column":6},"end":{"line":925,"column":24}},"383":{"start":{"line":927,"column":6},"end":{"line":930,"column":9}},"384":{"start":{"line":931,"column":11},"end":{"line":946,"column":5}},"385":{"start":{"line":932,"column":6},"end":{"line":932,"column":28}},"386":{"start":{"line":933,"column":6},"end":{"line":933,"column":33}},"387":{"start":{"line":934,"column":6},"end":{"line":934,"column":32}},"388":{"start":{"line":935,"column":6},"end":{"line":935,"column":24}},"389":{"start":{"line":937,"column":6},"end":{"line":940,"column":9}},"390":{"start":{"line":942,"column":6},"end":{"line":945,"column":9}},"391":{"start":{"line":948,"column":4},"end":{"line":948,"column":23}},"392":{"start":{"line":949,"column":4},"end":{"line":952,"column":7}},"393":{"start":{"line":957,"column":0},"end":{"line":1002,"column":2}},"394":{"start":{"line":958,"column":2},"end":{"line":1001,"column":3}},"395":{"start":{"line":959,"column":17},"end":{"line":959,"column":46}},"396":{"start":{"line":960,"column":18},"end":{"line":960,"column":20}},"397":{"start":{"line":961,"column":17},"end":{"line":961,"column":35}},"398":{"start":{"line":964,"column":19},"end":{"line":964,"column":21}},"399":{"start":{"line":966,"column":4},"end":{"line":970,"column":5}},"400":{"start":{"line":967,"column":6},"end":{"line":967,"column":27}},"401":{"start":{"line":968,"column":11},"end":{"line":970,"column":5}},"402":{"start":{"line":969,"column":6},"end":{"line":969,"column":28}},"403":{"start":{"line":972,"column":4},"end":{"line":977,"column":5}},"404":{"start":{"line":973,"column":6},"end":{"line":976,"column":8}},"405":{"start":{"line":980,"column":20},"end":{"line":983,"column":19}},"406":{"start":{"line":986,"column":18},"end":{"line":986,"column":53}},"407":{"start":{"line":988,"column":4},"end":{"line":996,"column":7}},"408":{"start":{"line":998,"column":4},"end":{"line":998,"column":23}},"409":{"start":{"line":999,"column":4},"end":{"line":999,"column":71}},"410":{"start":{"line":1000,"column":4},"end":{"line":1000,"column":27}},"411":{"start":{"line":1004,"column":0},"end":{"line":1009,"column":2}},"412":{"start":{"line":1005,"column":2},"end":{"line":1008,"column":5}},"413":{"start":{"line":1011,"column":0},"end":{"line":1052,"column":2}},"414":{"start":{"line":1012,"column":2},"end":{"line":1051,"column":3}},"415":{"start":{"line":1022,"column":8},"end":{"line":1022,"column":16}},"416":{"start":{"line":1025,"column":27},"end":{"line":1025,"column":77}},"417":{"start":{"line":1026,"column":4},"end":{"line":1029,"column":5}},"418":{"start":{"line":1027,"column":6},"end":{"line":1027,"column":56}},"419":{"start":{"line":1028,"column":6},"end":{"line":1028,"column":48}},"420":{"start":{"line":1032,"column":19},"end":{"line":1041,"column":6}},"421":{"start":{"line":1043,"column":4},"end":{"line":1043,"column":24}},"422":{"start":{"line":1045,"column":4},"end":{"line":1045,"column":65}},"423":{"start":{"line":1046,"column":4},"end":{"line":1046,"column":35}},"424":{"start":{"line":1048,"column":4},"end":{"line":1048,"column":23}},"425":{"start":{"line":1049,"column":4},"end":{"line":1049,"column":62}},"426":{"start":{"line":1050,"column":4},"end":{"line":1050,"column":39}},"427":{"start":{"line":1054,"column":0},"end":{"line":1074,"column":2}},"428":{"start":{"line":1055,"column":2},"end":{"line":1073,"column":3}},"429":{"start":{"line":1056,"column":25},"end":{"line":1056,"column":35}},"430":{"start":{"line":1058,"column":19},"end":{"line":1058,"column":50}},"431":{"start":{"line":1059,"column":4},"end":{"line":1062,"column":5}},"432":{"start":{"line":1060,"column":6},"end":{"line":1060,"column":56}},"433":{"start":{"line":1061,"column":6},"end":{"line":1061,"column":44}},"434":{"start":{"line":1064,"column":4},"end":{"line":1068,"column":7}},"435":{"start":{"line":1070,"column":4},"end":{"line":1070,"column":23}},"436":{"start":{"line":1071,"column":4},"end":{"line":1071,"column":71}},"437":{"start":{"line":1072,"column":4},"end":{"line":1072,"column":35}},"438":{"start":{"line":1076,"column":0},"end":{"line":1113,"column":2}},"439":{"start":{"line":1077,"column":2},"end":{"line":1112,"column":3}},"440":{"start":{"line":1078,"column":25},"end":{"line":1078,"column":35}},"441":{"start":{"line":1087,"column":8},"end":{"line":1087,"column":16}},"442":{"start":{"line":1089,"column":19},"end":{"line":1089,"column":50}},"443":{"start":{"line":1090,"column":4},"end":{"line":1093,"column":5}},"444":{"start":{"line":1091,"column":6},"end":{"line":1091,"column":56}},"445":{"start":{"line":1092,"column":6},"end":{"line":1092,"column":44}},"446":{"start":{"line":1096,"column":4},"end":{"line":1096,"column":37}},"447":{"start":{"line":1097,"column":4},"end":{"line":1097,"column":43}},"448":{"start":{"line":1098,"column":4},"end":{"line":1098,"column":50}},"449":{"start":{"line":1099,"column":4},"end":{"line":1099,"column":43}},"450":{"start":{"line":1100,"column":4},"end":{"line":1100,"column":39}},"451":{"start":{"line":1101,"column":4},"end":{"line":1101,"column":56}},"452":{"start":{"line":1102,"column":4},"end":{"line":1102,"column":55}},"453":{"start":{"line":1104,"column":4},"end":{"line":1104,"column":24}},"454":{"start":{"line":1106,"column":4},"end":{"line":1106,"column":69}},"455":{"start":{"line":1107,"column":4},"end":{"line":1107,"column":35}},"456":{"start":{"line":1109,"column":4},"end":{"line":1109,"column":23}},"457":{"start":{"line":1110,"column":4},"end":{"line":1110,"column":66}},"458":{"start":{"line":1111,"column":4},"end":{"line":1111,"column":63}},"459":{"start":{"line":1115,"column":0},"end":{"line":1133,"column":2}},"460":{"start":{"line":1116,"column":2},"end":{"line":1132,"column":3}},"461":{"start":{"line":1117,"column":25},"end":{"line":1117,"column":35}},"462":{"start":{"line":1120,"column":19},"end":{"line":1120,"column":59}},"463":{"start":{"line":1121,"column":4},"end":{"line":1124,"column":5}},"464":{"start":{"line":1122,"column":6},"end":{"line":1122,"column":56}},"465":{"start":{"line":1123,"column":6},"end":{"line":1123,"column":44}},"466":{"start":{"line":1126,"column":4},"end":{"line":1126,"column":64}},"467":{"start":{"line":1127,"column":4},"end":{"line":1127,"column":35}},"468":{"start":{"line":1129,"column":4},"end":{"line":1129,"column":23}},"469":{"start":{"line":1130,"column":4},"end":{"line":1130,"column":61}},"470":{"start":{"line":1131,"column":4},"end":{"line":1131,"column":35}}},"fnMap":{"0":{"name":"(anonymous_0)","decl":{"start":{"line":9,"column":23},"end":{"line":9,"column":24}},"loc":{"start":{"line":9,"column":43},"end":{"line":65,"column":1}},"line":9},"1":{"name":"(anonymous_1)","decl":{"start":{"line":16,"column":39},"end":{"line":16,"column":40}},"loc":{"start":{"line":16,"column":57},"end":{"line":16,"column":82}},"line":16},"2":{"name":"(anonymous_2)","decl":{"start":{"line":68,"column":27},"end":{"line":68,"column":28}},"loc":{"start":{"line":68,"column":47},"end":{"line":193,"column":1}},"line":68},"3":{"name":"(anonymous_3)","decl":{"start":{"line":120,"column":39},"end":{"line":120,"column":40}},"loc":{"start":{"line":120,"column":57},"end":{"line":120,"column":82}},"line":120},"4":{"name":"(anonymous_4)","decl":{"start":{"line":144,"column":19},"end":{"line":144,"column":20}},"loc":{"start":{"line":144,"column":28},"end":{"line":147,"column":5}},"line":144},"5":{"name":"(anonymous_5)","decl":{"start":{"line":171,"column":23},"end":{"line":171,"column":24}},"loc":{"start":{"line":171,"column":30},"end":{"line":174,"column":5}},"line":171},"6":{"name":"(anonymous_6)","decl":{"start":{"line":196,"column":22},"end":{"line":196,"column":23}},"loc":{"start":{"line":196,"column":42},"end":{"line":240,"column":1}},"line":196},"7":{"name":"(anonymous_7)","decl":{"start":{"line":242,"column":24},"end":{"line":242,"column":25}},"loc":{"start":{"line":242,"column":44},"end":{"line":293,"column":1}},"line":242},"8":{"name":"(anonymous_8)","decl":{"start":{"line":256,"column":32},"end":{"line":256,"column":33}},"loc":{"start":{"line":256,"column":44},"end":{"line":260,"column":7}},"line":256},"9":{"name":"(anonymous_9)","decl":{"start":{"line":271,"column":28},"end":{"line":271,"column":29}},"loc":{"start":{"line":271,"column":37},"end":{"line":275,"column":7}},"line":271},"10":{"name":"(anonymous_10)","decl":{"start":{"line":295,"column":25},"end":{"line":295,"column":26}},"loc":{"start":{"line":295,"column":45},"end":{"line":407,"column":1}},"line":295},"11":{"name":"(anonymous_11)","decl":{"start":{"line":326,"column":24},"end":{"line":326,"column":25}},"loc":{"start":{"line":326,"column":32},"end":{"line":328,"column":7}},"line":326},"12":{"name":"(anonymous_12)","decl":{"start":{"line":377,"column":43},"end":{"line":377,"column":44}},"loc":{"start":{"line":377,"column":52},"end":{"line":379,"column":7}},"line":377},"13":{"name":"(anonymous_13)","decl":{"start":{"line":409,"column":25},"end":{"line":409,"column":26}},"loc":{"start":{"line":409,"column":45},"end":{"line":434,"column":1}},"line":409},"14":{"name":"(anonymous_14)","decl":{"start":{"line":436,"column":28},"end":{"line":436,"column":29}},"loc":{"start":{"line":436,"column":48},"end":{"line":559,"column":1}},"line":436},"15":{"name":"(anonymous_15)","decl":{"start":{"line":462,"column":24},"end":{"line":462,"column":25}},"loc":{"start":{"line":462,"column":32},"end":{"line":464,"column":7}},"line":462},"16":{"name":"(anonymous_16)","decl":{"start":{"line":473,"column":29},"end":{"line":473,"column":30}},"loc":{"start":{"line":473,"column":36},"end":{"line":478,"column":7}},"line":473},"17":{"name":"(anonymous_17)","decl":{"start":{"line":481,"column":45},"end":{"line":481,"column":46}},"loc":{"start":{"line":481,"column":52},"end":{"line":481,"column":81}},"line":481},"18":{"name":"(anonymous_18)","decl":{"start":{"line":533,"column":43},"end":{"line":533,"column":44}},"loc":{"start":{"line":533,"column":52},"end":{"line":535,"column":7}},"line":533},"19":{"name":"(anonymous_19)","decl":{"start":{"line":561,"column":24},"end":{"line":561,"column":25}},"loc":{"start":{"line":561,"column":44},"end":{"line":590,"column":1}},"line":561},"20":{"name":"(anonymous_20)","decl":{"start":{"line":571,"column":27},"end":{"line":571,"column":28}},"loc":{"start":{"line":571,"column":34},"end":{"line":581,"column":5}},"line":571},"21":{"name":"(anonymous_21)","decl":{"start":{"line":593,"column":20},"end":{"line":593,"column":21}},"loc":{"start":{"line":593,"column":40},"end":{"line":638,"column":1}},"line":593},"22":{"name":"(anonymous_22)","decl":{"start":{"line":640,"column":25},"end":{"line":640,"column":26}},"loc":{"start":{"line":640,"column":45},"end":{"line":677,"column":1}},"line":640},"23":{"name":"(anonymous_23)","decl":{"start":{"line":680,"column":28},"end":{"line":680,"column":29}},"loc":{"start":{"line":680,"column":48},"end":{"line":729,"column":1}},"line":680},"24":{"name":"(anonymous_24)","decl":{"start":{"line":732,"column":23},"end":{"line":732,"column":24}},"loc":{"start":{"line":732,"column":43},"end":{"line":752,"column":1}},"line":732},"25":{"name":"(anonymous_25)","decl":{"start":{"line":755,"column":26},"end":{"line":755,"column":27}},"loc":{"start":{"line":755,"column":46},"end":{"line":798,"column":1}},"line":755},"26":{"name":"(anonymous_26)","decl":{"start":{"line":801,"column":19},"end":{"line":801,"column":20}},"loc":{"start":{"line":801,"column":39},"end":{"line":851,"column":1}},"line":801},"27":{"name":"(anonymous_27)","decl":{"start":{"line":853,"column":24},"end":{"line":853,"column":25}},"loc":{"start":{"line":853,"column":44},"end":{"line":879,"column":1}},"line":853},"28":{"name":"(anonymous_28)","decl":{"start":{"line":881,"column":25},"end":{"line":881,"column":26}},"loc":{"start":{"line":881,"column":45},"end":{"line":904,"column":1}},"line":881},"29":{"name":"(anonymous_29)","decl":{"start":{"line":906,"column":27},"end":{"line":906,"column":28}},"loc":{"start":{"line":906,"column":47},"end":{"line":954,"column":1}},"line":906},"30":{"name":"(anonymous_30)","decl":{"start":{"line":957,"column":21},"end":{"line":957,"column":22}},"loc":{"start":{"line":957,"column":41},"end":{"line":1002,"column":1}},"line":957},"31":{"name":"(anonymous_31)","decl":{"start":{"line":1004,"column":23},"end":{"line":1004,"column":24}},"loc":{"start":{"line":1004,"column":37},"end":{"line":1009,"column":1}},"line":1004},"32":{"name":"(anonymous_32)","decl":{"start":{"line":1011,"column":24},"end":{"line":1011,"column":25}},"loc":{"start":{"line":1011,"column":44},"end":{"line":1052,"column":1}},"line":1011},"33":{"name":"(anonymous_33)","decl":{"start":{"line":1054,"column":24},"end":{"line":1054,"column":25}},"loc":{"start":{"line":1054,"column":44},"end":{"line":1074,"column":1}},"line":1054},"34":{"name":"(anonymous_34)","decl":{"start":{"line":1076,"column":27},"end":{"line":1076,"column":28}},"loc":{"start":{"line":1076,"column":47},"end":{"line":1113,"column":1}},"line":1076},"35":{"name":"(anonymous_35)","decl":{"start":{"line":1115,"column":23},"end":{"line":1115,"column":24}},"loc":{"start":{"line":1115,"column":43},"end":{"line":1133,"column":1}},"line":1115}},"branchMap":{"0":{"loc":{"start":{"line":76,"column":4},"end":{"line":109,"column":5}},"type":"switch","locations":[{"start":{"line":77,"column":6},"end":{"line":80,"column":14}},{"start":{"line":82,"column":6},"end":{"line":87,"column":14}},{"start":{"line":89,"column":6},"end":{"line":92,"column":14}},{"start":{"line":94,"column":6},"end":{"line":97,"column":14}},{"start":{"line":99,"column":6},"end":{"line":104,"column":14}},{"start":{"line":106,"column":6},"end":{"line":108,"column":33}}],"line":76},"1":{"loc":{"start":{"line":198,"column":17},"end":{"line":198,"column":46}},"type":"binary-expr","locations":[{"start":{"line":198,"column":17},"end":{"line":198,"column":41}},{"start":{"line":198,"column":45},"end":{"line":198,"column":46}}],"line":198},"2":{"loc":{"start":{"line":205,"column":4},"end":{"line":207,"column":5}},"type":"if","locations":[{"start":{"line":205,"column":4},"end":{"line":207,"column":5}},{"start":{},"end":{}}],"line":205},"3":{"loc":{"start":{"line":209,"column":4},"end":{"line":211,"column":5}},"type":"if","locations":[{"start":{"line":209,"column":4},"end":{"line":211,"column":5}},{"start":{},"end":{}}],"line":209},"4":{"loc":{"start":{"line":252,"column":4},"end":{"line":261,"column":5}},"type":"if","locations":[{"start":{"line":252,"column":4},"end":{"line":261,"column":5}},{"start":{"line":254,"column":11},"end":{"line":261,"column":5}}],"line":252},"5":{"loc":{"start":{"line":257,"column":8},"end":{"line":259,"column":9}},"type":"if","locations":[{"start":{"line":257,"column":8},"end":{"line":259,"column":9}},{"start":{},"end":{}}],"line":257},"6":{"loc":{"start":{"line":267,"column":4},"end":{"line":276,"column":5}},"type":"if","locations":[{"start":{"line":267,"column":4},"end":{"line":276,"column":5}},{"start":{"line":269,"column":11},"end":{"line":276,"column":5}}],"line":267},"7":{"loc":{"start":{"line":272,"column":8},"end":{"line":274,"column":9}},"type":"if","locations":[{"start":{"line":272,"column":8},"end":{"line":274,"column":9}},{"start":{},"end":{}}],"line":272},"8":{"loc":{"start":{"line":318,"column":4},"end":{"line":321,"column":5}},"type":"if","locations":[{"start":{"line":318,"column":4},"end":{"line":321,"column":5}},{"start":{},"end":{}}],"line":318},"9":{"loc":{"start":{"line":325,"column":4},"end":{"line":329,"column":5}},"type":"if","locations":[{"start":{"line":325,"column":4},"end":{"line":329,"column":5}},{"start":{},"end":{}}],"line":325},"10":{"loc":{"start":{"line":325,"column":8},"end":{"line":325,"column":41}},"type":"binary-expr","locations":[{"start":{"line":325,"column":8},"end":{"line":325,"column":17}},{"start":{"line":325,"column":21},"end":{"line":325,"column":41}}],"line":325},"11":{"loc":{"start":{"line":333,"column":4},"end":{"line":345,"column":5}},"type":"if","locations":[{"start":{"line":333,"column":4},"end":{"line":345,"column":5}},{"start":{},"end":{}}],"line":333},"12":{"loc":{"start":{"line":334,"column":24},"end":{"line":334,"column":104}},"type":"cond-expr","locations":[{"start":{"line":334,"column":61},"end":{"line":334,"column":80}},{"start":{"line":334,"column":83},"end":{"line":334,"column":104}}],"line":334},"13":{"loc":{"start":{"line":335,"column":25},"end":{"line":335,"column":108}},"type":"cond-expr","locations":[{"start":{"line":335,"column":63},"end":{"line":335,"column":83}},{"start":{"line":335,"column":86},"end":{"line":335,"column":108}}],"line":335},"14":{"loc":{"start":{"line":338,"column":8},"end":{"line":343,"column":9}},"type":"if","locations":[{"start":{"line":338,"column":8},"end":{"line":343,"column":9}},{"start":{},"end":{}}],"line":338},"15":{"loc":{"start":{"line":338,"column":12},"end":{"line":338,"column":41}},"type":"binary-expr","locations":[{"start":{"line":338,"column":12},"end":{"line":338,"column":24}},{"start":{"line":338,"column":28},"end":{"line":338,"column":41}}],"line":338},"16":{"loc":{"start":{"line":349,"column":4},"end":{"line":380,"column":5}},"type":"if","locations":[{"start":{"line":349,"column":4},"end":{"line":380,"column":5}},{"start":{},"end":{}}],"line":349},"17":{"loc":{"start":{"line":350,"column":27},"end":{"line":350,"column":89}},"type":"cond-expr","locations":[{"start":{"line":350,"column":58},"end":{"line":350,"column":71}},{"start":{"line":350,"column":74},"end":{"line":350,"column":89}}],"line":350},"18":{"loc":{"start":{"line":351,"column":28},"end":{"line":351,"column":93}},"type":"cond-expr","locations":[{"start":{"line":351,"column":60},"end":{"line":351,"column":74}},{"start":{"line":351,"column":77},"end":{"line":351,"column":93}}],"line":351},"19":{"loc":{"start":{"line":352,"column":31},"end":{"line":354,"column":36}},"type":"cond-expr","locations":[{"start":{"line":353,"column":10},"end":{"line":353,"column":34}},{"start":{"line":354,"column":10},"end":{"line":354,"column":36}}],"line":352},"20":{"loc":{"start":{"line":355,"column":28},"end":{"line":355,"column":93}},"type":"cond-expr","locations":[{"start":{"line":355,"column":60},"end":{"line":355,"column":74}},{"start":{"line":355,"column":77},"end":{"line":355,"column":93}}],"line":355},"21":{"loc":{"start":{"line":361,"column":8},"end":{"line":374,"column":9}},"type":"if","locations":[{"start":{"line":361,"column":8},"end":{"line":374,"column":9}},{"start":{},"end":{}}],"line":361},"22":{"loc":{"start":{"line":361,"column":12},"end":{"line":361,"column":47}},"type":"binary-expr","locations":[{"start":{"line":361,"column":12},"end":{"line":361,"column":27}},{"start":{"line":361,"column":31},"end":{"line":361,"column":47}}],"line":361},"23":{"loc":{"start":{"line":362,"column":10},"end":{"line":367,"column":11}},"type":"if","locations":[{"start":{"line":362,"column":10},"end":{"line":367,"column":11}},{"start":{},"end":{}}],"line":362},"24":{"loc":{"start":{"line":371,"column":29},"end":{"line":371,"column":86}},"type":"cond-expr","locations":[{"start":{"line":371,"column":51},"end":{"line":371,"column":82}},{"start":{"line":371,"column":85},"end":{"line":371,"column":86}}],"line":371},"25":{"loc":{"start":{"line":372,"column":19},"end":{"line":372,"column":68}},"type":"cond-expr","locations":[{"start":{"line":372,"column":38},"end":{"line":372,"column":64}},{"start":{"line":372,"column":67},"end":{"line":372,"column":68}}],"line":372},"26":{"loc":{"start":{"line":388,"column":21},"end":{"line":388,"column":74}},"type":"cond-expr","locations":[{"start":{"line":388,"column":37},"end":{"line":388,"column":62}},{"start":{"line":388,"column":65},"end":{"line":388,"column":74}}],"line":388},"27":{"loc":{"start":{"line":414,"column":4},"end":{"line":417,"column":5}},"type":"if","locations":[{"start":{"line":414,"column":4},"end":{"line":417,"column":5}},{"start":{},"end":{}}],"line":414},"28":{"loc":{"start":{"line":454,"column":4},"end":{"line":457,"column":5}},"type":"if","locations":[{"start":{"line":454,"column":4},"end":{"line":457,"column":5}},{"start":{},"end":{}}],"line":454},"29":{"loc":{"start":{"line":461,"column":4},"end":{"line":465,"column":5}},"type":"if","locations":[{"start":{"line":461,"column":4},"end":{"line":465,"column":5}},{"start":{},"end":{}}],"line":461},"30":{"loc":{"start":{"line":461,"column":8},"end":{"line":461,"column":41}},"type":"binary-expr","locations":[{"start":{"line":461,"column":8},"end":{"line":461,"column":17}},{"start":{"line":461,"column":21},"end":{"line":461,"column":41}}],"line":461},"31":{"loc":{"start":{"line":469,"column":4},"end":{"line":482,"column":5}},"type":"if","locations":[{"start":{"line":469,"column":4},"end":{"line":482,"column":5}},{"start":{},"end":{}}],"line":469},"32":{"loc":{"start":{"line":470,"column":29},"end":{"line":470,"column":88}},"type":"cond-expr","locations":[{"start":{"line":470,"column":59},"end":{"line":470,"column":71}},{"start":{"line":470,"column":74},"end":{"line":470,"column":88}}],"line":470},"33":{"loc":{"start":{"line":475,"column":8},"end":{"line":477,"column":9}},"type":"if","locations":[{"start":{"line":475,"column":8},"end":{"line":477,"column":9}},{"start":{},"end":{}}],"line":475},"34":{"loc":{"start":{"line":489,"column":4},"end":{"line":501,"column":5}},"type":"if","locations":[{"start":{"line":489,"column":4},"end":{"line":501,"column":5}},{"start":{},"end":{}}],"line":489},"35":{"loc":{"start":{"line":490,"column":24},"end":{"line":490,"column":104}},"type":"cond-expr","locations":[{"start":{"line":490,"column":61},"end":{"line":490,"column":80}},{"start":{"line":490,"column":83},"end":{"line":490,"column":104}}],"line":490},"36":{"loc":{"start":{"line":491,"column":25},"end":{"line":491,"column":108}},"type":"cond-expr","locations":[{"start":{"line":491,"column":63},"end":{"line":491,"column":83}},{"start":{"line":491,"column":86},"end":{"line":491,"column":108}}],"line":491},"37":{"loc":{"start":{"line":494,"column":8},"end":{"line":499,"column":9}},"type":"if","locations":[{"start":{"line":494,"column":8},"end":{"line":499,"column":9}},{"start":{},"end":{}}],"line":494},"38":{"loc":{"start":{"line":494,"column":12},"end":{"line":494,"column":41}},"type":"binary-expr","locations":[{"start":{"line":494,"column":12},"end":{"line":494,"column":24}},{"start":{"line":494,"column":28},"end":{"line":494,"column":41}}],"line":494},"39":{"loc":{"start":{"line":505,"column":4},"end":{"line":536,"column":5}},"type":"if","locations":[{"start":{"line":505,"column":4},"end":{"line":536,"column":5}},{"start":{},"end":{}}],"line":505},"40":{"loc":{"start":{"line":506,"column":27},"end":{"line":506,"column":89}},"type":"cond-expr","locations":[{"start":{"line":506,"column":58},"end":{"line":506,"column":71}},{"start":{"line":506,"column":74},"end":{"line":506,"column":89}}],"line":506},"41":{"loc":{"start":{"line":507,"column":28},"end":{"line":507,"column":93}},"type":"cond-expr","locations":[{"start":{"line":507,"column":60},"end":{"line":507,"column":74}},{"start":{"line":507,"column":77},"end":{"line":507,"column":93}}],"line":507},"42":{"loc":{"start":{"line":508,"column":31},"end":{"line":510,"column":36}},"type":"cond-expr","locations":[{"start":{"line":509,"column":10},"end":{"line":509,"column":34}},{"start":{"line":510,"column":10},"end":{"line":510,"column":36}}],"line":508},"43":{"loc":{"start":{"line":511,"column":28},"end":{"line":511,"column":93}},"type":"cond-expr","locations":[{"start":{"line":511,"column":60},"end":{"line":511,"column":74}},{"start":{"line":511,"column":77},"end":{"line":511,"column":93}}],"line":511},"44":{"loc":{"start":{"line":517,"column":8},"end":{"line":530,"column":9}},"type":"if","locations":[{"start":{"line":517,"column":8},"end":{"line":530,"column":9}},{"start":{},"end":{}}],"line":517},"45":{"loc":{"start":{"line":517,"column":12},"end":{"line":517,"column":47}},"type":"binary-expr","locations":[{"start":{"line":517,"column":12},"end":{"line":517,"column":27}},{"start":{"line":517,"column":31},"end":{"line":517,"column":47}}],"line":517},"46":{"loc":{"start":{"line":518,"column":10},"end":{"line":523,"column":11}},"type":"if","locations":[{"start":{"line":518,"column":10},"end":{"line":523,"column":11}},{"start":{},"end":{}}],"line":518},"47":{"loc":{"start":{"line":527,"column":29},"end":{"line":527,"column":86}},"type":"cond-expr","locations":[{"start":{"line":527,"column":51},"end":{"line":527,"column":82}},{"start":{"line":527,"column":85},"end":{"line":527,"column":86}}],"line":527},"48":{"loc":{"start":{"line":528,"column":19},"end":{"line":528,"column":68}},"type":"cond-expr","locations":[{"start":{"line":528,"column":38},"end":{"line":528,"column":64}},{"start":{"line":528,"column":67},"end":{"line":528,"column":68}}],"line":528},"49":{"loc":{"start":{"line":542,"column":28},"end":{"line":542,"column":81}},"type":"cond-expr","locations":[{"start":{"line":542,"column":44},"end":{"line":542,"column":69}},{"start":{"line":542,"column":72},"end":{"line":542,"column":81}}],"line":542},"50":{"loc":{"start":{"line":566,"column":4},"end":{"line":568,"column":5}},"type":"if","locations":[{"start":{"line":566,"column":4},"end":{"line":568,"column":5}},{"start":{},"end":{}}],"line":566},"51":{"loc":{"start":{"line":576,"column":6},"end":{"line":580,"column":7}},"type":"if","locations":[{"start":{"line":576,"column":6},"end":{"line":580,"column":7}},{"start":{"line":578,"column":13},"end":{"line":580,"column":7}}],"line":576},"52":{"loc":{"start":{"line":578,"column":13},"end":{"line":580,"column":7}},"type":"if","locations":[{"start":{"line":578,"column":13},"end":{"line":580,"column":7}},{"start":{},"end":{}}],"line":578},"53":{"loc":{"start":{"line":595,"column":17},"end":{"line":595,"column":46}},"type":"binary-expr","locations":[{"start":{"line":595,"column":17},"end":{"line":595,"column":41}},{"start":{"line":595,"column":45},"end":{"line":595,"column":46}}],"line":595},"54":{"loc":{"start":{"line":602,"column":4},"end":{"line":604,"column":5}},"type":"if","locations":[{"start":{"line":602,"column":4},"end":{"line":604,"column":5}},{"start":{},"end":{}}],"line":602},"55":{"loc":{"start":{"line":606,"column":4},"end":{"line":612,"column":5}},"type":"if","locations":[{"start":{"line":606,"column":4},"end":{"line":612,"column":5}},{"start":{},"end":{}}],"line":606},"56":{"loc":{"start":{"line":651,"column":4},"end":{"line":654,"column":5}},"type":"if","locations":[{"start":{"line":651,"column":4},"end":{"line":654,"column":5}},{"start":{},"end":{}}],"line":651},"57":{"loc":{"start":{"line":657,"column":4},"end":{"line":665,"column":5}},"type":"if","locations":[{"start":{"line":657,"column":4},"end":{"line":665,"column":5}},{"start":{},"end":{}}],"line":657},"58":{"loc":{"start":{"line":686,"column":4},"end":{"line":688,"column":5}},"type":"if","locations":[{"start":{"line":686,"column":4},"end":{"line":688,"column":5}},{"start":{},"end":{}}],"line":686},"59":{"loc":{"start":{"line":698,"column":12},"end":{"line":698,"column":74}},"type":"binary-expr","locations":[{"start":{"line":698,"column":12},"end":{"line":698,"column":16}},{"start":{"line":698,"column":20},"end":{"line":698,"column":74}}],"line":698},"60":{"loc":{"start":{"line":702,"column":4},"end":{"line":716,"column":5}},"type":"if","locations":[{"start":{"line":702,"column":4},"end":{"line":716,"column":5}},{"start":{},"end":{}}],"line":702},"61":{"loc":{"start":{"line":702,"column":8},"end":{"line":702,"column":64}},"type":"binary-expr","locations":[{"start":{"line":702,"column":8},"end":{"line":702,"column":30}},{"start":{"line":702,"column":34},"end":{"line":702,"column":64}}],"line":702},"62":{"loc":{"start":{"line":704,"column":34},"end":{"line":704,"column":101}},"type":"binary-expr","locations":[{"start":{"line":704,"column":34},"end":{"line":704,"column":59}},{"start":{"line":704,"column":63},"end":{"line":704,"column":101}}],"line":704},"63":{"loc":{"start":{"line":708,"column":6},"end":{"line":715,"column":7}},"type":"if","locations":[{"start":{"line":708,"column":6},"end":{"line":715,"column":7}},{"start":{},"end":{}}],"line":708},"64":{"loc":{"start":{"line":708,"column":10},"end":{"line":708,"column":45}},"type":"binary-expr","locations":[{"start":{"line":708,"column":10},"end":{"line":708,"column":14}},{"start":{"line":708,"column":18},"end":{"line":708,"column":45}}],"line":708},"65":{"loc":{"start":{"line":737,"column":4},"end":{"line":740,"column":5}},"type":"if","locations":[{"start":{"line":737,"column":4},"end":{"line":740,"column":5}},{"start":{},"end":{}}],"line":737},"66":{"loc":{"start":{"line":761,"column":4},"end":{"line":764,"column":5}},"type":"if","locations":[{"start":{"line":761,"column":4},"end":{"line":764,"column":5}},{"start":{},"end":{}}],"line":761},"67":{"loc":{"start":{"line":770,"column":12},"end":{"line":770,"column":74}},"type":"binary-expr","locations":[{"start":{"line":770,"column":12},"end":{"line":770,"column":16}},{"start":{"line":770,"column":20},"end":{"line":770,"column":74}}],"line":770},"68":{"loc":{"start":{"line":774,"column":4},"end":{"line":787,"column":5}},"type":"if","locations":[{"start":{"line":774,"column":4},"end":{"line":787,"column":5}},{"start":{},"end":{}}],"line":774},"69":{"loc":{"start":{"line":774,"column":8},"end":{"line":774,"column":64}},"type":"binary-expr","locations":[{"start":{"line":774,"column":8},"end":{"line":774,"column":30}},{"start":{"line":774,"column":34},"end":{"line":774,"column":64}}],"line":774},"70":{"loc":{"start":{"line":776,"column":34},"end":{"line":776,"column":101}},"type":"binary-expr","locations":[{"start":{"line":776,"column":34},"end":{"line":776,"column":59}},{"start":{"line":776,"column":63},"end":{"line":776,"column":101}}],"line":776},"71":{"loc":{"start":{"line":779,"column":6},"end":{"line":786,"column":7}},"type":"if","locations":[{"start":{"line":779,"column":6},"end":{"line":786,"column":7}},{"start":{},"end":{}}],"line":779},"72":{"loc":{"start":{"line":779,"column":10},"end":{"line":779,"column":45}},"type":"binary-expr","locations":[{"start":{"line":779,"column":10},"end":{"line":779,"column":14}},{"start":{"line":779,"column":18},"end":{"line":779,"column":45}}],"line":779},"73":{"loc":{"start":{"line":803,"column":17},"end":{"line":803,"column":46}},"type":"binary-expr","locations":[{"start":{"line":803,"column":17},"end":{"line":803,"column":41}},{"start":{"line":803,"column":45},"end":{"line":803,"column":46}}],"line":803},"74":{"loc":{"start":{"line":810,"column":4},"end":{"line":812,"column":5}},"type":"if","locations":[{"start":{"line":810,"column":4},"end":{"line":812,"column":5}},{"start":{},"end":{}}],"line":810},"75":{"loc":{"start":{"line":814,"column":4},"end":{"line":818,"column":5}},"type":"if","locations":[{"start":{"line":814,"column":4},"end":{"line":818,"column":5}},{"start":{"line":816,"column":11},"end":{"line":818,"column":5}}],"line":814},"76":{"loc":{"start":{"line":816,"column":11},"end":{"line":818,"column":5}},"type":"if","locations":[{"start":{"line":816,"column":11},"end":{"line":818,"column":5}},{"start":{},"end":{}}],"line":816},"77":{"loc":{"start":{"line":820,"column":4},"end":{"line":826,"column":5}},"type":"if","locations":[{"start":{"line":820,"column":4},"end":{"line":826,"column":5}},{"start":{},"end":{}}],"line":820},"78":{"loc":{"start":{"line":858,"column":4},"end":{"line":861,"column":5}},"type":"if","locations":[{"start":{"line":858,"column":4},"end":{"line":861,"column":5}},{"start":{},"end":{}}],"line":858},"79":{"loc":{"start":{"line":886,"column":4},"end":{"line":888,"column":5}},"type":"if","locations":[{"start":{"line":886,"column":4},"end":{"line":888,"column":5}},{"start":{},"end":{}}],"line":886},"80":{"loc":{"start":{"line":912,"column":4},"end":{"line":914,"column":5}},"type":"if","locations":[{"start":{"line":912,"column":4},"end":{"line":914,"column":5}},{"start":{},"end":{}}],"line":912},"81":{"loc":{"start":{"line":917,"column":4},"end":{"line":919,"column":5}},"type":"if","locations":[{"start":{"line":917,"column":4},"end":{"line":919,"column":5}},{"start":{},"end":{}}],"line":917},"82":{"loc":{"start":{"line":921,"column":4},"end":{"line":946,"column":5}},"type":"if","locations":[{"start":{"line":921,"column":4},"end":{"line":946,"column":5}},{"start":{"line":931,"column":11},"end":{"line":946,"column":5}}],"line":921},"83":{"loc":{"start":{"line":923,"column":23},"end":{"line":923,"column":61}},"type":"binary-expr","locations":[{"start":{"line":923,"column":23},"end":{"line":923,"column":29}},{"start":{"line":923,"column":33},"end":{"line":923,"column":61}}],"line":923},"84":{"loc":{"start":{"line":931,"column":11},"end":{"line":946,"column":5}},"type":"if","locations":[{"start":{"line":931,"column":11},"end":{"line":946,"column":5}},{"start":{"line":941,"column":11},"end":{"line":946,"column":5}}],"line":931},"85":{"loc":{"start":{"line":959,"column":17},"end":{"line":959,"column":46}},"type":"binary-expr","locations":[{"start":{"line":959,"column":17},"end":{"line":959,"column":41}},{"start":{"line":959,"column":45},"end":{"line":959,"column":46}}],"line":959},"86":{"loc":{"start":{"line":966,"column":4},"end":{"line":970,"column":5}},"type":"if","locations":[{"start":{"line":966,"column":4},"end":{"line":970,"column":5}},{"start":{"line":968,"column":11},"end":{"line":970,"column":5}}],"line":966},"87":{"loc":{"start":{"line":968,"column":11},"end":{"line":970,"column":5}},"type":"if","locations":[{"start":{"line":968,"column":11},"end":{"line":970,"column":5}},{"start":{},"end":{}}],"line":968},"88":{"loc":{"start":{"line":972,"column":4},"end":{"line":977,"column":5}},"type":"if","locations":[{"start":{"line":972,"column":4},"end":{"line":977,"column":5}},{"start":{},"end":{}}],"line":972},"89":{"loc":{"start":{"line":1026,"column":4},"end":{"line":1029,"column":5}},"type":"if","locations":[{"start":{"line":1026,"column":4},"end":{"line":1029,"column":5}},{"start":{},"end":{}}],"line":1026},"90":{"loc":{"start":{"line":1036,"column":17},"end":{"line":1036,"column":43}},"type":"binary-expr","locations":[{"start":{"line":1036,"column":17},"end":{"line":1036,"column":38}},{"start":{"line":1036,"column":42},"end":{"line":1036,"column":43}}],"line":1036},"91":{"loc":{"start":{"line":1039,"column":15},"end":{"line":1039,"column":49}},"type":"cond-expr","locations":[{"start":{"line":1039,"column":25},"end":{"line":1039,"column":42}},{"start":{"line":1039,"column":45},"end":{"line":1039,"column":49}}],"line":1039},"92":{"loc":{"start":{"line":1040,"column":14},"end":{"line":1040,"column":48}},"type":"binary-expr","locations":[{"start":{"line":1040,"column":14},"end":{"line":1040,"column":29}},{"start":{"line":1040,"column":33},"end":{"line":1040,"column":48}}],"line":1040},"93":{"loc":{"start":{"line":1059,"column":4},"end":{"line":1062,"column":5}},"type":"if","locations":[{"start":{"line":1059,"column":4},"end":{"line":1062,"column":5}},{"start":{},"end":{}}],"line":1059},"94":{"loc":{"start":{"line":1090,"column":4},"end":{"line":1093,"column":5}},"type":"if","locations":[{"start":{"line":1090,"column":4},"end":{"line":1093,"column":5}},{"start":{},"end":{}}],"line":1090},"95":{"loc":{"start":{"line":1098,"column":23},"end":{"line":1098,"column":49}},"type":"binary-expr","locations":[{"start":{"line":1098,"column":23},"end":{"line":1098,"column":44}},{"start":{"line":1098,"column":48},"end":{"line":1098,"column":49}}],"line":1098},"96":{"loc":{"start":{"line":1101,"column":21},"end":{"line":1101,"column":55}},"type":"cond-expr","locations":[{"start":{"line":1101,"column":31},"end":{"line":1101,"column":48}},{"start":{"line":1101,"column":51},"end":{"line":1101,"column":55}}],"line":1101},"97":{"loc":{"start":{"line":1102,"column":20},"end":{"line":1102,"column":54}},"type":"binary-expr","locations":[{"start":{"line":1102,"column":20},"end":{"line":1102,"column":35}},{"start":{"line":1102,"column":39},"end":{"line":1102,"column":54}}],"line":1102},"98":{"loc":{"start":{"line":1121,"column":4},"end":{"line":1124,"column":5}},"type":"if","locations":[{"start":{"line":1121,"column":4},"end":{"line":1124,"column":5}},{"start":{},"end":{}}],"line":1121}},"s":{"0":0,"1":0,"2":0,"3":0,"4":0,"5":0,"6":0,"7":0,"8":0,"9":0,"10":0,"11":0,"12":0,"13":0,"14":0,"15":0,"16":0,"17":0,"18":0,"19":0,"20":0,"21":0,"22":0,"23":0,"24":0,"25":0,"26":0,"27":0,"28":0,"29":0,"30":0,"31":0,"32":0,"33":0,"34":0,"35":0,"36":0,"37":0,"38":0,"39":0,"40":0,"41":0,"42":0,"43":0,"44":0,"45":0,"46":0,"47":0,"48":0,"49":0,"50":0,"51":0,"52":0,"53":0,"54":0,"55":0,"56":0,"57":0,"58":0,"59":0,"60":0,"61":0,"62":0,"63":0,"64":0,"65":0,"66":0,"67":0,"68":0,"69":0,"70":0,"71":0,"72":0,"73":0,"74":0,"75":0,"76":0,"77":0,"78":0,"79":0,"80":0,"81":0,"82":0,"83":0,"84":0,"85":0,"86":0,"87":0,"88":0,"89":0,"90":0,"91":0,"92":0,"93":0,"94":0,"95":0,"96":0,"97":0,"98":0,"99":0,"100":0,"101":0,"102":0,"103":0,"104":0,"105":0,"106":0,"107":0,"108":0,"109":0,"110":0,"111":0,"112":0,"113":0,"114":0,"115":0,"116":0,"117":0,"118":0,"119":0,"120":0,"121":0,"122":0,"123":0,"124":0,"125":0,"126":0,"127":0,"128":0,"129":0,"130":0,"131":0,"132":0,"133":0,"134":0,"135":0,"136":0,"137":0,"138":0,"139":0,"140":0,"141":0,"142":0,"143":0,"144":0,"145":0,"146":0,"147":0,"148":0,"149":0,"150":0,"151":0,"152":0,"153":0,"154":0,"155":0,"156":0,"157":0,"158":0,"159":0,"160":0,"161":0,"162":0,"163":0,"164":0,"165":0,"166":0,"167":0,"168":0,"169":0,"170":0,"171":0,"172":0,"173":0,"174":0,"175":0,"176":0,"177":0,"178":0,"179":0,"180":0,"181":0,"182":0,"183":0,"184":0,"185":0,"186":0,"187":0,"188":0,"189":0,"190":0,"191":0,"192":0,"193":0,"194":0,"195":0,"196":0,"197":0,"198":0,"199":0,"200":0,"201":0,"202":0,"203":0,"204":0,"205":0,"206":0,"207":0,"208":0,"209":0,"210":0,"211":0,"212":0,"213":0,"214":0,"215":0,"216":0,"217":0,"218":0,"219":0,"220":0,"221":0,"222":0,"223":0,"224":0,"225":0,"226":0,"227":0,"228":0,"229":0,"230":0,"231":0,"232":0,"233":0,"234":0,"235":0,"236":0,"237":0,"238":0,"239":0,"240":0,"241":0,"242":0,"243":0,"244":0,"245":0,"246":0,"247":0,"248":0,"249":0,"250":0,"251":0,"252":0,"253":0,"254":0,"255":0,"256":0,"257":0,"258":0,"259":0,"260":0,"261":0,"262":0,"263":0,"264":0,"265":0,"266":0,"267":0,"268":0,"269":0,"270":0,"271":0,"272":0,"273":0,"274":0,"275":0,"276":0,"277":0,"278":0,"279":0,"280":0,"281":0,"282":0,"283":0,"284":0,"285":0,"286":0,"287":0,"288":0,"289":0,"290":0,"291":0,"292":0,"293":0,"294":0,"295":0,"296":0,"297":0,"298":0,"299":0,"300":0,"301":0,"302":0,"303":0,"304":0,"305":0,"306":0,"307":0,"308":0,"309":0,"310":0,"311":0,"312":0,"313":0,"314":0,"315":0,"316":0,"317":0,"318":0,"319":0,"320":0,"321":0,"322":0,"323":0,"324":0,"325":0,"326":0,"327":0,"328":0,"329":0,"330":0,"331":0,"332":0,"333":0,"334":0,"335":0,"336":0,"337":0,"338":0,"339":0,"340":0,"341":0,"342":0,"343":0,"344":0,"345":0,"346":0,"347":0,"348":0,"349":0,"350":0,"351":0,"352":0,"353":0,"354":0,"355":0,"356":0,"357":0,"358":0,"359":0,"360":0,"361":0,"362":0,"363":0,"364":0,"365":0,"366":0,"367":0,"368":0,"369":0,"370":0,"371":0,"372":0,"373":0,"374":0,"375":0,"376":0,"377":0,"378":0,"379":0,"380":0,"381":0,"382":0,"383":0,"384":0,"385":0,"386":0,"387":0,"388":0,"389":0,"390":0,"391":0,"392":0,"393":0,"394":0,"395":0,"396":0,"397":0,"398":0,"399":0,"400":0,"401":0,"402":0,"403":0,"404":0,"405":0,"406":0,"407":0,"408":0,"409":0,"410":0,"411":0,"412":0,"413":0,"414":0,"415":0,"416":0,"417":0,"418":0,"419":0,"420":0,"421":0,"422":0,"423":0,"424":0,"425":0,"426":0,"427":0,"428":0,"429":0,"430":0,"431":0,"432":0,"433":0,"434":0,"435":0,"436":0,"437":0,"438":0,"439":0,"440":0,"441":0,"442":0,"443":0,"444":0,"445":0,"446":0,"447":0,"448":0,"449":0,"450":0,"451":0,"452":0,"453":0,"454":0,"455":0,"456":0,"457":0,"458":0,"459":0,"460":0,"461":0,"462":0,"463":0,"464":0,"465":0,"466":0,"467":0,"468":0,"469":0,"470":0},"f":{"0":0,"1":0,"2":0,"3":0,"4":0,"5":0,"6":0,"7":0,"8":0,"9":0,"10":0,"11":0,"12":0,"13":0,"14":0,"15":0,"16":0,"17":0,"18":0,"19":0,"20":0,"21":0,"22":0,"23":0,"24":0,"25":0,"26":0,"27":0,"28":0,"29":0,"30":0,"31":0,"32":0,"33":0,"34":0,"35":0},"b":{"0":[0,0,0,0,0,0],"1":[0,0],"2":[0,0],"3":[0,0],"4":[0,0],"5":[0,0],"6":[0,0],"7":[0,0],"8":[0,0],"9":[0,0],"10":[0,0],"11":[0,0],"12":[0,0],"13":[0,0],"14":[0,0],"15":[0,0],"16":[0,0],"17":[0,0],"18":[0,0],"19":[0,0],"20":[0,0],"21":[0,0],"22":[0,0],"23":[0,0],"24":[0,0],"25":[0,0],"26":[0,0],"27":[0,0],"28":[0,0],"29":[0,0],"30":[0,0],"31":[0,0],"32":[0,0],"33":[0,0],"34":[0,0],"35":[0,0],"36":[0,0],"37":[0,0],"38":[0,0],"39":[0,0],"40":[0,0],"41":[0,0],"42":[0,0],"43":[0,0],"44":[0,0],"45":[0,0],"46":[0,0],"47":[0,0],"48":[0,0],"49":[0,0],"50":[0,0],"51":[0,0],"52":[0,0],"53":[0,0],"54":[0,0],"55":[0,0],"56":[0,0],"57":[0,0],"58":[0,0],"59":[0,0],"60":[0,0],"61":[0,0],"62":[0,0],"63":[0,0],"64":[0,0],"65":[0,0],"66":[0,0],"67":[0,0],"68":[0,0],"69":[0,0],"70":[0,0],"71":[0,0],"72":[0,0],"73":[0,0],"74":[0,0],"75":[0,0],"76":[0,0],"77":[0,0],"78":[0,0],"79":[0,0],"80":[0,0],"81":[0,0],"82":[0,0],"83":[0,0],"84":[0,0],"85":[0,0],"86":[0,0],"87":[0,0],"88":[0,0],"89":[0,0],"90":[0,0],"91":[0,0],"92":[0,0],"93":[0,0],"94":[0,0],"95":[0,0],"96":[0,0],"97":[0,0],"98":[0,0]}}
,"D:\\Code\\Nodejs\\Final_NodeJS\\controllers\\auth.js": {"path":"D:\\Code\\Nodejs\\Final_NodeJS\\controllers\\auth.js","statementMap":{"0":{"start":{"line":1,"column":13},"end":{"line":1,"column":38}},"1":{"start":{"line":2,"column":13},"end":{"line":2,"column":38}},"2":{"start":{"line":3,"column":15},"end":{"line":3,"column":34}},"3":{"start":{"line":4,"column":17},"end":{"line":4,"column":36}},"4":{"start":{"line":5,"column":15},"end":{"line":5,"column":32}},"5":{"start":{"line":6,"column":29},"end":{"line":6,"column":57}},"6":{"start":{"line":7,"column":27},"end":{"line":7,"column":61}},"7":{"start":{"line":10,"column":15},"end":{"line":10,"column":47}},"8":{"start":{"line":13,"column":0},"end":{"line":34,"column":2}},"9":{"start":{"line":14,"column":2},"end":{"line":16,"column":3}},"10":{"start":{"line":15,"column":4},"end":{"line":15,"column":29}},"11":{"start":{"line":18,"column":19},"end":{"line":18,"column":44}},"12":{"start":{"line":19,"column":19},"end":{"line":19,"column":46}},"13":{"start":{"line":20,"column":17},"end":{"line":20,"column":35}},"14":{"start":{"line":23,"column":2},"end":{"line":25,"column":3}},"15":{"start":{"line":24,"column":4},"end":{"line":24,"column":101}},"16":{"start":{"line":27,"column":2},"end":{"line":33,"column":5}},"17":{"start":{"line":36,"column":0},"end":{"line":74,"column":2}},"18":{"start":{"line":37,"column":19},"end":{"line":37,"column":44}},"19":{"start":{"line":40,"column":2},"end":{"line":73,"column":21}},"20":{"start":{"line":41,"column":4},"end":{"line":43,"column":5}},"21":{"start":{"line":42,"column":6},"end":{"line":42,"column":23}},"22":{"start":{"line":43,"column":9},"end":{"line":52,"column":5}},"23":{"start":{"line":44,"column":27},"end":{"line":44,"column":76}},"24":{"start":{"line":45,"column":6},"end":{"line":45,"column":39}},"25":{"start":{"line":46,"column":6},"end":{"line":51,"column":9}},"26":{"start":{"line":53,"column":4},"end":{"line":56,"column":5}},"27":{"start":{"line":55,"column":6},"end":{"line":55,"column":53}},"28":{"start":{"line":59,"column":4},"end":{"line":72,"column":7}},"29":{"start":{"line":60,"column":6},"end":{"line":62,"column":7}},"30":{"start":{"line":61,"column":8},"end":{"line":61,"column":25}},"31":{"start":{"line":65,"column":6},"end":{"line":69,"column":7}},"32":{"start":{"line":66,"column":8},"end":{"line":66,"column":44}},"33":{"start":{"line":68,"column":8},"end":{"line":68,"column":61}},"34":{"start":{"line":71,"column":6},"end":{"line":71,"column":36}},"35":{"start":{"line":77,"column":0},"end":{"line":87,"column":2}},"36":{"start":{"line":78,"column":2},"end":{"line":80,"column":3}},"37":{"start":{"line":79,"column":4},"end":{"line":79,"column":29}},"38":{"start":{"line":82,"column":2},"end":{"line":86,"column":5}},"39":{"start":{"line":89,"column":0},"end":{"line":161,"column":2}},"40":{"start":{"line":90,"column":36},"end":{"line":90,"column":44}},"41":{"start":{"line":93,"column":17},"end":{"line":93,"column":38}},"42":{"start":{"line":94,"column":2},"end":{"line":103,"column":3}},"43":{"start":{"line":95,"column":4},"end":{"line":95,"column":46}},"44":{"start":{"line":96,"column":4},"end":{"line":102,"column":7}},"45":{"start":{"line":105,"column":2},"end":{"line":160,"column":3}},"46":{"start":{"line":107,"column":25},"end":{"line":107,"column":54}},"47":{"start":{"line":108,"column":4},"end":{"line":117,"column":5}},"48":{"start":{"line":109,"column":6},"end":{"line":109,"column":75}},"49":{"start":{"line":110,"column":6},"end":{"line":116,"column":9}},"50":{"start":{"line":120,"column":27},"end":{"line":120,"column":58}},"51":{"start":{"line":123,"column":20},"end":{"line":128,"column":6}},"52":{"start":{"line":130,"column":4},"end":{"line":130,"column":25}},"53":{"start":{"line":133,"column":4},"end":{"line":143,"column":5}},"54":{"start":{"line":134,"column":24},"end":{"line":134,"column":77}},"55":{"start":{"line":136,"column":6},"end":{"line":142,"column":7}},"56":{"start":{"line":137,"column":8},"end":{"line":137,"column":37}},"57":{"start":{"line":138,"column":8},"end":{"line":138,"column":35}},"58":{"start":{"line":139,"column":8},"end":{"line":139,"column":31}},"59":{"start":{"line":141,"column":8},"end":{"line":141,"column":34}},"60":{"start":{"line":146,"column":4},"end":{"line":155,"column":7}},"61":{"start":{"line":147,"column":6},"end":{"line":151,"column":7}},"62":{"start":{"line":148,"column":8},"end":{"line":148,"column":67}},"63":{"start":{"line":149,"column":8},"end":{"line":149,"column":72}},"64":{"start":{"line":150,"column":8},"end":{"line":150,"column":43}},"65":{"start":{"line":153,"column":6},"end":{"line":153,"column":50}},"66":{"start":{"line":154,"column":6},"end":{"line":154,"column":24}},"67":{"start":{"line":157,"column":4},"end":{"line":157,"column":46}},"68":{"start":{"line":158,"column":4},"end":{"line":158,"column":71}},"69":{"start":{"line":159,"column":4},"end":{"line":159,"column":35}},"70":{"start":{"line":164,"column":0},"end":{"line":175,"column":2}},"71":{"start":{"line":166,"column":2},"end":{"line":168,"column":3}},"72":{"start":{"line":167,"column":4},"end":{"line":167,"column":46}},"73":{"start":{"line":170,"column":2},"end":{"line":170,"column":76}},"74":{"start":{"line":172,"column":2},"end":{"line":174,"column":21}},"75":{"start":{"line":177,"column":0},"end":{"line":209,"column":2}},"76":{"start":{"line":178,"column":19},"end":{"line":178,"column":46}},"77":{"start":{"line":179,"column":2},"end":{"line":179,"column":30}},"78":{"start":{"line":181,"column":2},"end":{"line":181,"column":70}},"79":{"start":{"line":182,"column":2},"end":{"line":182,"column":48}},"80":{"start":{"line":184,"column":2},"end":{"line":208,"column":21}},"81":{"start":{"line":185,"column":4},"end":{"line":187,"column":5}},"82":{"start":{"line":186,"column":6},"end":{"line":186,"column":23}},"83":{"start":{"line":189,"column":4},"end":{"line":192,"column":5}},"84":{"start":{"line":190,"column":6},"end":{"line":190,"column":60}},"85":{"start":{"line":191,"column":6},"end":{"line":191,"column":41}},"86":{"start":{"line":194,"column":4},"end":{"line":197,"column":5}},"87":{"start":{"line":195,"column":6},"end":{"line":195,"column":112}},"88":{"start":{"line":196,"column":6},"end":{"line":196,"column":53}},"89":{"start":{"line":200,"column":4},"end":{"line":207,"column":7}},"90":{"start":{"line":201,"column":6},"end":{"line":203,"column":7}},"91":{"start":{"line":202,"column":8},"end":{"line":202,"column":25}},"92":{"start":{"line":205,"column":6},"end":{"line":205,"column":52}},"93":{"start":{"line":206,"column":6},"end":{"line":206,"column":36}},"94":{"start":{"line":212,"column":0},"end":{"line":218,"column":2}},"95":{"start":{"line":213,"column":2},"end":{"line":217,"column":5}},"96":{"start":{"line":220,"column":0},"end":{"line":267,"column":2}},"97":{"start":{"line":221,"column":20},"end":{"line":221,"column":28}},"98":{"start":{"line":223,"column":2},"end":{"line":266,"column":3}},"99":{"start":{"line":224,"column":4},"end":{"line":224,"column":64}},"100":{"start":{"line":227,"column":17},"end":{"line":227,"column":46}},"101":{"start":{"line":228,"column":4},"end":{"line":232,"column":5}},"102":{"start":{"line":229,"column":6},"end":{"line":229,"column":59}},"103":{"start":{"line":230,"column":6},"end":{"line":230,"column":120}},"104":{"start":{"line":231,"column":6},"end":{"line":231,"column":51}},"105":{"start":{"line":235,"column":18},"end":{"line":235,"column":56}},"106":{"start":{"line":236,"column":4},"end":{"line":236,"column":28}},"107":{"start":{"line":237,"column":4},"end":{"line":237,"column":53}},"108":{"start":{"line":239,"column":4},"end":{"line":239,"column":22}},"109":{"start":{"line":240,"column":4},"end":{"line":240,"column":63}},"110":{"start":{"line":243,"column":21},"end":{"line":243,"column":88}},"111":{"start":{"line":244,"column":4},"end":{"line":244,"column":52}},"112":{"start":{"line":246,"column":4},"end":{"line":259,"column":5}},"113":{"start":{"line":247,"column":24},"end":{"line":247,"column":81}},"114":{"start":{"line":249,"column":6},"end":{"line":255,"column":7}},"115":{"start":{"line":250,"column":8},"end":{"line":250,"column":75}},"116":{"start":{"line":251,"column":8},"end":{"line":251,"column":131}},"117":{"start":{"line":253,"column":8},"end":{"line":253,"column":72}},"118":{"start":{"line":254,"column":8},"end":{"line":254,"column":112}},"119":{"start":{"line":257,"column":6},"end":{"line":257,"column":56}},"120":{"start":{"line":258,"column":6},"end":{"line":258,"column":98}},"121":{"start":{"line":261,"column":4},"end":{"line":261,"column":42}},"122":{"start":{"line":263,"column":4},"end":{"line":263,"column":49}},"123":{"start":{"line":264,"column":4},"end":{"line":264,"column":92}},"124":{"start":{"line":265,"column":4},"end":{"line":265,"column":42}},"125":{"start":{"line":270,"column":0},"end":{"line":295,"column":2}},"126":{"start":{"line":271,"column":20},"end":{"line":271,"column":30}},"127":{"start":{"line":273,"column":2},"end":{"line":294,"column":3}},"128":{"start":{"line":275,"column":17},"end":{"line":278,"column":6}},"129":{"start":{"line":280,"column":4},"end":{"line":283,"column":5}},"130":{"start":{"line":281,"column":6},"end":{"line":281,"column":67}},"131":{"start":{"line":282,"column":6},"end":{"line":282,"column":51}},"132":{"start":{"line":285,"column":4},"end":{"line":289,"column":7}},"133":{"start":{"line":291,"column":4},"end":{"line":291,"column":48}},"134":{"start":{"line":292,"column":4},"end":{"line":292,"column":59}},"135":{"start":{"line":293,"column":4},"end":{"line":293,"column":42}},"136":{"start":{"line":297,"column":0},"end":{"line":333,"column":2}},"137":{"start":{"line":298,"column":47},"end":{"line":298,"column":55}},"138":{"start":{"line":301,"column":2},"end":{"line":304,"column":3}},"139":{"start":{"line":302,"column":4},"end":{"line":302,"column":47}},"140":{"start":{"line":303,"column":4},"end":{"line":303,"column":57}},"141":{"start":{"line":306,"column":2},"end":{"line":332,"column":3}},"142":{"start":{"line":308,"column":17},"end":{"line":311,"column":6}},"143":{"start":{"line":313,"column":4},"end":{"line":316,"column":5}},"144":{"start":{"line":314,"column":6},"end":{"line":314,"column":67}},"145":{"start":{"line":315,"column":6},"end":{"line":315,"column":51}},"146":{"start":{"line":319,"column":27},"end":{"line":319,"column":58}},"147":{"start":{"line":320,"column":4},"end":{"line":320,"column":35}},"148":{"start":{"line":321,"column":4},"end":{"line":321,"column":32}},"149":{"start":{"line":322,"column":4},"end":{"line":322,"column":42}},"150":{"start":{"line":324,"column":4},"end":{"line":324,"column":22}},"151":{"start":{"line":326,"column":4},"end":{"line":326,"column":85}},"152":{"start":{"line":327,"column":4},"end":{"line":327,"column":32}},"153":{"start":{"line":329,"column":4},"end":{"line":329,"column":48}},"154":{"start":{"line":330,"column":4},"end":{"line":330,"column":80}},"155":{"start":{"line":331,"column":4},"end":{"line":331,"column":50}},"156":{"start":{"line":336,"column":0},"end":{"line":344,"column":2}},"157":{"start":{"line":337,"column":2},"end":{"line":343,"column":5}},"158":{"start":{"line":338,"column":4},"end":{"line":340,"column":5}},"159":{"start":{"line":339,"column":6},"end":{"line":339,"column":42}},"160":{"start":{"line":342,"column":4},"end":{"line":342,"column":22}}},"fnMap":{"0":{"name":"(anonymous_0)","decl":{"start":{"line":13,"column":19},"end":{"line":13,"column":20}},"loc":{"start":{"line":13,"column":33},"end":{"line":34,"column":1}},"line":13},"1":{"name":"(anonymous_1)","decl":{"start":{"line":36,"column":20},"end":{"line":36,"column":21}},"loc":{"start":{"line":36,"column":40},"end":{"line":74,"column":1}},"line":36},"2":{"name":"(anonymous_2)","decl":{"start":{"line":40,"column":33},"end":{"line":40,"column":34}},"loc":{"start":{"line":40,"column"
[...]
,"45":{"loc":{"start":{"line":395,"column":4},"end":{"line":399,"column":5}},"type":"if","locations":[{"start":{"line":395,"column":4},"end":{"line":399,"column":5}},{"start":{},"end":{}}],"line":395},"46":{"loc":{"start":{"line":398,"column":41},"end":{"line":398,"column":76}},"type":"cond-expr","locations":[{"start":{"line":398,"column":52},"end":{"line":398,"column":71}},{"start":{"line":398,"column":74},"end":{"line":398,"column":76}}],"line":398},"47":{"loc":{"start":{"line":400,"column":4},"end":{"line":404,"column":5}},"type":"if","locations":[{"start":{"line":400,"column":4},"end":{"line":404,"column":5}},{"start":{},"end":{}}],"line":400},"48":{"loc":{"start":{"line":403,"column":45},"end":{"line":403,"column":80}},"type":"cond-expr","locations":[{"start":{"line":403,"column":56},"end":{"line":403,"column":75}},{"start":{"line":403,"column":78},"end":{"line":403,"column":80}}],"line":403},"49":{"loc":{"start":{"line":405,"column":4},"end":{"line":409,"column":5}},"type":"if","locations":[{"start":{"line":405,"column":4},"end":{"line":409,"column":5}},{"start":{},"end":{}}],"line":405},"50":{"loc":{"start":{"line":408,"column":44},"end":{"line":408,"column":79}},"type":"cond-expr","locations":[{"start":{"line":408,"column":55},"end":{"line":408,"column":74}},{"start":{"line":408,"column":77},"end":{"line":408,"column":79}}],"line":408},"51":{"loc":{"start":{"line":412,"column":39},"end":{"line":412,"column":74}},"type":"cond-expr","locations":[{"start":{"line":412,"column":50},"end":{"line":412,"column":69}},{"start":{"line":412,"column":72},"end":{"line":412,"column":74}}],"line":412},"52":{"loc":{"start":{"line":424,"column":24},"end":{"line":424,"column":99}},"type":"binary-expr","locations":[{"start":{"line":424,"column":24},"end":{"line":424,"column":43}},{"start":{"line":424,"column":47},"end":{"line":424,"column":99}}],"line":424},"53":{"loc":{"start":{"line":425,"column":22},"end":{"line":425,"column":134}},"type":"cond-expr","locations":[{"start":{"line":425,"column":40},"end":{"line":425,"column":93}},{"start":{"line":425,"column":96},"end":{"line":425,"column":134}}],"line":425},"54":{"loc":{"start":{"line":476,"column":43},"end":{"line":476,"column":73}},"type":"binary-expr","locations":[{"start":{"line":476,"column":43},"end":{"line":476,"column":60}},{"start":{"line":476,"column":64},"end":{"line":476,"column":73}}],"line":476},"55":{"loc":{"start":{"line":482,"column":8},"end":{"line":482,"column":69}},"type":"cond-expr","locations":[{"start":{"line":482,"column":27},"end":{"line":482,"column":64}},{"start":{"line":482,"column":67},"end":{"line":482,"column":69}}],"line":482},"56":{"loc":{"start":{"line":487,"column":44},"end":{"line":487,"column":146}},"type":"binary-expr","locations":[{"start":{"line":487,"column":44},"end":{"line":487,"column":70}},{"start":{"line":487,"column":74},"end":{"line":487,"column":105}},{"start":{"line":487,"column":109},"end":{"line":487,"column":130}},{"start":{"line":487,"column":134},"end":{"line":487,"column":146}}],"line":487},"57":{"loc":{"start":{"line":488,"column":8},"end":{"line":488,"column":100}},"type":"cond-expr","locations":[{"start":{"line":488,"column":33},"end":{"line":488,"column":95}},{"start":{"line":488,"column":98},"end":{"line":488,"column":100}}],"line":488},"58":{"loc":{"start":{"line":489,"column":37},"end":{"line":489,"column":108}},"type":"binary-expr","locations":[{"start":{"line":489,"column":37},"end":{"line":489,"column":59}},{"start":{"line":489,"column":63},"end":{"line":489,"column":99}},{"start":{"line":489,"column":103},"end":{"line":489,"column":108}}],"line":489},"59":{"loc":{"start":{"line":490,"column":40},"end":{"line":490,"column":103}},"type":"binary-expr","locations":[{"start":{"line":490,"column":40},"end":{"line":490,"column":68}},{"start":{"line":490,"column":72},"end":{"line":490,"column":94}},{"start":{"line":490,"column":98},"end":{"line":490,"column":103}}],"line":490},"60":{"loc":{"start":{"line":506,"column":24},"end":{"line":506,"column":62}},"type":"binary-expr","locations":[{"start":{"line":506,"column":24},"end":{"line":506,"column":34}},{"start":{"line":506,"column":38},"end":{"line":506,"column":57}},{"start":{"line":506,"column":61},"end":{"line":506,"column":62}}],"line":506},"61":{"loc":{"start":{"line":508,"column":30},"end":{"line":508,"column":82}},"type":"binary-expr","locations":[{"start":{"line":508,"column":30},"end":{"line":508,"column":48}},{"start":{"line":508,"column":52},"end":{"line":508,"column":68}},{"start":{"line":508,"column":72},"end":{"line":508,"column":82}}],"line":508},"62":{"loc":{"start":{"line":509,"column":26},"end":{"line":509,"column":94}},"type":"cond-expr","locations":[{"start":{"line":509,"column":41},"end":{"line":509,"column":89}},{"start":{"line":509,"column":92},"end":{"line":509,"column":94}}],"line":509},"63":{"loc":{"start":{"line":529,"column":8},"end":{"line":534,"column":12}},"type":"cond-expr","locations":[{"start":{"line":529,"column":35},"end":{"line":534,"column":7}},{"start":{"line":534,"column":10},"end":{"line":534,"column":12}}],"line":529},"64":{"loc":{"start":{"line":535,"column":8},"end":{"line":540,"column":12}},"type":"cond-expr","locations":[{"start":{"line":535,"column":31},"end":{"line":540,"column":7}},{"start":{"line":540,"column":10},"end":{"line":540,"column":12}}],"line":535},"65":{"loc":{"start":{"line":541,"column":8},"end":{"line":550,"column":12}},"type":"cond-expr","locations":[{"start":{"line":541,"column":27},"end":{"line":550,"column":7}},{"start":{"line":550,"column":10},"end":{"line":550,"column":12}}],"line":541},"66":{"loc":{"start":{"line":553,"column":43},"end":{"line":553,"column":84}},"type":"binary-expr","locations":[{"start":{"line":553,"column":43},"end":{"line":553,"column":60}},{"start":{"line":553,"column":64},"end":{"line":553,"column":84}}],"line":553},"67":{"loc":{"start":{"line":558,"column":59},"end":{"line":558,"column":100}},"type":"binary-expr","locations":[{"start":{"line":558,"column":59},"end":{"line":558,"column":76}},{"start":{"line":558,"column":80},"end":{"line":558,"column":100}}],"line":558}},"s":{"0":0,"1":0,"2":0,"3":0,"4":0,"5":0,"6":0,"7":0,"8":0,"9":0,"10":0,"11":0,"12":0,"13":0,"14":0,"15":0,"16":0,"17":0,"18":0,"19":0,"20":0,"21":0,"22":0,"23":0,"24":0,"25":0,"26":0,"27":0,"28":0,"29":0,"30":0,"31":0,"32":0,"33":0,"34":0,"35":0,"36":0,"37":0,"38":0,"39":0,"40":0,"41":0,"42":0,"43":0,"44":0,"45":0,"46":0,"47":0,"48":0,"49":0,"50":0,"51":0,"52":0,"53":0,"54":0,"55":0,"56":0,"57":0,"58":0,"59":0,"60":0,"61":0,"62":0,"63":0,"64":0,"65":0,"66":0,"67":0,"68":0,"69":0,"70":0,"71":0,"72":0,"73":0,"74":0,"75":0,"76":0,"77":0,"78":0,"79":0,"80":0,"81":0,"82":0,"83":0,"84":0,"85":0,"86":0,"87":0,"88":0,"89":0,"90":0,"91":0,"92":0,"93":0,"94":0,"95":0,"96":0,"97":0,"98":0,"99":0,"100":0,"101":0,"102":0,"103":0,"104":0,"105":0,"106":0,"107":0,"108":0,"109":0,"110":0,"111":0,"112":0,"113":0,"114":0,"115":0,"116":0,"117":0,"118":0,"119":0,"120":0,"121":0,"122":0,"123":0,"124":0,"125":0,"126":0,"127":0,"128":0,"129":0,"130":0,"131":0,"132":0,"133":0,"134":0,"135":0,"136":0,"137":0,"138":0,"139":0,"140":0,"141":0,"142":0,"143":0,"144":0,"145":0,"146":0,"147":0,"148":0,"149":0,"150":0,"151":0,"152":0,"153":0,"154":0,"155":0,"156":0,"157":0,"158":0,"159":0,"160":0,"161":0,"162":0,"163":0,"164":0,"165":0,"166":0,"167":0,"168":0,"169":0,"170":0,"171":0,"172":0,"173":0,"174":0,"175":0,"176":0,"177":0,"178":0,"179":0,"180":0,"181":0,"182":0,"183":0,"184":0,"185":0,"186":0,"187":0,"188":0,"189":0,"190":0,"191":0,"192":0,"193":0,"194":0,"195":0,"196":0,"197":0,"198":0,"199":0,"200":0,"201":0,"202":0,"203":0,"204":0,"205":0,"206":0,"207":0,"208":0,"209":0},"f":{"0":0,"1":0,"2":0,"3":0,"4":0,"5":0,"6":0,"7":0,"8":0,"9":0,"10":0,"11":0,"12":0,"13":0,"14":0,"15":0,"16":0,"17":0,"18":0},"b":{"0":[0],"1":[0,0],"2":[0,0],"3":[0,0],"4":[0,0],"5":[0,0],"6":[0,0],"7":[0,0],"8":[0,0],"9":[0,0],"10":[0,0],"11":[0,0,0,0,0],"12":[0,0],"13":[0,0,0],"14":[0,0,0],"15":[0,0,0,0],"16":[0,0],"17":[0,0],"18":[0,0],"19":[0,0],"20":[0,0],"21":[0,0,0],"22":[0,0,0],"23":[0,0],"24":[0,0],"25":[0,0],"26":[0,0],"27":[0,0],"28":[0,0],"29":[0,0],"30":[0,0],"31":[0,0],"32":[0,0],"33":[0,0],"34":[0,0],"35":[0,0],"36":[0,0],"37":[0,0,0],"38":[0,0],"39":[0,0],"40":[0,0],"41":[0,0],"42":[0,0],"43":[0,0],"44":[0,0],"45":[0,0],"46":[0,0],"47":[0,0],"48":[0,0],"49":[0,0],"50":[0,0],"51":[0,0],"52":[0,0],"53":[0,0],"54":[0,0],"55":[0,0],"56":[0,0,0,0],"57":[0,0],"58":[0,0,0],"59":[0,0,0],"60":[0,0,0],"61":[0,0,0],"62":[0,0],"63":[0,0],"64":[0,0],"65":[0,0],"66":[0,0],"67":[0,0]}}
,"D:\\Code\\Nodejs\\Final_NodeJS\\utils\\vatCalculator.js": {"path":"D:\\Code\\Nodejs\\Final_NodeJS\\utils\\vatCalculator.js","statementMap":{"0":{"start":{"line":7,"column":17},"end":{"line":7,"column":21}},"1":{"start":{"line":12,"column":18},"end":{"line":18,"column":1}},"2":{"start":{"line":25,"column":39},"end":{"line":36,"column":1}},"3":{"start":{"line":26,"column":25},"end":{"line":26,"column":66}},"4":{"start":{"line":27,"column":20},"end":{"line":27,"column":49}},"5":{"start":{"line":29,"column":2},"end":{"line":35,"column":4}},"6":{"start":{"line":43,"column":39},"end":{"line":54,"column":1}},"7":{"start":{"line":44,"column":20},"end":{"line":44,"column":57}},"8":{"start":{"line":45,"column":23},"end":{"line":45,"column":49}},"9":{"start":{"line":47,"column":2},"end":{"line":53,"column":4}},"10":{"start":{"line":61,"column":26},"end":{"line":122,"column":1}},"11":{"start":{"line":62,"column":16},"end":{"line":62,"column":33}},"12":{"start":{"line":65,"column":19},"end":{"line":68,"column":7}},"13":{"start":{"line":66,"column":18},"end":{"line":66,"column":56}},"14":{"start":{"line":67,"column":4},"end":{"line":67,"column":41}},"15":{"start":{"line":71,"column":23},"end":{"line":71,"column":46}},"16":{"start":{"line":74,"column":30},"end":{"line":74,"column":53}},"17":{"start":{"line":77,"column":19},"end":{"line":77,"column":38}},"18":{"start":{"line":78,"column":32},"end":{"line":78,"column":64}},"19":{"start":{"line":79,"column":24},"end":{"line":79,"column":56}},"20":{"start":{"line":82,"column":23},"end":{"line":82,"column":58}},"21":{"start":{"line":85,"column":23},"end":{"line":85,"column":67}},"22":{"start":{"line":88,"column":23},"end":{"line":101,"column":4}},"23":{"start":{"line":89,"column":18},"end":{"line":89,"column":56}},"24":{"start":{"line":90,"column":22},"end":{"line":90,"column":43}},"25":{"start":{"line":91,"column":20},"end":{"line":91,"column":61}},"26":{"start":{"line":93,"column":4},"end":{"line":100,"column":6}},"27":{"start":{"line":104,"column":22},"end":{"line":104,"column":66}},"28":{"start":{"line":106,"column":2},"end":{"line":121,"column":4}},"29":{"start":{"line":129,"column":23},"end":{"line":134,"column":1}},"30":{"start":{"line":130,"column":2},"end":{"line":133,"column":20}},"31":{"start":{"line":141,"column":21},"end":{"line":143,"column":1}},"32":{"start":{"line":142,"column":2},"end":{"line":142,"column":55}},"33":{"start":{"line":150,"column":24},"end":{"line":187,"column":1}},"34":{"start":{"line":151,"column":17},"end":{"line":151,"column":19}},"35":{"start":{"line":153,"column":2},"end":{"line":155,"column":3}},"36":{"start":{"line":154,"column":4},"end":{"line":154,"column":85}},"37":{"start":{"line":158,"column":2},"end":{"line":160,"column":3}},"38":{"start":{"line":159,"column":4},"end":{"line":159,"column":65}},"39":{"start":{"line":163,"column":2},"end":{"line":168,"column":3}},"40":{"start":{"line":164,"column":25},"end":{"line":164,"column":50}},"41":{"start":{"line":165,"column":4},"end":{"line":167,"column":5}},"42":{"start":{"line":166,"column":6},"end":{"line":166,"column":66}},"43":{"start":{"line":171,"column":2},"end":{"line":173,"column":3}},"44":{"start":{"line":172,"column":4},"end":{"line":172,"column":52}},"45":{"start":{"line":176,"column":2},"end":{"line":181,"column":3}},"46":{"start":{"line":177,"column":23},"end":{"line":177,"column":51}},"47":{"start":{"line":178,"column":4},"end":{"line":180,"column":5}},"48":{"start":{"line":179,"column":6},"end":{"line":179,"column":40}},"49":{"start":{"line":183,"column":2},"end":{"line":186,"column":4}},"50":{"start":{"line":194,"column":30},"end":{"line":201,"column":1}},"51":{"start":{"line":195,"column":15},"end":{"line":195,"column":33}},"52":{"start":{"line":196,"column":16},"end":{"line":196,"column":60}},"53":{"start":{"line":197,"column":14},"end":{"line":197,"column":53}},"54":{"start":{"line":198,"column":17},"end":{"line":198,"column":78}},"55":{"start":{"line":200,"column":2},"end":{"line":200,"column":47}},"56":{"start":{"line":209,"column":32},"end":{"line":212,"column":1}},"57":{"start":{"line":210,"column":24},"end":{"line":210,"column":30}},"58":{"start":{"line":211,"column":2},"end":{"line":211,"column":33}},"59":{"start":{"line":220,"column":30},"end":{"line":225,"column":1}},"60":{"start":{"line":221,"column":32},"end":{"line":221,"column":38}},"61":{"start":{"line":222,"column":29},"end":{"line":222,"column":34}},"62":{"start":{"line":224,"column":2},"end":{"line":224,"column":68}},"63":{"start":{"line":227,"column":0},"end":{"line":239,"column":2}}},"fnMap":{"0":{"name":"(anonymous_0)","decl":{"start":{"line":25,"column":39},"end":{"line":25,"column":40}},"loc":{"start":{"line":25,"column":57},"end":{"line":36,"column":1}},"line":25},"1":{"name":"(anonymous_1)","decl":{"start":{"line":43,"column":39},"end":{"line":43,"column":40}},"loc":{"start":{"line":43,"column":59},"end":{"line":54,"column":1}},"line":43},"2":{"name":"(anonymous_2)","decl":{"start":{"line":61,"column":26},"end":{"line":61,"column":27}},"loc":{"start":{"line":61,"column":37},"end":{"line":122,"column":1}},"line":61},"3":{"name":"(anonymous_3)","decl":{"start":{"line":65,"column":32},"end":{"line":65,"column":33}},"loc":{"start":{"line":65,"column":47},"end":{"line":68,"column":3}},"line":65},"4":{"name":"(anonymous_4)","decl":{"start":{"line":88,"column":33},"end":{"line":88,"column":34}},"loc":{"start":{"line":88,"column":41},"end":{"line":101,"column":3}},"line":88},"5":{"name":"(anonymous_5)","decl":{"start":{"line":129,"column":23},"end":{"line":129,"column":24}},"loc":{"start":{"line":129,"column":35},"end":{"line":134,"column":1}},"line":129},"6":{"name":"(anonymous_6)","decl":{"start":{"line":141,"column":21},"end":{"line":141,"column":22}},"loc":{"start":{"line":141,"column":33},"end":{"line":143,"column":1}},"line":141},"7":{"name":"(anonymous_7)","decl":{"start":{"line":150,"column":24},"end":{"line":150,"column":25}},"loc":{"start":{"line":150,"column":37},"end":{"line":187,"column":1}},"line":150},"8":{"name":"(anonymous_8)","decl":{"start":{"line":194,"column":30},"end":{"line":194,"column":31}},"loc":{"start":{"line":194,"column":53},"end":{"line":201,"column":1}},"line":194},"9":{"name":"(anonymous_9)","decl":{"start":{"line":209,"column":32},"end":{"line":209,"column":33}},"loc":{"start":{"line":209,"column":44},"end":{"line":212,"column":1}},"line":209},"10":{"name":"(anonymous_10)","decl":{"start":{"line":220,"column":30},"end":{"line":220,"column":31}},"loc":{"start":{"line":220,"column":44},"end":{"line":225,"column":1}},"line":220}},"branchMap":{"0":{"loc":{"start":{"line":62,"column":16},"end":{"line":62,"column":33}},"type":"binary-expr","locations":[{"start":{"line":62,"column":16},"end":{"line":62,"column":27}},{"start":{"line":62,"column":31},"end":{"line":62,"column":33}}],"line":62},"1":{"loc":{"start":{"line":66,"column":18},"end":{"line":66,"column":56}},"type":"binary-expr","locations":[{"start":{"line":66,"column":18},"end":{"line":66,"column":28}},{"start":{"line":66,"column":32},"end":{"line":66,"column":51}},{"start":{"line":66,"column":55},"end":{"line":66,"column":56}}],"line":66},"2":{"loc":{"start":{"line":71,"column":23},"end":{"line":71,"column":46}},"type":"binary-expr","locations":[{"start":{"line":71,"column":23},"end":{"line":71,"column":41}},{"start":{"line":71,"column":45},"end":{"line":71,"column":46}}],"line":71},"3":{"loc":{"start":{"line":77,"column":19},"end":{"line":77,"column":38}},"type":"binary-expr","locations":[{"start":{"line":77,"column":19},"end":{"line":77,"column":33}},{"start":{"line":77,"column":37},"end":{"line":77,"column":38}}],"line":77},"4":{"loc":{"start":{"line":78,"column":32},"end":{"line":78,"column":64}},"type":"binary-expr","locations":[{"start":{"line":78,"column":32},"end":{"line":78,"column":59}},{"start":{"line":78,"column":63},"end":{"line":78,"column":64}}],"line":78},"5":{"loc":{"start":{"line":89,"column":18},"end":{"line":89,"column":56}},"type":"binary-expr","locations":[{"start":{"line":89,"column":18},"end":{"line":89,"column":28}},{"start":{"line":89,"column":32},"end":{"line":89,"column":51}},{"start":{"line":89,"column":55},"end":{"line":89,"column":56}}],"line":89},"6":{"loc":{"start":{"line":153,"column":2},"end":{"line":155,"column":3}},"type":"if","locations":[{"start":{"line":153,"column":2},"end":{"line":155,"column":3}},{"start":{},"end":{}}],"line":153},"7":{"loc":{"start":{"line":158,"column":2},"end":{"line":160,"column":3}},"type":"if","locations":[{"start":{"line":158,"column":2},"end":{"line":160,"column":3}},{"start":{},"end":{}}],"line":158},"8":{"loc":{"start":{"line":158,"column":6},"end":{"line":158,"column":67}},"type":"binary-expr","locations":[{"start":{"line":158,"column":6},"end":{"line":158,"column":26}},{"start":{"line":158,"column":30},"end":{"line":158,"column":67}}],"line":158},"9":{"loc":{"start":{"line":163,"column":2},"end":{"line":168,"column":3}},"type":"if","locations":[{"start":{"line":163,"column":2},"end":{"line":168,"column":3}},{"start":{},"end":{}}],"line":163},"10":{"loc":{"start":{"line":165,"column":4},"end":{"line":167,"column":5}},"type":"if","locations":[{"start":{"line":165,"column":4},"end":{"line":167,"column":5}},{"start":{},"end":{}}],"line":165},"11":{"loc":{"start":{"line":171,"column":2},"end":{"line":173,"column":3}},"type":"if","locations":[{"start":{"line":171,"column":2},"end":{"line":173,"column":3}},{"start":{},"end":{}}],"line":171},"12":{"loc":{"start":{"line":171,"column":6},"end":{"line":171,"column":60}},"type":"binary-expr","locations":[{"start":{"line":171,"column":6},"end":{"line":171,"column":22}},{"start":{"line":171,"column":26},"end":{"line":171,"column":60}}],"line":171},"13":{"loc":{"start":{"line":176,"column":2},"end":{"line":181,"column":3}},"type":"if","locations":[{"start":{"line":176,"column":2},"end":{"line":181,"column":3}},{"start":{},"end":{}}],"line":176},"14":{"loc":{"start":{"line":178,"column":4},"end":{"line":180,"column":5}},"type":"if","locations":[{"start":{"line":178,"column":4},"end":{"line":180,"column":5}},{"start":{},"end":{}}],"line":178},"15":{"loc":{"start":{"line":194,"column":31},"end":{"line":194,"column":48}},"type":"default-arg","locations":[{"start":{"line":194,"column":38},"end":{"line":194,"column":48}}],"line":194},"16":{"loc":{"start":{"line":224,"column":9},"end":{"line":224,"column":67}},"type":"cond-expr","locations":[{"start":{"line":224,"column":45},"end":{"line":224,"column":46}},{"start":{"line":224,"column":49},"end":{"line":224,"column":67}}],"line":224}},"s":{"0":1,"1":1,"2":1,"3":19,"4":19,"5":19,"6":1,"7":0,"8":0,"9":0,"10":1,"11":5,"12":5,"13":6,"14":6,"15":5,"16":5,"17":5,"18":5,"19":5,"20":5,"21":5,"22":5,"23":6,"24":6,"25":6,"26":6,"27":5,"28":5,"29":1,"30":2,"31":1,"32":0,"33":1,"34":7,"35":7,"36":0,"37":7,"38":1,"39":7,"40":6,"41":6,"42":1,"43":7,"44":1,"45":7,"46":0,"47":0,"48":0,"49":7,"50":1,"51":3,"52":3,"53":3,"54":3,"55":3,"56":1,"57":4,"58":4,"59":1,"60":9,"61":9,"62":9,"63":1},"f":{"0":19,"1":0,"2":5,"3":6,"4":6,"5":2,"6":0,"7":7,"8":3,"9":4,"10":9},"b":{"0":[5,0],"1":[6,0,0],"2":[5,5],"3":[5,5],"4":[5,5],"5":[6,0,0],"6":[0,7],"7":[1,6],"8":[7,6],"9":[6,1],"10":[1,5],"11":[1,6],"12":[7,6],"13":[0,7],"14":[0,0],"15":[3],"16":[5,4]},"_coverageSchema":"1a1c01bbd47fc00a2c39e90264f33305004495a9","hash":"5d3a1171feb02939bd9439f091a554964546fe82"}
}
