{"D:\\Code\\Nodejs\\Final_NodeJS\\controllers\\user.js": {"path":"D:\\Code\\Nodejs\\Final_NodeJS\\controllers\\user.js","statementMap":{"0":{"start":{"line":1,"column":13},"end":{"line":1,"column":38}},"1":{"start":{"line":2,"column":14},"end":{"line":2,"column":40}},"2":{"start":{"line":3,"column":15},"end":{"line":3,"column":34}},"3":{"start":{"line":4,"column":29},"end":{"line":4,"column":57}},"4":{"start":{"line":6,"column":0},"end":{"line":27,"column":2}},"5":{"start":{"line":7,"column":2},"end":{"line":9,"column":3}},"6":{"start":{"line":8,"column":4},"end":{"line":8,"column":39}},"7":{"start":{"line":10,"column":2},"end":{"line":26,"column":3}},"8":{"start":{"line":13,"column":25},"end":{"line":15,"column":15}},"9":{"start":{"line":17,"column":4},"end":{"line":21,"column":7}},"10":{"start":{"line":23,"column":4},"end":{"line":23,"column":23}},"11":{"start":{"line":24,"column":4},"end":{"line":24,"column":69}},"12":{"start":{"line":25,"column":4},"end":{"line":25,"column":22}},"13":{"start":{"line":29,"column":0},"end":{"line":71,"column":2}},"14":{"start":{"line":30,"column":2},"end":{"line":32,"column":3}},"15":{"start":{"line":31,"column":4},"end":{"line":31,"column":39}},"16":{"start":{"line":33,"column":33},"end":{"line":33,"column":41}},"17":{"start":{"line":36,"column":17},"end":{"line":36,"column":38}},"18":{"start":{"line":38,"column":2},"end":{"line":41,"column":3}},"19":{"start":{"line":39,"column":4},"end":{"line":39,"column":46}},"20":{"start":{"line":40,"column":4},"end":{"line":40,"column":41}},"21":{"start":{"line":43,"column":2},"end":{"line":70,"column":3}},"22":{"start":{"line":44,"column":19},"end":{"line":44,"column":31}},"23":{"start":{"line":45,"column":25},"end":{"line":45,"column":76}},"24":{"start":{"line":46,"column":4},"end":{"line":46,"column":83}},"25":{"start":{"line":47,"column":4},"end":{"line":50,"column":5}},"26":{"start":{"line":48,"column":6},"end":{"line":48,"column":46}},"27":{"start":{"line":49,"column":6},"end":{"line":49,"column":43}},"28":{"start":{"line":53,"column":4},"end":{"line":62,"column":6}},"29":{"start":{"line":64,"column":4},"end":{"line":64,"column":66}},"30":{"start":{"line":65,"column":4},"end":{"line":65,"column":34}},"31":{"start":{"line":67,"column":4},"end":{"line":67,"column":23}},"32":{"start":{"line":68,"column":4},"end":{"line":68,"column":74}},"33":{"start":{"line":69,"column":4},"end":{"line":69,"column":34}},"34":{"start":{"line":73,"column":0},"end":{"line":88,"column":2}},"35":{"start":{"line":74,"column":2},"end":{"line":76,"column":3}},"36":{"start":{"line":75,"column":4},"end":{"line":75,"column":39}},"37":{"start":{"line":77,"column":2},"end":{"line":87,"column":3}},"38":{"start":{"line":79,"column":4},"end":{"line":82,"column":7}},"39":{"start":{"line":84,"column":4},"end":{"line":84,"column":23}},"40":{"start":{"line":85,"column":4},"end":{"line":85,"column":57}},"41":{"start":{"line":86,"column":4},"end":{"line":86,"column":34}},"42":{"start":{"line":90,"column":0},"end":{"line":134,"column":2}},"43":{"start":{"line":91,"column":2},"end":{"line":93,"column":3}},"44":{"start":{"line":92,"column":4},"end":{"line":92,"column":39}},"45":{"start":{"line":94,"column":82},"end":{"line":94,"column":90}},"46":{"start":{"line":95,"column":24},"end":{"line":95,"column":41}},"47":{"start":{"line":96,"column":24},"end":{"line":96,"column":40}},"48":{"start":{"line":98,"column":2},"end":{"line":101,"column":3}},"49":{"start":{"line":99,"column":4},"end":{"line":99,"column":66}},"50":{"start":{"line":100,"column":4},"end":{"line":100,"column":43}},"51":{"start":{"line":103,"column":2},"end":{"line":133,"column":3}},"52":{"start":{"line":104,"column":17},"end":{"line":104,"column":50}},"53":{"start":{"line":105,"column":4},"end":{"line":108,"column":5}},"54":{"start":{"line":106,"column":6},"end":{"line":106,"column":55}},"55":{"start":{"line":107,"column":6},"end":{"line":107,"column":31}},"56":{"start":{"line":111,"column":4},"end":{"line":113,"column":5}},"57":{"start":{"line":112,"column":6},"end":{"line":112,"column":59}},"58":{"start":{"line":112,"column":37},"end":{"line":112,"column":57}},"59":{"start":{"line":115,"column":4},"end":{"line":123,"column":7}},"60":{"start":{"line":125,"column":4},"end":{"line":125,"column":22}},"61":{"start":{"line":127,"column":4},"end":{"line":127,"column":61}},"62":{"start":{"line":128,"column":4},"end":{"line":128,"column":36}},"63":{"start":{"line":130,"column":4},"end":{"line":130,"column":23}},"64":{"start":{"line":131,"column":4},"end":{"line":131,"column":58}},"65":{"start":{"line":132,"column":4},"end":{"line":132,"column":36}},"66":{"start":{"line":137,"column":0},"end":{"line":176,"column":2}},"67":{"start":{"line":138,"column":2},"end":{"line":140,"column":3}},"68":{"start":{"line":139,"column":4},"end":{"line":139,"column":39}},"69":{"start":{"line":141,"column":93},"end":{"line":141,"column":101}},"70":{"start":{"line":142,"column":24},"end":{"line":142,"column":41}},"71":{"start":{"line":143,"column":24},"end":{"line":143,"column":40}},"72":{"start":{"line":145,"column":2},"end":{"line":175,"column":3}},"73":{"start":{"line":146,"column":17},"end":{"line":146,"column":50}},"74":{"start":{"line":147,"column":20},"end":{"line":147,"column":72}},"75":{"start":{"line":149,"column":4},"end":{"line":152,"column":5}},"76":{"start":{"line":150,"column":6},"end":{"line":150,"column":52}},"77":{"start":{"line":151,"column":6},"end":{"line":151,"column":45}},"78":{"start":{"line":155,"column":4},"end":{"line":157,"column":5}},"79":{"start":{"line":156,"column":6},"end":{"line":156,"column":59}},"80":{"start":{"line":156,"column":37},"end":{"line":156,"column":57}},"81":{"start":{"line":159,"column":4},"end":{"line":159,"column":52}},"82":{"start":{"line":160,"column":4},"end":{"line":160,"column":43}},"83":{"start":{"line":161,"column":4},"end":{"line":161,"column":46}},"84":{"start":{"line":162,"column":4},"end":{"line":162,"column":57}},"85":{"start":{"line":163,"column":4},"end":{"line":163,"column":57}},"86":{"start":{"line":165,"column":4},"end":{"line":165,"column":47}},"87":{"start":{"line":167,"column":4},"end":{"line":167,"column":22}},"88":{"start":{"line":169,"column":4},"end":{"line":169,"column":54}},"89":{"start":{"line":170,"column":4},"end":{"line":170,"column":36}},"90":{"start":{"line":172,"column":4},"end":{"line":172,"column":23}},"91":{"start":{"line":173,"column":4},"end":{"line":173,"column":62}},"92":{"start":{"line":174,"column":4},"end":{"line":174,"column":36}},"93":{"start":{"line":179,"column":0},"end":{"line":199,"column":2}},"94":{"start":{"line":180,"column":2},"end":{"line":182,"column":3}},"95":{"start":{"line":181,"column":4},"end":{"line":181,"column":39}},"96":{"start":{"line":183,"column":24},"end":{"line":183,"column":34}},"97":{"start":{"line":186,"column":2},"end":{"line":198,"column":3}},"98":{"start":{"line":187,"column":4},"end":{"line":190,"column":6}},"99":{"start":{"line":192,"column":4},"end":{"line":192,"column":49}},"100":{"start":{"line":193,"column":4},"end":{"line":193,"column":36}},"101":{"start":{"line":195,"column":4},"end":{"line":195,"column":23}},"102":{"start":{"line":196,"column":4},"end":{"line":196,"column":57}},"103":{"start":{"line":197,"column":4},"end":{"line":197,"column":36}},"104":{"start":{"line":201,"column":0},"end":{"line":210,"column":2}},"105":{"start":{"line":202,"column":2},"end":{"line":205,"column":3}},"106":{"start":{"line":203,"column":4},"end":{"line":203,"column":94}},"107":{"start":{"line":204,"column":4},"end":{"line":204,"column":41}},"108":{"start":{"line":207,"column":2},"end":{"line":209,"column":5}},"109":{"start":{"line":212,"column":0},"end":{"line":257,"column":2}},"110":{"start":{"line":213,"column":2},"end":{"line":215,"column":3}},"111":{"start":{"line":214,"column":4},"end":{"line":214,"column":39}},"112":{"start":{"line":216,"column":80},"end":{"line":216,"column":88}},"113":{"start":{"line":217,"column":23},"end":{"line":217,"column":60}},"114":{"start":{"line":219,"column":2},"end":{"line":222,"column":3}},"115":{"start":{"line":220,"column":4},"end":{"line":220,"column":94}},"116":{"start":{"line":221,"column":4},"end":{"line":221,"column":41}},"117":{"start":{"line":224,"column":2},"end":{"line":227,"column":3}},"118":{"start":{"line":225,"column":4},"end":{"line":225,"column":51}},"119":{"start":{"line":226,"column":4},"end":{"line":226,"column":49}},"120":{"start":{"line":229,"column":2},"end":{"line":232,"column":3}},"121":{"start":{"line":230,"column":4},"end":{"line":230,"column":64}},"122":{"start":{"line":231,"column":4},"end":{"line":231,"column":49}},"123":{"start":{"line":235,"column":2},"end":{"line":256,"column":3}},"124":{"start":{"line":237,"column":20},"end":{"line":237,"column":76}},"125":{"start":{"line":238,"column":4},"end":{"line":241,"column":5}},"126":{"start":{"line":239,"column":6},"end":{"line":239,"column":63}},"127":{"start":{"line":240,"column":6},"end":{"line":240,"column":51}},"128":{"start":{"line":244,"column":27},"end":{"line":244,"column":61}},"129":{"start":{"line":245,"column":4},"end":{"line":248,"column":6}},"130":{"start":{"line":250,"column":4},"end":{"line":250,"column":66}},"131":{"start":{"line":251,"column":4},"end":{"line":251,"column":34}},"132":{"start":{"line":253,"column":4},"end":{"line":253,"column":23}},"133":{"start":{"line":254,"column":4},"end":{"line":254,"column":63}},"134":{"start":{"line":255,"column":4},"end":{"line":255,"column":42}},"135":{"start":{"line":259,"column":0},"end":{"line":286,"column":2}},"136":{"start":{"line":260,"column":2},"end":{"line":262,"column":3}},"137":{"start":{"line":261,"column":4},"end":{"line":261,"column":39}},"138":{"start":{"line":263,"column":2},"end":{"line":285,"column":3}},"139":{"start":{"line":265,"column":17},"end":{"line":265,"column":46}},"140":{"start":{"line":266,"column":18},"end":{"line":266,"column":20}},"141":{"start":{"line":267,"column":17},"end":{"line":267,"column":35}},"142":{"start":{"line":269,"column":18},"end":{"line":269,"column":68}},"143":{"start":{"line":270,"column":19},"end":{"line":273,"column":19}},"144":{"start":{"line":275,"column":4},"end":{"line":280,"column":7}},"145":{"start":{"line":282,"column":4},"end":{"line":282,"column":23}},"146":{"start":{"line":283,"column":4},"end":{"line":283,"column":66}},"147":{"start":{"line":284,"column":4},"end":{"line":284,"column":34}},"148":{"start":{"line":288,"column":0},"end":{"line":315,"column":2}},"149":{"start":{"line":289,"column":2},"end":{"line":291,"column":3}},"150":{"start":{"line":290,"column":4},"end":{"line":290,"column":39}},"151":{"start":{"line":292,"column":2},"end":{"line":314,"column":3}},"152":{"start":{"line":295,"column":26},"end":{"line":303,"column":30}},"153":{"start":{"line":305,"column":4},"end":{"line":309,"column":7}},"154":{"start":{"line":311,"column":4},"end":{"line":311,"column":23}},"155":{"start":{"line":312,"column":4},"end":{"line":312,"column":73}},"156":{"start":{"line":313,"column":4},"end":{"line":313,"column":34}},"157":{"start":{"line":317,"column":0},"end":{"line":346,"column":2}},"158":{"start":{"line":318,"column":2},"end":{"line":320,"column":3}},"159":{"start":{"line":319,"column":4},"end":{"line":319,"column":39}},"160":{"start":{"line":321,"column":2},"end":{"line":345,"column":3}},"161":{"start":{"line":323,"column":24},"end":{"line":323,"column":34}},"162":{"start":{"line":324,"column":18},"end":{"line":324,"column":73}},"163":{"start":{"line":326,"column":4},"end":{"line":329,"column":5}},"164":{"start":{"line":327,"column":6},"end":{"line":327,"column":53}},"165":{"start":{"line":328,"column":6},"end":{"line":328,"column":42}},"166":{"start":{"line":331,"column":4},"end":{"line":334,"column":5}},"167":{"start":{"line":332,"column":6},"end":{"line":332,"column":65}},"168":{"start":{"line":333,"column":6},"end":{"line":333,"column":42}},"169":{"start":{"line":337,"column":4},"end":{"line":340,"column":7}},"170":{"start":{"line":342,"column":4},"end":{"line":342,"column":23}},"171":{"start":{"line":343,"column":4},"end":{"line":343,"column":67}},"172":{"start":{"line":344,"column":4},"end":{"line":344,"column":33}},"173":{"start":{"line":348,"column":0},"end":{"line":449,"column":2}},"174":{"start":{"line":349,"column":2},"end":{"line":351,"column":3}},"175":{"start":{"line":350,"column":4},"end":{"line":350,"column":39}},"176":{"start":{"line":352,"column":2},"end":{"line":448,"column":3}},"177":{"start":{"line":354,"column":24},"end":{"line":354,"column":34}},"178":{"start":{"line":357,"column":18},"end":{"line":357,"column":73}},"179":{"start":{"line":358,"column":4},"end":{"line":361,"column":5}},"180":{"start":{"line":359,"column":6},"end":{"line":359,"column":53}},"181":{"start":{"line":360,"column":6},"end":{"line":360,"column":42}},"182":{"start":{"line":363,"column":4},"end":{"line":366,"column":5}},"183":{"start":{"line":364,"column":6},"end":{"line":364,"column":65}},"184":{"start":{"line":365,"column":6},"end":{"line":365,"column":42}},"185":{"start":{"line":370,"column":4},"end":{"line":370,"column":73}},"186":{"start":{"line":371,"column":4},"end":{"line":374,"column":5}},"187":{"start":{"line":372,"column":6},"end":{"line":372,"column":86}},"188":{"start":{"line":373,"column":6},"end":{"line":373,"column":42}},"189":{"start":{"line":378,"column":20},"end":{"line":378,"column":48}},"190":{"start":{"line":379,"column":4},"end":{"line":406,"column":5}},"191":{"start":{"line":380,"column":6},"end":{"line":405,"column":7}},"192":{"start":{"line":381,"column":24},"end":{"line":381,"column":80}},"193":{"start":{"line":382,"column":8},"end":{"line":402,"column":9}},"194":{"start":{"line":384,"column":10},"end":{"line":397,"column":11}},"195":{"start":{"line":385,"column":12},"end":{"line":393,"column":13}},"196":{"start":{"line":386,"column":30},"end":{"line":386,"column":80}},"197":{"start":{"line":386,"column":57},"end":{"line":386,"column":79}},"198":{"start":{"line":387,"column":14},"end":{"line":392,"column":15}},"199":{"start":{"line":388,"column":31},"end":{"line":388,"column":82}},"200":{"start":{"line":388,"column":57},"end":{"line":388,"column":81}},"201":{"start":{"line":389,"column":16},"end":{"line":391,"column":17}},"202":{"start":{"line":390,"column":18},"end":{"line":390,"column":48}},"203":{"start":{"line":396,"column":12},"end":{"line":396,"column":43}},"204":{"start":{"line":399,"column":10},"end":{"line":399,"column":67}},"205":{"start":{"line":400,"column":10},"end":{"line":400,"column":31}},"206":{"start":{"line":401,"column":10},"end":{"line":401,"column":85}},"207":{"start":{"line":404,"column":8},"end":{"line":404,"column":60}},"208":{"start":{"line":409,"column":4},"end":{"line":416,"column":5}},"209":{"start":{"line":410,"column":19},"end":{"line":410,"column":44}},"210":{"start":{"line":411,"column":6},"end":{"line":414,"column":8}},"211":{"start":{"line":415,"column":6},"end":{"line":415,"column":96}},"212":{"start":{"line":419,"column":4},"end":{"line":419,"column":31}},"213":{"start":{"line":420,"column":4},"end":{"line":424,"column":7}},"214":{"start":{"line":427,"column":4},"end":{"line":438,"column":5}},"215":{"start":{"line":428,"column":6},"end":{"line":437,"column":7}},"216":{"start":{"line":429,"column":23},"end":{"line":429,"column":50}},"217":{"start":{"line":430,"column":8},"end":{"line":433,"column":10}},"218":{"start":{"line":434,"column":8},"end":{"line":434,"column":111}},"219":{"start":{"line":436,"column":8},"end":{"line":436,"column":81}},"220":{"start":{"line":440,"column":4},"end":{"line":440,"column":23}},"221":{"start":{"line":442,"column":4},"end":{"line":442,"column":104}},"222":{"start":{"line":443,"column":4},"end":{"line":443,"column":33}},"223":{"start":{"line":445,"column":4},"end":{"line":445,"column":23}},"224":{"start":{"line":446,"column":4},"end":{"line":446,"column":58}},"225":{"start":{"line":447,"column":4},"end":{"line":447,"column":33}}},"fnMap":{"0":{"name":"(anonymous_0)","decl":{"start":{"line":6,"column":21},"end":{"line":6,"column":22}},"loc":{"start":{"line":6,"column":41},"end":{"line":27,"column":1}},"line":6},"1":{"name":"(anonymous_1)","decl":{"start":{"line":29,"column":24},"end":{"line":29,"column":25}},"loc":{"start":{"line":29,"column":44},"end":{"line":71,"column":1}},"line":29},"2":{"name":"(anonymous_2)","decl":{"start":{"line":73,"column":23},"end":{"line":73,"column":24}},"loc":{"start":{"line":73,"column":43},"end":{"line":88,"column":1}},"line":73},"3":{"name":"(anonymous_3)","decl":{"start":{"line":90,"column":21},"end":{"line":90,"column":22}},"loc":{"start":{"line":90,"column":41},"end":{"line":134,"column":1}},"line":90},"4":{"name":"(anonymous_4)","decl":{"start":{"line":112,"column":29},"end":{"line":112,"column":30}},"loc":{"start":{"line":112,"column":37},"end":{"line":112,"column":57}},"line":112},"5":{"name":"(anonymous_5)","decl":{"start":{"line":137,"column":24},"end":{"line":137,"column":25}},"loc":{"start":{"line":137,"column":44},"end":{"line":176,"column":1}},"line":137},"6":{"name":"(anonymous_6)","decl":{"start":{"line":156,"column":29},"end":{"line":156,"column":30}},"loc":{"start":{"line":156,"column":37},"end":{"line":156,"column":57}},"line":156},"7":{"name":"(anonymous_7)","decl":{"start":{"line":179,"column":24},"end":{"line":179,"column":25}},"loc":{"start":{"line":179,"column":44},"end":{"line":199,"column":1}},"line":179},"8":{"name":"(anonymous_8)","decl":{"start":{"line":201,"column":28},"end":{"line":201,"column":29}},"loc":{"start":{"line":201,"column":42},"end":{"line":210,"column":1}},"line":201},"9":{"name":"(anonymous_9)","decl":{"start":{"line":212,"column":29},"end":{"line":212,"column":30}},"loc":{"start":{"line":212,"column":49},"end":{"line":257,"column":1}},"line":212},"10":{"name":"(anonymous_10)","decl":{"start":{"line":259,"column":24},"end":{"line":259,"column":25}},"loc":{"start":{"line":259,"column":44},"end":{"line":286,"column":1}},"line":259},"11":{"name":"(anonymous_11)","decl":{"start":{"line":288,"column":27},"end":{"line":288,"column":28}},"loc":{"start":{"line":288,"column":47},"end":{"line":315,"column":1}},"line":288},"12":{"name":"(anonymous_12)","decl":{"start":{"line":317,"column":25},"end":{"line":317,"column":26}},"loc":{"start":{"line":317,"column":45},"end":{"line":346,"column":1}},"line":317},"13":{"name":"(anonymous_13)","decl":{"start":{"line":348,"column":22},"end":{"line":348,"column":23}},"loc":{"start":{"line":348,"column":42},"end":{"line":449,"column":1}},"line":348},"14":{"name":"(anonymous_14)","decl":{"start":{"line":386,"column":52},"end":{"line":386,"column":53}},"loc":{"start":{"line":386,"column":57},"end":{"line":386,"column":79}},"line":386},"15":{"name":"(anonymous_15)","decl":{"start":{"line":388,"column":52},"end":{"line":388,"column":53}},"loc":{"start":{"line":388,"column":57},"end":{"line":388,"column":81}},"line":388}},"branchMap":{"0":{"loc":{"start":{"line":7,"column":2},"end":{"line":9,"column":3}},"type":"if","locations":[{"start":{"line":7,"column":2},"end":{"line":9,"column":3}},{"start":{},"end":{}}],"line":7},"1":{"loc":{"start":{"line":7,"column":6},"end":{"line":7,"column":41}},"type":"binary-expr","locations":[{"start":{"line":7,"column":6},"end":{"line":7,"column":28}},{"start":{"line":7,"column":32},"end":{"line":7,"column":41}}],"line":7},"2":{"loc":{"start":{"line":30,"column":2},"end":{"line":32,"column":3}},"type":"if","locations":[{"start":{"line":30,"column":2},"end":{"line":32,"column":3}},{"start":{},"end":{}}],"line":30},"3":{"loc":{"start":{"line":30,"column":6},"end":{"line":30,"column":41}},"type":"binary-expr","locations":[{"start":{"line":30,"column":6},"end":{"line":30,"column":28}},{"start":{"line":30,"column":32},"end":{"line":30,"column":41}}],"line":30},"4":{"loc":{"start":{"line":38,"column":2},"end":{"line":41,"column":3}},"type":"if","locations":[{"start":{"line":38,"column":2},"end":{"line":41,"column":3}},{"start":{},"end":{}}],"line":38},"5":{"loc":{"start":{"line":47,"column":4},"end":{"line":50,"column":5}},"type":"if","locations":[{"start":{"line":47,"column":4},"end":{"line":50,"column":5}},{"start":{},"end":{}}],"line":47},"6":{"loc":{"start":{"line":74,"column":2},"end":{"line":76,"column":3}},"type":"if","locations":[{"start":{"line":74,"column":2},"end":{"line":76,"column":3}},{"start":{},"end":{}}],"line":74},"7":{"loc":{"start":{"line":74,"column":6},"end":{"line":74,"column":41}},"type":"binary-expr","locations":[{"start":{"line":74,"column":6},"end":{"line":74,"column":28}},{"start":{"line":74,"column":32},"end":{"line":74,"column":41}}],"line":74},"8":{"loc":{"start":{"line":91,"column":2},"end":{"line":93,"column":3}},"type":"if","locations":[{"start":{"line":91,"column":2},"end":{"line":93,"column":3}},{"start":{},"end":{}}],"line":91},"9":{"loc":{"start":{"line":91,"column":6},"end":{"line":91,"column":41}},"type":"binary-expr","locations":[{"start":{"line":91,"column":6},"end":{"line":91,"column":28}},{"start":{"line":91,"column":32},"end":{"line":91,"column":41}}],"line":91},"10":{"loc":{"start":{"line":95,"column":24},"end":{"line":95,"column":41}},"type":"binary-expr","locations":[{"start":{"line":95,"column":24},"end":{"line":95,"column":32}},{"start":{"line":95,"column":36},"end":{"line":95,"column":41}}],"line":95},"11":{"loc":{"start":{"line":96,"column":24},"end":{"line":96,"column":40}},"type":"binary-expr","locations":[{"start":{"line":96,"column":24},"end":{"line":96,"column":32}},{"start":{"line":96,"column":36},"end":{"line":96,"column":40}}],"line":96},"12":{"loc":{"start":{"line":98,"column":2},"end":{"line":101,"column":3}},"type":"if","locations":[{"start":{"line":98,"column":2},"end":{"line":101,"column":3}},{"start":{},"end":{}}],"line":98},"13":{"loc":{"start":{"line":98,"column":6},"end":{"line":98,"column":49}},"type":"binary-expr","locations":[{"start":{"line":98,"column":6},"end":{"line":98,"column":13}},{"start":{"line":98,"column":17},"end":{"line":98,"column":31}},{"start":{"line":98,"column":35},"end":{"line":98,"column":49}}],"line":98},"14":{"loc":{"start":{"line":105,"column":4},"end":{"line":108,"column":5}},"type":"if","locations":[{"start":{"line":105,"column":4},"end":{"line":108,"column":5}},{"start":{},"end":{}}],"line":105},"15":{"loc":{"start":{"line":111,"column":4},"end":{"line":113,"column":5}},"type":"if","locations":[{"start":{"line":111,"column":4},"end":{"line":113,"column":5}},{"start":{},"end":{}}],"line":111},"16":{"loc":{"start":{"line":116,"column":16},"end":{"line":116,"column":37}},"type":"binary-expr","locations":[{"start":{"line":116,"column":16},"end":{"line":116,"column":24}},{"start":{"line":116,"column":28},"end":{"line":116,"column":37}}],"line":116},"17":{"loc":{"start":{"line":117,"column":13},"end":{"line":117,"column":32}},"type":"binary-expr","locations":[{"start":{"line":117,"column":13},"end":{"line":117,"column":18}},{"start":{"line":117,"column":22},"end":{"line":117,"column":32}}],"line":117},"18":{"loc":{"start":{"line":121,"column":15},"end":{"line":121,"column":39}},"type":"cond-expr","locations":[{"start":{"line":121,"column":27},"end":{"line":121,"column":31}},{"start":{"line":121,"column":34},"end":{"line":121,"column":39}}],"line":121},"19":{"loc":{"start":{"line":138,"column":2},"end":{"line":140,"column":3}},"type":"if","locations":[{"start":{"line":138,"column":2},"end":{"line":140,"column":3}},{"start":{},"end":{}}],"line":138},"20":{"loc":{"start":{"line":138,"column":6},"end":{"line":138,"column":41}},"type":"binary-expr","locations":[{"start":{"line":138,"column":6},"end":{"line":138,"column":28}},{"start":{"line":138,"column":32},"end":{"line":138,"column":41}}],"line":138},"21":{"loc":{"start":{"line":142,"column":24},"end":{"line":142,"column":41}},"type":"binary-expr","locations":[{"start":{"line":142,"column":24},"end":{"line":142,"column":32}},{"start":{"line":142,"column":36},"end":{"line":142,"column":41}}],"line":142},"22":{"loc":{"start":{"line":143,"column":24},"end":{"line":143,"column":40}},"type":"binary-expr","locations":[{"start":{"line":143,"column":24},"end":{"line":143,"column":32}},{"start":{"line":143,"column":36},"end":{"line":143,"column":40}}],"line":143},"23":{"loc":{"start":{"line":147,"column":38},"end":{"line":147,"column":71}},"type":"binary-expr","locations":[{"start":{"line":147,"column":38},"end":{"line":147,"column":47}},{"start":{"line":147,"column":51},"end":{"line":147,"column":71}}],"line":147},"24":{"loc":{"start":{"line":149,"column":4},"end":{"line":152,"column":5}},"type":"if","locations":[{"start":{"line":149,"column":4},"end":{"line":152,"column":5}},{"start":{},"end":{}}],"line":149},"25":{"loc":{"start":{"line":155,"column":4},"end":{"line":157,"column":5}},"type":"if","locations":[{"start":{"line":155,"column":4},"end":{"line":157,"column":5}},{"start":{},"end":{}}],"line":155},"26":{"loc":{"start":{"line":159,"column":23},"end":{"line":159,"column":51}},"type":"binary-expr","locations":[{"start":{"line":159,"column":23},"end":{"line":159,"column":31}},{"start":{"line":159,"column":35},"end":{"line":159,"column":51}}],"line":159},"27":{"loc":{"start":{"line":160,"column":20},"end":{"line":160,"column":42}},"type":"binary-expr","locations":[{"start":{"line":160,"column":20},"end":{"line":160,"column":25}},{"start":{"line":160,"column":29},"end":{"line":160,"column":42}}],"line":160},"28":{"loc":{"start":{"line":161,"column":21},"end":{"line":161,"column":45}},"type":"binary-expr","locations":[{"start":{"line":161,"column":21},"end":{"line":161,"column":27}},{"start":{"line":161,"column":31},"end":{"line":161,"column":45}}],"line":161},"29":{"loc":{"start":{"line":162,"column":23},"end":{"line":162,"column":56}},"type":"binary-expr","locations":[{"start":{"line":162,"column":23},"end":{"line":162,"column":36}},{"start":{"line":162,"column":40},"end":{"line":162,"column":56}}],"line":162},"30":{"loc":{"start":{"line":163,"column":23},"end":{"line":163,"column":56}},"type":"binary-expr","locations":[{"start":{"line":163,"column":23},"end":{"line":163,"column":36}},{"start":{"line":163,"column":40},"end":{"line":163,"column":56}}],"line":163},"31":{"loc":{"start":{"line":165,"column":22},"end":{"line":165,"column":46}},"type":"cond-expr","locations":[{"start":{"line":165,"column":34},"end":{"line":165,"column":38}},{"start":{"line":165,"column":41},"end":{"line":165,"column":46}}],"line":165},"32":{"loc":{"start":{"line":180,"column":2},"end":{"line":182,"column":3}},"type":"if","locations":[{"start":{"line":180,"column":2},"end":{"line":182,"column":3}},{"start":{},"end":{}}],"line":180},"33":{"loc":{"start":{"line":180,"column":6},"end":{"line":180,"column":41}},"type":"binary-expr","locations":[{"start":{"line":180,"column":6},"end":{"line":180,"column":28}},{"start":{"line":180,"column":32},"end":{"line":180,"column":41}}],"line":180},"34":{"loc":{"start":{"line":202,"column":2},"end":{"line":205,"column":3}},"type":"if","locations":[{"start":{"line":202,"column":2},"end":{"line":205,"column":3}},{"start":{},"end":{}}],"line":202},"35":{"loc":{"start":{"line":213,"column":2},"end":{"line":215,"column":3}},"type":"if","locations":[{"start":{"line":213,"column":2},"end":{"line":215,"column":3}},{"start":{},"end":{}}],"line":213},"36":{"loc":{"start":{"line":213,"column":6},"end":{"line":213,"column":41}},"type":"binary-expr","locations":[{"start":{"line":213,"column":6},"end":{"line":213,"column":28}},{"start":{"line":213,"column":32},"end":{"line":213,"column":41}}],"line":213},"37":{"loc":{"start":{"line":217,"column":23},"end":{"line":217,"column":60}},"type":"binary-expr","locations":[{"start":{"line":217,"column":23},"end":{"line":217,"column":41}},{"start":{"line":217,"column":45},"end":{"line":217,"column":60}}],"line":217},"38":{"loc":{"start":{"line":219,"column":2},"end":{"line":222,"column":3}},"type":"if","locations":[{"start":{"line":219,"column":2},"end":{"line":222,"column":3}},{"start":{},"end":{}}],"line":219},"39":{"loc":{"start":{"line":224,"column":2},"end":{"line":227,"column":3}},"type":"if","locations":[{"start":{"line":224,"column":2},"end":{"line":227,"column":3}},{"start":{},"end":{}}],"line":224},"40":{"loc":{"start":{"line":229,"column":2},"end":{"line":232,"column":3}},"type":"if","locations":[{"start":{"line":229,"column":2},"end":{"line":232,"column":3}},{"start":{},"end":{}}],"line":229},"41":{"loc":{"start":{"line":238,"column":4},"end":{"line":241,"column":5}},"type":"if","locations":[{"start":{"line":238,"column":4},"end":{"line":241,"column":5}},{"start":{},"end":{}}],"line":238},"42":{"loc":{"start":{"line":260,"column":2},"end":{"line":262,"column":3}},"type":"if","locations":[{"start":{"line":260,"column":2},"end":{"line":262,"column":3}},{"start":{},"end":{}}],"line":260},"43":{"loc":{"start":{"line":260,"column":6},"end":{"line":260,"column":41}},"type":"binary-expr","locations":[{"start":{"line":260,"column":6},"end":{"line":260,"column":28}},{"start":{"line":260,"column":32},"end":{"line":260,"column":41}}],"line":260},"44":{"loc":{"start":{"line":265,"column":17},"end":{"line":265,"column":46}},"type":"binary-expr","locations":[{"start":{"line":265,"column":17},"end":{"line":265,"column":41}},{"start":{"line":265,"column":45},"end":{"line":265,"column":46}}],"line":265},"45":{"loc":{"start":{"line":289,"column":2},"end":{"line":291,"column":3}},"type":"if","locations":[{"start":{"line":289,"column":2},"end":{"line":291,"column":3}},{"start":{},"end":{}}],"line":289},"46":{"loc":{"start":{"line":289,"column":6},"end":{"line":289,"column":41}},"type":"binary-expr","locations":[{"start":{"line":289,"column":6},"end":{"line":289,"column":28}},{"start":{"line":289,"column":32},"end":{"line":289,"column":41}}],"line":289},"47":{"loc":{"start":{"line":318,"column":2},"end":{"line":320,"column":3}},"type":"if","locations":[{"start":{"line":318,"column":2},"end":{"line":320,"column":3}},{"start":{},"end":{}}],"line":318},"48":{"loc":{"start":{"line":318,"column":6},"end":{"line":318,"column":41}},"type":"binary-expr","locations":[{"start":{"line":318,"column":6},"end":{"line":318,"column":28}},{"start":{"line":318,"column":32},"end":{"line":318,"column":41}}],"line":318},"49":{"loc":{"start":{"line":326,"column":4},"end":{"line":329,"column":5}},"type":"if","locations":[{"start":{"line":326,"column":4},"end":{"line":329,"column":5}},{"start":{},"end":{}}],"line":326},"50":{"loc":{"start":{"line":331,"column":4},"end":{"line":334,"column":5}},"type":"if","locations":[{"start":{"line":331,"column":4},"end":{"line":334,"column":5}},{"start":{},"end":{}}],"line":331},"51":{"loc":{"start":{"line":349,"column":2},"end":{"line":351,"column":3}},"type":"if","locations":[{"start":{"line":349,"column":2},"end":{"line":351,"column":3}},{"start":{},"end":{}}],"line":349},"52":{"loc":{"start":{"line":349,"column":6},"end":{"line":349,"column":41}},"type":"binary-expr","locations":[{"start":{"line":349,"column":6},"end":{"line":349,"column":28}},{"start":{"line":349,"column":32},"end":{"line":349,"column":41}}],"line":349},"53":{"loc":{"start":{"line":358,"column":4},"end":{"line":361,"column":5}},"type":"if","locations":[{"start":{"line":358,"column":4},"end":{"line":361,"column":5}},{"start":{},"end":{}}],"line":358},"54":{"loc":{"start":{"line":363,"column":4},"end":{"line":366,"column":5}},"type":"if","locations":[{"start":{"line":363,"column":4},"end":{"line":366,"column":5}},{"start":{},"end":{}}],"line":363},"55":{"loc":{"start":{"line":371,"column":4},"end":{"line":374,"column":5}},"type":"if","locations":[{"start":{"line":371,"column":4},"end":{"line":374,"column":5}},{"start":{},"end":{}}],"line":371},"56":{"loc":{"start":{"line":371,"column":8},"end":{"line":371,"column":97}},"type":"binary-expr","locations":[{"start":{"line":371,"column":8},"end":{"line":371,"column":35}},{"start":{"line":371,"column":39},"end":{"line":371,"column":65}},{"start":{"line":371,"column":69},"end":{"line":371,"column":97}}],"line":371},"57":{"loc":{"start":{"line":381,"column":47},"end":{"line":381,"column":79}},"type":"binary-expr","locations":[{"start":{"line":381,"column":47},"end":{"line":381,"column":63}},{"start":{"line":381,"column":67},"end":{"line":381,"column":79}}],"line":381},"58":{"loc":{"start":{"line":382,"column":8},"end":{"line":402,"column":9}},"type":"if","locations":[{"start":{"line":382,"column":8},"end":{"line":402,"column":9}},{"start":{},"end":{}}],"line":382},"59":{"loc":{"start":{"line":384,"column":10},"end":{"line":397,"column":11}},"type":"if","locations":[{"start":{"line":384,"column":10},"end":{"line":397,"column":11}},{"start":{"line":394,"column":17},"end":{"line":397,"column":11}}],"line":384},"60":{"loc":{"start":{"line":384,"column":14},"end":{"line":384,"column":68}},"type":"binary-expr","locations":[{"start":{"line":384,"column":14},"end":{"line":384,"column":27}},{"start":{"line":384,"column":31},"end":{"line":384,"column":68}}],"line":384},"61":{"loc":{"start":{"line":387,"column":14},"end":{"line":392,"column":15}},"type":"if","locations":[{"start":{"line":387,"column":14},"end":{"line":392,"column":15}},{"start":{},"end":{}}],"line":387},"62":{"loc":{"start":{"line":389,"column":16},"end":{"line":391,"column":17}},"type":"if","locations":[{"start":{"line":389,"column":16},"end":{"line":391,"column":17}},{"start":{},"end":{}}],"line":389},"63":{"loc":{"start":{"line":409,"column":4},"end":{"line":416,"column":5}},"type":"if","locations":[{"start":{"line":409,"column":4},"end":{"line":416,"column":5}},{"start":{},"end":{}}],"line":409},"64":{"loc":{"start":{"line":427,"column":4},"end":{"line":438,"column":5}},"type":"if","locations":[{"start":{"line":427,"column":4},"end":{"line":438,"column":5}},{"start":{},"end":{}}],"line":427}},"s":{"0":1,"1":1,"2":1,"3":1,"4":1,"5":3,"6":1,"7":2,"8":2,"9":1,"10":1,"11":1,"12":1,"13":1,"14":4,"15":1,"16":3,"17":3,"18":3,"19":1,"20":1,"21":2,"22":2,"23":2,"24":2,"25":2,"26":1,"27":1,"28":1,"29":1,"30":1,"31":0,"32":0,"33":0,"34":1,"35":2,"36":0,"37":2,"38":2,"39":0,"40":0,"41":0,"42":1,"43":4,"44":0,"45":4,"46":4,"47":4,"48":4,"49":1,"50":1,"51":3,"52":3,"53":3,"54":0,"55":0,"56":3,"57":1,"58":0,"59":3,"60":3,"61":3,"62":3,"63":0,"64":0,"65":0,"66":1,"67":2,"68":0,"69":2,"70":2,"71":2,"72":2,"73":2,"74":2,"75":2,"76":1,"77":1,"78":1,"79":0,"80":0,"81":1,"82":1,"83":1,"84":1,"85":1,"86":1,"87":1,"88":1,"89":1,"90":0,"91":0,"92":0,"93":1,"94":2,"95":0,"96":2,"97":2,"98":2,"99":2,"100":2,"101":0,"102":0,"103":0,"104":1,"105":0,"106":0,"107":0,"108":0,"109":1,"110":5,"111":0,"112":5,"113":5,"114":5,"115":0,"116":0,"117":5,"118":1,"119":1,"120":4,"121":1,"122":1,"123":3,"124":3,"125":3,"126":1,"127":1,"128":2,"129":2,"130":2,"131":2,"132":0,"133":0,"134":0,"135":1,"136":3,"137":0,"138":3,"139":3,"140":3,"141":3,"142":3,"143":3,"144":3,"145":0,"146":0,"147":0,"148":1,"149":2,"150":0,"151":2,"152":2,"153":2,"154":0,"155":0,"156":0,"157":1,"158":3,"159":0,"160":3,"161":3,"162":3,"163":3,"164":1,"165":1,"166":2,"167":1,"168":1,"169":1,"170":0,"171":0,"172":0,"173":1,"174":4,"175":0,"176":4,"177":4,"178":4,"179":4,"180":0,"181":0,"182":4,"183":1,"184":1,"185":3,"186":3,"187":2,"188":2,"189":1,"190":1,"191":0,"192":0,"193":0,"194":0,"195":0,"196":0,"197":0,"198":0,"199":0,"200":0,"201":0,"202":0,"203":0,"204":0,"205":0,"206":0,"207":0,"208":1,"209":0,"210":0,"211":0,"212":1,"213":1,"214":1,"215":0,"216":0,"217":0,"218":0,"219":0,"220":1,"221":1,"222":1,"223":0,"224":0,"225":0},"f":{"0":3,"1":4,"2":2,"3":4,"4":0,"5":2,"6":0,"7":2,"8":0,"9":5,"10":3,"11":2,"12":3,"13":4,"14":0,"15":0},"b":{"0":[1,2],"1":[3,2],"2":[1,3],"3":[4,3],"4":[1,2],"5":[1,1],"6":[0,2],"7":[2,2],"8":[0,4],"9":[4,4],"10":[4,4],"11":[4,4],"12":[1,3],"13":[4,4,3],"14":[0,3],"15":[1,2],"16":[3,3],"17":[3,3],"18":[1,2],"19":[0,2],"20":[2,2],"21":[2,2],"22":[2,2],"23":[2,2],"24":[1,1],"25":[0,1],"26":[1,1],"27":[1,1],"28":[1,0],"29":[1,0],"30":[1,0],"31":[0,1],"32":[0,2],"33":[2,2],"34":[0,0],"35":[0,5],"36":[5,5],"37":[5,5],"38":[0,5],"39":[1,4],"40":[1,3],"41":[1,2],"42":[0,3],"43":[3,3],"44":[3,2],"45":[0,2],"46":[2,2],"47":[0,3],"48":[3,3],"49":[1,2],"50":[1,1],"51":[0,4],"52":[4,4],"53":[0,4],"54":[1,3],"55":[2,1],"56":[3,3,2],"57":[0,0],"58":[0,0],"59":[0,0],"60":[0,0],"61":[0,0],"62":[0,0],"63":[0,1],"64":[0,1]},"_coverageSchema":"1a1c01bbd47fc00a2c39e90264f33305004495a9","hash":"8a74bcb7e4f375ae952719fe8712f8f848cbd477"}
,"D:\\Code\\Nodejs\\Final_NodeJS\\models\\user.js": {"path":"D:\\Code\\Nodejs\\Final_NodeJS\\models\\user.js","statementMap":{"0":{"start":{"line":1,"column":17},"end":{"line":1,"column":36}},"1":{"start":{"line":2,"column":15},"end":{"line":2,"column":30}},"2":{"start":{"line":4,"column":22},"end":{"line":33,"column":2}},"3":{"start":{"line":35,"column":19},"end":{"line":92,"column":2}},"4":{"start":{"line":49,"column":6},"end":{"line":49,"column":28}},"5":{"start":{"line":94,"column":0},"end":{"line":94,"column":76}}},"fnMap":{"0":{"name":"(anonymous_0)","decl":{"start":{"line":47,"column":14},"end":{"line":47,"column":15}},"loc":{"start":{"line":47,"column":26},"end":{"line":50,"column":5}},"line":47}},"branchMap":{"0":{"loc":{"start":{"line":94,"column":17},"end":{"line":94,"column":75}},"type":"binary-expr","locations":[{"start":{"line":94,"column":17},"end":{"line":94,"column":37}},{"start":{"line":94,"column":41},"end":{"line":94,"column":75}}],"line":94}},"s":{"0":2,"1":2,"2":2,"3":2,"4":95,"5":2},"f":{"0":95},"b":{"0":[2,2]},"_coverageSchema":"1a1c01bbd47fc00a2c39e90264f33305004495a9","hash":"76e2eea8bb999da8fb352876a74749e32c089a40"}
}
