TN:
SF:controllers\admin.js
FN:9,(anonymous_0)
FN:16,(anonymous_1)
FN:68,(anonymous_2)
FN:120,(anonymous_3)
FN:144,(anonymous_4)
FN:171,(anonymous_5)
FN:196,(anonymous_6)
FN:242,(anonymous_7)
FN:256,(anonymous_8)
FN:271,(anonymous_9)
FN:295,(anonymous_10)
FN:326,(anonymous_11)
FN:377,(anonymous_12)
FN:409,(anonymous_13)
FN:436,(anonymous_14)
FN:462,(anonymous_15)
FN:473,(anonymous_16)
FN:481,(anonymous_17)
FN:533,(anonymous_18)
FN:561,(anonymous_19)
FN:571,(anonymous_20)
FN:593,(anonymous_21)
FN:640,(anonymous_22)
FN:680,(anonymous_23)
FN:732,(anonymous_24)
FN:755,(anonymous_25)
FN:801,(anonymous_26)
FN:853,(anonymous_27)
FN:881,(anonymous_28)
FN:906,(anonymous_29)
FN:957,(anonymous_30)
FN:1004,(anonymous_31)
FN:1011,(anonymous_32)
FN:1054,(anonymous_33)
FN:1076,(anonymous_34)
FN:1115,(anonymous_35)
FNF:36
FNH:0
FNDA:0,(anonymous_0)
FNDA:0,(anonymous_1)
FNDA:0,(anonymous_2)
FNDA:0,(anonymous_3)
FNDA:0,(anonymous_4)
FNDA:0,(anonymous_5)
FNDA:0,(anonymous_6)
FNDA:0,(anonymous_7)
FNDA:0,(anonymous_8)
FNDA:0,(anonymous_9)
FNDA:0,(anonymous_10)
FNDA:0,(anonymous_11)
FNDA:0,(anonymous_12)
FNDA:0,(anonymous_13)
FNDA:0,(anonymous_14)
FNDA:0,(anonymous_15)
FNDA:0,(anonymous_16)
FNDA:0,(anonymous_17)
FNDA:0,(anonymous_18)
FNDA:0,(anonymous_19)
FNDA:0,(anonymous_20)
FNDA:0,(anonymous_21)
FNDA:0,(anonymous_22)
FNDA:0,(anonymous_23)
FNDA:0,(anonymous_24)
FNDA:0,(anonymous_25)
FNDA:0,(anonymous_26)
FNDA:0,(anonymous_27)
FNDA:0,(anonymous_28)
FNDA:0,(anonymous_29)
FNDA:0,(anonymous_30)
FNDA:0,(anonymous_31)
FNDA:0,(anonymous_32)
FNDA:0,(anonymous_33)
FNDA:0,(anonymous_34)
FNDA:0,(anonymous_35)
DA:1,0
DA:2,0
DA:3,0
DA:4,0
DA:5,0
DA:6,0
DA:7,0
DA:9,0
DA:10,0
DA:12,0
DA:16,0
DA:19,0
DA:22,0
DA:27,0
DA:30,0
DA:33,0
DA:38,0
DA:44,0
DA:48,0
DA:61,0
DA:62,0
DA:63,0
DA:68,0
DA:69,0
DA:70,0
DA:74,0
DA:76,0
DA:78,0
DA:79,0
DA:80,0
DA:83,0
DA:84,0
DA:85,0
DA:86,0
DA:87,0
DA:90,0
DA:91,0
DA:92,0
DA:95,0
DA:96,0
DA:97,0
DA:100,0
DA:101,0
DA:102,0
DA:103,0
DA:104,0
DA:107,0
DA:108,0
DA:112,0
DA:120,0
DA:121,0
DA:124,0
DA:133,0
DA:142,0
DA:144,0
DA:145,0
DA:146,0
DA:150,0
DA:168,0
DA:169,0
DA:171,0
DA:172,0
DA:173,0
DA:177,0
DA:187,0
DA:188,0
DA:196,0
DA:197,0
DA:198,0
DA:199,0
DA:200,0
DA:203,0
DA:205,0
DA:206,0
DA:209,0
DA:210,0
DA:214,0
DA:220,0
DA:223,0
DA:225,0
DA:236,0
DA:237,0
DA:238,0
DA:242,0
DA:243,0
DA:245,0
DA:246,0
DA:249,0
DA:252,0
DA:253,0
DA:256,0
DA:257,0
DA:258,0
DA:264,0
DA:267,0
DA:268,0
DA:271,0
DA:272,0
DA:273,0
DA:279,0
DA:280,0
DA:282,0
DA:289,0
DA:290,0
DA:291,0
DA:295,0
DA:296,0
DA:308,0
DA:311,0
DA:317,0
DA:318,0
DA:319,0
DA:320,0
DA:324,0
DA:325,0
DA:326,0
DA:327,0
DA:332,0
DA:333,0
DA:334,0
DA:335,0
DA:337,0
DA:338,0
DA:339,0
DA:348,0
DA:349,0
DA:350,0
DA:351,0
DA:352,0
DA:355,0
DA:358,0
DA:360,0
DA:361,0
DA:362,0
DA:363,0
DA:369,0
DA:377,0
DA:378,0
DA:383,0
DA:398,0
DA:400,0
DA:401,0
DA:403,0
DA:404,0
DA:405,0
DA:409,0
DA:410,0
DA:411,0
DA:413,0
DA:414,0
DA:415,0
DA:416,0
DA:419,0
DA:420,0
DA:422,0
DA:430,0
DA:431,0
DA:432,0
DA:436,0
DA:437,0
DA:438,0
DA:451,0
DA:453,0
DA:454,0
DA:455,0
DA:456,0
DA:460,0
DA:461,0
DA:462,0
DA:463,0
DA:468,0
DA:469,0
DA:470,0
DA:473,0
DA:474,0
DA:475,0
DA:476,0
DA:481,0
DA:485,0
DA:488,0
DA:489,0
DA:490,0
DA:491,0
DA:493,0
DA:494,0
DA:495,0
DA:504,0
DA:505,0
DA:506,0
DA:507,0
DA:508,0
DA:511,0
DA:514,0
DA:516,0
DA:517,0
DA:518,0
DA:519,0
DA:525,0
DA:533,0
DA:534,0
DA:539,0
DA:540,0
DA:541,0
DA:542,0
DA:543,0
DA:544,0
DA:545,0
DA:546,0
DA:547,0
DA:548,0
DA:550,0
DA:552,0
DA:553,0
DA:555,0
DA:556,0
DA:557,0
DA:561,0
DA:562,0
DA:563,0
DA:565,0
DA:566,0
DA:567,0
DA:571,0
DA:573,0
DA:574,0
DA:576,0
DA:577,0
DA:578,0
DA:579,0
DA:583,0
DA:585,0
DA:587,0
DA:588,0
DA:593,0
DA:594,0
DA:595,0
DA:596,0
DA:597,0
DA:600,0
DA:602,0
DA:603,0
DA:606,0
DA:607,0
DA:615,0
DA:622,0
DA:624,0
DA:634,0
DA:635,0
DA:636,0
DA:640,0
DA:641,0
DA:642,0
DA:644,0
DA:651,0
DA:652,0
DA:653,0
DA:657,0
DA:658,0
DA:667,0
DA:673,0
DA:674,0
DA:675,0
DA:680,0
DA:681,0
DA:682,0
DA:683,0
DA:685,0
DA:686,0
DA:687,0
DA:691,0
DA:692,0
DA:695,0
DA:702,0
DA:704,0
DA:707,0
DA:708,0
DA:709,0
DA:710,0
DA:713,0
DA:714,0
DA:718,0
DA:720,0
DA:726,0
DA:727,0
DA:732,0
DA:733,0
DA:734,0
DA:736,0
DA:737,0
DA:738,0
DA:739,0
DA:742,0
DA:748,0
DA:749,0
DA:750,0
DA:755,0
DA:756,0
DA:757,0
DA:758,0
DA:760,0
DA:761,0
DA:762,0
DA:763,0
DA:765,0
DA:766,0
DA:767,0
DA:774,0
DA:776,0
DA:778,0
DA:779,0
DA:780,0
DA:781,0
DA:784,0
DA:785,0
DA:789,0
DA:791,0
DA:792,0
DA:794,0
DA:795,0
DA:796,0
DA:801,0
DA:802,0
DA:803,0
DA:804,0
DA:805,0
DA:808,0
DA:810,0
DA:811,0
DA:814,0
DA:815,0
DA:816,0
DA:817,0
DA:820,0
DA:821,0
DA:829,0
DA:835,0
DA:837,0
DA:847,0
DA:848,0
DA:849,0
DA:853,0
DA:854,0
DA:855,0
DA:857,0
DA:858,0
DA:859,0
DA:860,0
DA:864,0
DA:868,0
DA:875,0
DA:876,0
DA:877,0
DA:881,0
DA:882,0
DA:883,0
DA:884,0
DA:886,0
DA:887,0
DA:890,0
DA:895,0
DA:901,0
DA:902,0
DA:906,0
DA:907,0
DA:908,0
DA:909,0
DA:911,0
DA:912,0
DA:913,0
DA:917,0
DA:918,0
DA:921,0
DA:922,0
DA:923,0
DA:924,0
DA:925,0
DA:927,0
DA:931,0
DA:932,0
DA:933,0
DA:934,0
DA:935,0
DA:937,0
DA:942,0
DA:948,0
DA:949,0
DA:957,0
DA:958,0
DA:959,0
DA:960,0
DA:961,0
DA:964,0
DA:966,0
DA:967,0
DA:968,0
DA:969,0
DA:972,0
DA:973,0
DA:980,0
DA:986,0
DA:988,0
DA:998,0
DA:999,0
DA:1000,0
DA:1004,0
DA:1005,0
DA:1011,0
DA:1012,0
DA:1022,0
DA:1025,0
DA:1026,0
DA:1027,0
DA:1028,0
DA:1032,0
DA:1043,0
DA:1045,0
DA:1046,0
DA:1048,0
DA:1049,0
DA:1050,0
DA:1054,0
DA:1055,0
DA:1056,0
DA:1058,0
DA:1059,0
DA:1060,0
DA:1061,0
DA:1064,0
DA:1070,0
DA:1071,0
DA:1072,0
DA:1076,0
DA:1077,0
DA:1078,0
DA:1087,0
DA:1089,0
DA:1090,0
DA:1091,0
DA:1092,0
DA:1096,0
DA:1097,0
DA:1098,0
DA:1099,0
DA:1100,0
DA:1101,0
DA:1102,0
DA:1104,0
DA:1106,0
DA:1107,0
DA:1109,0
DA:1110,0
DA:1111,0
DA:1115,0
DA:1116,0
DA:1117,0
DA:1120,0
DA:1121,0
DA:1122,0
DA:1123,0
DA:1126,0
DA:1127,0
DA:1129,0
DA:1130,0
DA:1131,0
LF:464
LH:0
BRDA:76,0,0,0
BRDA:76,0,1,0
BRDA:76,0,2,0
BRDA:76,0,3,0
BRDA:76,0,4,0
BRDA:76,0,5,0
BRDA:198,1,0,0
BRDA:198,1,1,0
BRDA:205,2,0,0
BRDA:205,2,1,0
BRDA:209,3,0,0
BRDA:209,3,1,0
BRDA:252,4,0,0
BRDA:252,4,1,0
BRDA:257,5,0,0
BRDA:257,5,1,0
BRDA:267,6,0,0
BRDA:267,6,1,0
BRDA:272,7,0,0
BRDA:272,7,1,0
BRDA:318,8,0,0
BRDA:318,8,1,0
BRDA:325,9,0,0
BRDA:325,9,1,0
BRDA:325,10,0,0
BRDA:325,10,1,0
BRDA:333,11,0,0
BRDA:333,11,1,0
BRDA:334,12,0,0
BRDA:334,12,1,0
BRDA:335,13,0,0
BRDA:335,13,1,0
BRDA:338,14,0,0
BRDA:338,14,1,0
BRDA:338,15,0,0
BRDA:338,15,1,0
BRDA:349,16,0,0
BRDA:349,16,1,0
BRDA:350,17,0,0
BRDA:350,17,1,0
BRDA:351,18,0,0
BRDA:351,18,1,0
BRDA:352,19,0,0
BRDA:352,19,1,0
BRDA:355,20,0,0
BRDA:355,20,1,0
BRDA:361,21,0,0
BRDA:361,21,1,0
BRDA:361,22,0,0
BRDA:361,22,1,0
BRDA:362,23,0,0
BRDA:362,23,1,0
BRDA:371,24,0,0
BRDA:371,24,1,0
BRDA:372,25,0,0
BRDA:372,25,1,0
BRDA:388,26,0,0
BRDA:388,26,1,0
BRDA:414,27,0,0
BRDA:414,27,1,0
BRDA:454,28,0,0
BRDA:454,28,1,0
BRDA:461,29,0,0
BRDA:461,29,1,0
BRDA:461,30,0,0
BRDA:461,30,1,0
BRDA:469,31,0,0
BRDA:469,31,1,0
BRDA:470,32,0,0
BRDA:470,32,1,0
BRDA:475,33,0,0
BRDA:475,33,1,0
BRDA:489,34,0,0
BRDA:489,34,1,0
BRDA:490,35,0,0
BRDA:490,35,1,0
BRDA:491,36,0,0
BRDA:491,36,1,0
BRDA:494,37,0,0
BRDA:494,37,1,0
BRDA:494,38,0,0
BRDA:494,38,1,0
BRDA:505,39,0,0
BRDA:505,39,1,0
BRDA:506,40,0,0
BRDA:506,40,1,0
BRDA:507,41,0,0
BRDA:507,41,1,0
BRDA:508,42,0,0
BRDA:508,42,1,0
BRDA:511,43,0,0
BRDA:511,43,1,0
BRDA:517,44,0,0
BRDA:517,44,1,0
BRDA:517,45,0,0
BRDA:517,45,1,0
BRDA:518,46,0,0
BRDA:518,46,1,0
BRDA:527,47,0,0
BRDA:527,47,1,0
BRDA:528,48,0,0
BRDA:528,48,1,0
BRDA:542,49,0,0
BRDA:542,49,1,0
BRDA:566,50,0,0
BRDA:566,50,1,0
BRDA:576,51,0,0
BRDA:576,51,1,0
BRDA:578,52,0,0
BRDA:578,52,1,0
BRDA:595,53,0,0
BRDA:595,53,1,0
BRDA:602,54,0,0
BRDA:602,54,1,0
BRDA:606,55,0,0
BRDA:606,55,1,0
BRDA:651,56,0,0
BRDA:651,56,1,0
BRDA:657,57,0,0
BRDA:657,57,1,0
BRDA:686,58,0,0
BRDA:686,58,1,0
BRDA:698,59,0,0
BRDA:698,59,1,0
BRDA:702,60,0,0
BRDA:702,60,1,0
BRDA:702,61,0,0
BRDA:702,61,1,0
BRDA:704,62,0,0
BRDA:704,62,1,0
BRDA:708,63,0,0
BRDA:708,63,1,0
BRDA:708,64,0,0
BRDA:708,64,1,0
BRDA:737,65,0,0
BRDA:737,65,1,0
BRDA:761,66,0,0
BRDA:761,66,1,0
BRDA:770,67,0,0
BRDA:770,67,1,0
BRDA:774,68,0,0
BRDA:774,68,1,0
BRDA:774,69,0,0
BRDA:774,69,1,0
BRDA:776,70,0,0
BRDA:776,70,1,0
BRDA:779,71,0,0
BRDA:779,71,1,0
BRDA:779,72,0,0
BRDA:779,72,1,0
BRDA:803,73,0,0
BRDA:803,73,1,0
BRDA:810,74,0,0
BRDA:810,74,1,0
BRDA:814,75,0,0
BRDA:814,75,1,0
BRDA:816,76,0,0
BRDA:816,76,1,0
BRDA:820,77,0,0
BRDA:820,77,1,0
BRDA:858,78,0,0
BRDA:858,78,1,0
BRDA:886,79,0,0
BRDA:886,79,1,0
BRDA:912,80,0,0
BRDA:912,80,1,0
BRDA:917,81,0,0
BRDA:917,81,1,0
BRDA:921,82,0,0
BRDA:921,82,1,0
BRDA:923,83,0,0
BRDA:923,83,1,0
BRDA:931,84,0,0
BRDA:931,84,1,0
BRDA:959,85,0,0
BRDA:959,85,1,0
BRDA:966,86,0,0
BRDA:966,86,1,0
BRDA:968,87,0,0
BRDA:968,87,1,0
BRDA:972,88,0,0
BRDA:972,88,1,0
BRDA:1026,89,0,0
BRDA:1026,89,1,0
BRDA:1036,90,0,0
BRDA:1036,90,1,0
BRDA:1039,91,0,0
BRDA:1039,91,1,0
BRDA:1040,92,0,0
BRDA:1040,92,1,0
BRDA:1059,93,0,0
BRDA:1059,93,1,0
BRDA:1090,94,0,0
BRDA:1090,94,1,0
BRDA:1098,95,0,0
BRDA:1098,95,1,0
BRDA:1101,96,0,0
BRDA:1101,96,1,0
BRDA:1102,97,0,0
BRDA:1102,97,1,0
BRDA:1121,98,0,0
BRDA:1121,98,1,0
BRF:202
BRH:0
end_of_record
TN:
SF:controllers\auth.js
FN:13,(anonymous_0)
FN:36,(anonymous_1)
FN:40,(anonymous_2)
FN:59,(anonymous_3)
FN:77,(anonymous_4)
FN:89,(anonymous_5)
FN:146,(anonymous_6)
FN:164,(anonymous_7)
FN:177,(anonymous_8)
FN:184,(anonymous_9)
FN:200,(anonymous_10)
FN:212,(anonymous_11)
FN:220,(anonymous_12)
FN:270,(anonymous_13)
FN:297,(anonymous_14)
FN:336,(anonymous_15)
FN:337,(anonymous_16)
FNF:17
FNH:0
FNDA:0,(anonymous_0)
FNDA:0,(anonymous_1)
FNDA:0,(anonymous_2)
FNDA:0,(anonymous_3)
FNDA:0,(anonymous_4)
FNDA:0,(anonymous_5)
FNDA:0,(anonymous_6)
FNDA:0,(anonymous_7)
FNDA:0,(anonymous_8)
FNDA:0,(anonymous_9)
FNDA:0,(anonymous_10)
FNDA:0,(anonymous_11)
FNDA:0,(anonymous_12)
FNDA:0,(anonymous_13)
FNDA:0,(anonymous_14)
FNDA:0,(anonymous_15)
FNDA:0,(anonymous_16)
DA:1,0
DA:2,0
DA:3,0
DA:4,0
DA:5,0
DA:6,0
DA:7,0
DA:10,0
DA:13,0
DA:14,0
DA:15,0
DA:18,0
DA:19,0
DA:20,0
DA:23,0
DA:24,0
DA:27,0
DA:36,0
DA:37,0
DA:40,0
DA:41,0
DA:42,0
DA:43,0
DA:44,0
DA:45,0
DA:46,0
DA:53,0
DA:55,0
DA:59,0
DA:60,0
DA:61,0
DA:65,0
DA:66,0
DA:68,0
DA:71,0
DA:77,0
DA:78,0
DA:79,0
DA:82,0
DA:89,0
DA:90,0
DA:93,0
DA:94,0
DA:95,0
DA:96,0
DA:105,0
DA:107,0
DA:108,0
DA:109,0
DA:110,0
DA:120,0
DA:123,0
DA:130,0
DA:133,0
DA:134,0
DA:136,0
DA:137,0
DA:138,0
DA:139,0
DA:141,0
DA:146,0
DA:147,0
DA:148,0
DA:149,0
DA:150,0
DA:153,0
DA:154,0
DA:157,0
DA:158,0
DA:159,0
DA:164,0
DA:166,0
DA:167,0
DA:170,0
DA:172,0
DA:177,0
DA:178,0
DA:179,0
DA:181,0
DA:182,0
DA:184,0
DA:185,0
DA:186,0
DA:189,0
DA:190,0
DA:191,0
DA:194,0
DA:195,0
DA:196,0
DA:200,0
DA:201,0
DA:202,0
DA:205,0
DA:206,0
DA:212,0
DA:213,0
DA:220,0
DA:221,0
DA:223,0
DA:224,0
DA:227,0
DA:228,0
DA:229,0
DA:230,0
DA:231,0
DA:235,0
DA:236,0
DA:237,0
DA:239,0
DA:240,0
DA:243,0
DA:244,0
DA:246,0
DA:247,0
DA:249,0
DA:250,0
DA:251,0
DA:253,0
DA:254,0
DA:257,0
DA:258,0
DA:261,0
DA:263,0
DA:264,0
DA:265,0
DA:270,0
DA:271,0
DA:273,0
DA:275,0
DA:280,0
DA:281,0
DA:282,0
DA:285,0
DA:291,0
DA:292,0
DA:293,0
DA:297,0
DA:298,0
DA:301,0
DA:302,0
DA:303,0
DA:306,0
DA:308,0
DA:313,0
DA:314,0
DA:315,0
DA:319,0
DA:320,0
DA:321,0
DA:322,0
DA:324,0
DA:326,0
DA:327,0
DA:329,0
DA:330,0
DA:331,0
DA:336,0
DA:337,0
DA:338,0
DA:339,0
DA:342,0
LF:161
LH:0
BRDA:14,0,0,0
BRDA:14,0,1,0
BRDA:18,1,0,0
BRDA:18,1,1,0
BRDA:23,2,0,0
BRDA:23,2,1,0
BRDA:23,3,0,0
BRDA:23,3,1,0
BRDA:23,3,2,0
BRDA:37,4,0,0
BRDA:37,4,1,0
BRDA:41,5,0,0
BRDA:41,5,1,0
BRDA:43,6,0,0
BRDA:43,6,1,0
BRDA:44,7,0,0
BRDA:44,7,1,0
BRDA:53,8,0,0
BRDA:53,8,1,0
BRDA:60,9,0,0
BRDA:60,9,1,0
BRDA:78,10,0,0
BRDA:78,10,1,0
BRDA:94,11,0,0
BRDA:94,11,1,0
BRDA:108,12,0,0
BRDA:108,12,1,0
BRDA:133,13,0,0
BRDA:133,13,1,0
BRDA:136,14,0,0
BRDA:136,14,1,0
BRDA:147,15,0,0
BRDA:147,15,1,0
BRDA:166,16,0,0
BRDA:166,16,1,0
BRDA:178,17,0,0
BRDA:178,17,1,0
BRDA:185,18,0,0
BRDA:185,18,1,0
BRDA:189,19,0,0
BRDA:189,19,1,0
BRDA:194,20,0,0
BRDA:194,20,1,0
BRDA:201,21,0,0
BRDA:201,21,1,0
BRDA:228,22,0,0
BRDA:228,22,1,0
BRDA:249,23,0,0
BRDA:249,23,1,0
BRDA:280,24,0,0
BRDA:280,24,1,0
BRDA:301,25,0,0
BRDA:301,25,1,0
BRDA:313,26,0,0
BRDA:313,26,1,0
BRDA:338,27,0,0
BRDA:338,27,1,0
BRF:57
BRH:0
end_of_record
TN:
SF:controllers\cart.js
FN:7,(anonymous_0)
FN:31,(anonymous_1)
FN:31,(anonymous_2)
FN:51,(anonymous_3)
FN:81,(anonymous_4)
FN:83,(anonymous_5)
FN:125,(anonymous_6)
FN:129,(anonymous_7)
FN:163,(anonymous_8)
FN:175,(anonymous_9)
FN:204,(anonymous_10)
FN:226,(anonymous_11)
FN:228,(anonymous_12)
FN:263,(anonymous_13)
FN:283,(anonymous_14)
FN:290,(anonymous_15)
FN:302,(anonymous_16)
FN:407,(anonymous_17)
FNF:18
FNH:2
FNDA:1,(anonymous_0)
FNDA:0,(anonymous_1)
FNDA:0,(anonymous_2)
FNDA:1,(anonymous_3)
FNDA:0,(anonymous_4)
FNDA:0,(anonymous_5)
FNDA:0,(anonymous_6)
FNDA:0,(anonymous_7)
FNDA:0,(anonymous_8)
FNDA:0,(anonymous_9)
FNDA:0,(anonymous_10)
FNDA:0,(anonymous_11)
FNDA:0,(anonymous_12)
FNDA:0,(anonymous_13)
FNDA:0,(anonymous_14)
FNDA:0,(anonymous_15)
FNDA:0,(anonymous_16)
FNDA:0,(anonymous_17)
DA:1,1
DA:2,1
DA:3,1
DA:4,1
DA:7,1
DA:8,1
DA:11,1
DA:13,1
DA:14,0
DA:15,1
DA:17,0
DA:19,0
DA:20,0
DA:21,0
DA:22,0
DA:23,0
DA:29,0
DA:31,0
DA:34,0
DA:35,0
DA:38,0
DA:44,1
DA:45,1
DA:46,1
DA:51,1
DA:52,1
DA:53,1
DA:56,1
DA:57,1
DA:58,0
DA:65,1
DA:66,0
DA:67,0
DA:74,0
DA:75,0
DA:78,0
DA:80,0
DA:81,0
DA:82,0
DA:83,0
DA:84,0
DA:85,0
DA:86,0
DA:91,0
DA:94,0
DA:97,0
DA:98,0
DA:106,0
DA:107,0
DA:108,0
DA:109,0
DA:112,0
DA:113,0
DA:119,0
DA:120,0
DA:125,0
DA:126,0
DA:128,0
DA:129,0
DA:130,0
DA:134,0
DA:137,0
DA:139,0
DA:142,0
DA:150,0
DA:152,0
DA:153,0
DA:160,0
DA:163,0
DA:166,1
DA:167,1
DA:175,1
DA:176,0
DA:177,0
DA:180,0
DA:181,0
DA:182,0
DA:190,0
DA:191,0
DA:192,0
DA:193,0
DA:196,0
DA:197,0
DA:204,0
DA:205,0
DA:206,0
DA:213,0
DA:214,0
DA:215,0
DA:216,0
DA:223,0
DA:224,0
DA:225,0
DA:226,0
DA:227,0
DA:228,0
DA:229,0
DA:230,0
DA:237,0
DA:238,0
DA:245,0
DA:246,0
DA:248,0
DA:254,0
DA:255,0
DA:263,1
DA:264,0
DA:265,0
DA:269,0
DA:270,0
DA:271,0
DA:272,0
DA:275,0
DA:276,0
DA:283,0
DA:284,0
DA:286,0
DA:290,0
DA:293,0
DA:294,0
DA:302,1
DA:303,0
DA:304,0
DA:306,0
DA:307,0
DA:313,0
DA:319,0
DA:320,0
DA:327,0
DA:328,0
DA:335,0
DA:336,0
DA:337,0
DA:342,0
DA:343,0
DA:351,0
DA:352,0
DA:353,0
DA:354,0
DA:357,0
DA:358,0
DA:365,0
DA:368,0
DA:369,0
DA:376,0
DA:382,0
DA:383,0
DA:386,0
DA:387,0
DA:389,0
DA:398,0
DA:399,0
DA:407,1
DA:408,0
DA:411,0
DA:412,0
DA:413,0
DA:414,0
DA:417,0
DA:418,0
DA:425,0
DA:426,0
DA:428,0
DA:434,0
DA:435,0
LF:165
LH:24
BRDA:13,0,0,0
BRDA:13,0,1,1
BRDA:15,1,0,0
BRDA:15,1,1,0
BRDA:15,2,0,1
BRDA:15,2,1,0
BRDA:22,3,0,0
BRDA:22,3,1,0
BRDA:34,4,0,0
BRDA:34,4,1,0
BRDA:57,5,0,0
BRDA:57,5,1,1
BRDA:57,6,0,1
BRDA:57,6,1,1
BRDA:66,7,0,0
BRDA:66,7,1,0
BRDA:75,8,0,0
BRDA:75,8,1,0
BRDA:78,9,0,0
BRDA:78,9,1,0
BRDA:78,10,0,0
BRDA:78,10,1,0
BRDA:78,10,2,0
BRDA:82,11,0,0
BRDA:82,11,1,0
BRDA:84,12,0,0
BRDA:84,12,1,0
BRDA:85,13,0,0
BRDA:85,13,1,0
BRDA:86,14,0,0
BRDA:86,14,1,0
BRDA:91,15,0,0
BRDA:91,15,1,0
BRDA:97,16,0,0
BRDA:97,16,1,0
BRDA:106,17,0,0
BRDA:106,17,1,0
BRDA:108,18,0,0
BRDA:108,18,1,0
BRDA:112,19,0,0
BRDA:112,19,1,0
BRDA:114,20,0,0
BRDA:114,20,1,0
BRDA:115,21,0,0
BRDA:115,21,1,0
BRDA:115,22,0,0
BRDA:115,22,1,0
BRDA:119,23,0,0
BRDA:119,23,1,0
BRDA:126,24,0,0
BRDA:126,24,1,0
BRDA:128,25,0,0
BRDA:128,25,1,0
BRDA:128,26,0,0
BRDA:128,26,1,0
BRDA:137,27,0,0
BRDA:137,27,1,0
BRDA:146,28,0,0
BRDA:146,28,1,0
BRDA:152,29,0,0
BRDA:152,29,1,0
BRDA:181,30,0,0
BRDA:181,30,1,0
BRDA:181,31,0,0
BRDA:181,31,1,0
BRDA:190,32,0,0
BRDA:190,32,1,0
BRDA:192,33,0,0
BRDA:192,33,1,0
BRDA:196,34,0,0
BRDA:196,34,1,0
BRDA:205,35,0,0
BRDA:205,35,1,0
BRDA:215,36,0,0
BRDA:215,36,1,0
BRDA:224,37,0,0
BRDA:224,37,1,0
BRDA:224,38,0,0
BRDA:224,38,1,0
BRDA:227,39,0,0
BRDA:227,39,1,0
BRDA:229,40,0,0
BRDA:229,40,1,0
BRDA:229,41,0,0
BRDA:229,41,1,0
BRDA:237,42,0,0
BRDA:237,42,1,0
BRDA:251,43,0,0
BRDA:251,43,1,0
BRDA:269,44,0,0
BRDA:269,44,1,0
BRDA:271,45,0,0
BRDA:271,45,1,0
BRDA:275,46,0,0
BRDA:275,46,1,0
BRDA:289,47,0,0
BRDA:289,47,1,0
BRDA:306,48,0,0
BRDA:306,48,1,0
BRDA:306,49,0,0
BRDA:306,49,1,0
BRDA:319,50,0,0
BRDA:319,50,1,0
BRDA:327,51,0,0
BRDA:327,51,1,0
BRDA:327,52,0,0
BRDA:327,52,1,0
BRDA:336,53,0,0
BRDA:336,53,1,0
BRDA:336,54,0,0
BRDA:336,54,1,0
BRDA:342,55,0,0
BRDA:342,55,1,0
BRDA:342,56,0,0
BRDA:342,56,1,0
BRDA:351,57,0,0
BRDA:351,57,1,0
BRDA:353,58,0,0
BRDA:353,58,1,0
BRDA:357,59,0,0
BRDA:357,59,1,0
BRDA:357,60,0,0
BRDA:357,60,1,0
BRDA:368,61,0,0
BRDA:368,61,1,0
BRDA:368,62,0,0
BRDA:368,62,1,0
BRDA:411,63,0,0
BRDA:411,63,1,0
BRDA:413,64,0,0
BRDA:413,64,1,0
BRDA:417,65,0,0
BRDA:417,65,1,0
BRF:133
BRH:5
end_of_record
TN:
SF:controllers\compare.js
FN:14,(anonymous_0)
FN:27,(anonymous_1)
FN:47,(anonymous_2)
FN:49,(anonymous_3)
FN:58,(anonymous_4)
FN:59,(anonymous_5)
FN:60,(anonymous_6)
FN:70,(anonymous_7)
FN:78,(anonymous_8)
FN:82,(anonymous_9)
FN:86,(anonymous_10)
FN:109,(anonymous_11)
FN:177,(anonymous_12)
FN:214,(anonymous_13)
FN:247,(anonymous_14)
FN:280,(anonymous_15)
FNF:16
FNH:7
FNDA:25,(anonymous_0)
FNDA:1,(anonymous_1)
FNDA:0,(anonymous_2)
FNDA:0,(anonymous_3)
FNDA:0,(anonymous_4)
FNDA:0,(anonymous_5)
FNDA:0,(anonymous_6)
FNDA:0,(anonymous_7)
FNDA:0,(anonymous_8)
FNDA:0,(anonymous_9)
FNDA:0,(anonymous_10)
FNDA:18,(anonymous_11)
FNDA:2,(anonymous_12)
FNDA:1,(anonymous_13)
FNDA:3,(anonymous_14)
FNDA:2,(anonymous_15)
DA:6,1
DA:9,1
DA:14,1
DA:15,25
DA:16,12
DA:21,25
DA:27,1
DA:28,1
DA:29,1
DA:31,1
DA:32,1
DA:41,0
DA:46,0
DA:47,0
DA:48,0
DA:49,0
DA:50,0
DA:51,0
DA:58,0
DA:59,0
DA:60,0
DA:61,0
DA:63,0
DA:67,0
DA:71,0
DA:72,0
DA:78,0
DA:82,0
DA:87,0
DA:88,0
DA:93,0
DA:100,0
DA:101,0
DA:102,0
DA:109,1
DA:110,18
DA:111,18
DA:113,18
DA:114,1
DA:120,17
DA:123,17
DA:124,1
DA:131,16
DA:132,1
DA:139,15
DA:140,15
DA:141,1
DA:148,14
DA:149,1
DA:156,13
DA:157,13
DA:159,13
DA:166,0
DA:167,0
DA:177,1
DA:178,2
DA:179,2
DA:180,2
DA:182,2
DA:183,2
DA:184,1
DA:190,1
DA:193,1
DA:194,1
DA:197,1
DA:203,0
DA:204,0
DA:214,1
DA:215,1
DA:216,1
DA:222,1
DA:223,1
DA:229,0
DA:230,0
DA:232,0
DA:233,0
DA:234,0
DA:239,0
DA:240,0
DA:247,1
DA:248,3
DA:249,3
DA:251,3
DA:252,2
DA:259,1
DA:263,1
DA:269,0
DA:270,0
DA:280,1
DA:281,2
DA:282,2
DA:283,2
DA:285,2
DA:290,0
DA:291,0
LF:95
LH:57
BRDA:15,0,0,12
BRDA:15,0,1,13
BRDA:31,1,0,1
BRDA:31,1,1,0
BRDA:48,2,0,0
BRDA:48,2,1,0
BRDA:50,3,0,0
BRDA:50,3,1,0
BRDA:61,4,0,0
BRDA:61,4,1,0
BRDA:71,5,0,0
BRDA:71,5,1,0
BRDA:78,6,0,0
BRDA:78,6,1,0
BRDA:82,7,0,0
BRDA:82,7,1,0
BRDA:87,8,0,0
BRDA:87,8,1,0
BRDA:87,9,0,0
BRDA:87,9,1,0
BRDA:113,10,0,1
BRDA:113,10,1,17
BRDA:123,11,0,1
BRDA:123,11,1,16
BRDA:131,12,0,1
BRDA:131,12,1,15
BRDA:140,13,0,1
BRDA:140,13,1,14
BRDA:148,14,0,1
BRDA:148,14,1,13
BRDA:148,15,0,14
BRDA:148,15,1,6
BRDA:183,16,0,1
BRDA:183,16,1,1
BRDA:193,17,0,1
BRDA:193,17,1,0
BRDA:222,18,0,1
BRDA:222,18,1,0
BRDA:222,19,0,1
BRDA:222,19,1,1
BRDA:233,20,0,0
BRDA:233,20,1,0
BRDA:233,21,0,0
BRDA:233,21,1,0
BRDA:251,22,0,2
BRDA:251,22,1,1
BRF:46
BRH:23
end_of_record
TN:
SF:controllers\coupon.js
FN:4,(anonymous_0)
FN:16,(anonymous_1)
FN:68,(anonymous_2)
FN:82,(anonymous_3)
FNF:4
FNH:0
FNDA:0,(anonymous_0)
FNDA:0,(anonymous_1)
FNDA:0,(anonymous_2)
FNDA:0,(anonymous_3)
DA:1,0
DA:4,0
DA:5,0
DA:6,0
DA:7,0
DA:9,0
DA:10,0
DA:11,0
DA:16,0
DA:17,0
DA:20,0
DA:22,0
DA:23,0
DA:24,0
DA:27,0
DA:28,0
DA:29,0
DA:30,0
DA:34,0
DA:35,0
DA:36,0
DA:39,0
DA:40,0
DA:41,0
DA:42,0
DA:43,0
DA:44,0
DA:48,0
DA:57,0
DA:58,0
DA:59,0
DA:61,0
DA:62,0
DA:63,0
DA:68,0
DA:69,0
DA:70,0
DA:71,0
DA:72,0
DA:73,0
DA:75,0
DA:76,0
DA:77,0
DA:82,0
DA:83,0
LF:45
LH:0
BRDA:22,0,0,0
BRDA:22,0,1,0
BRDA:28,1,0,0
BRDA:28,1,1,0
BRDA:34,2,0,0
BRDA:34,2,1,0
BRDA:40,3,0,0
BRDA:40,3,1,0
BRDA:42,4,0,0
BRDA:42,4,1,0
BRDA:42,5,0,0
BRDA:42,5,1,0
BRDA:42,5,2,0
BRDA:52,6,0,0
BRDA:52,6,1,0
BRDA:54,7,0,0
BRDA:54,7,1,0
BRF:17
BRH:0
end_of_record
TN:
SF:controllers\order.js
FN:12,(anonymous_0)
FN:19,(anonymous_1)
FN:34,(anonymous_2)
FN:51,(anonymous_3)
FN:96,(anonymous_4)
FN:216,(anonymous_5)
FN:229,(anonymous_6)
FN:254,(anonymous_7)
FN:268,(anonymous_8)
FN:273,(anonymous_9)
FN:296,(anonymous_10)
FN:335,(anonymous_11)
FN:355,(anonymous_12)
FN:461,(anonymous_13)
FN:488,(anonymous_14)
FN:515,(anonymous_15)
FN:531,(anonymous_16)
FN:654,(anonymous_17)
FN:696,(anonymous_18)
FN:739,(anonymous_19)
FN:790,(anonymous_20)
FN:815,(anonymous_21)
FNF:22
FNH:0
FNDA:0,(anonymous_0)
FNDA:0,(anonymous_1)
FNDA:0,(anonymous_2)
FNDA:0,(anonymous_3)
FNDA:0,(anonymous_4)
FNDA:0,(anonymous_5)
FNDA:0,(anonymous_6)
FNDA:0,(anonymous_7)
FNDA:0,(anonymous_8)
FNDA:0,(anonymous_9)
FNDA:0,(anonymous_10)
FNDA:0,(anonymous_11)
FNDA:0,(anonymous_12)
FNDA:0,(anonymous_13)
FNDA:0,(anonymous_14)
FNDA:0,(anonymous_15)
FNDA:0,(anonymous_16)
FNDA:0,(anonymous_17)
FNDA:0,(anonymous_18)
FNDA:0,(anonymous_19)
FNDA:0,(anonymous_20)
FNDA:0,(anonymous_21)
DA:1,0
DA:2,0
DA:3,0
DA:4,0
DA:5,0
DA:6,0
DA:7,0
DA:8,0
DA:12,0
DA:14,0
DA:15,0
DA:19,0
DA:20,0
DA:21,0
DA:22,0
DA:23,0
DA:24,0
DA:26,0
DA:28,0
DA:29,0
DA:34,0
DA:35,0
DA:36,0
DA:40,0
DA:45,0
DA:46,0
DA:51,0
DA:52,0
DA:53,0
DA:55,0
DA:56,0
DA:57,0
DA:61,0
DA:62,0
DA:65,0
DA:67,0
DA:70,0
DA:71,0
DA:74,0
DA:75,0
DA:77,0
DA:79,0
DA:85,0
DA:91,0
DA:92,0
DA:96,0
DA:97,0
DA:98,0
DA:99,0
DA:100,0
DA:101,0
DA:102,0
DA:104,0
DA:107,0
DA:108,0
DA:110,0
DA:113,0
DA:115,0
DA:117,0
DA:118,0
DA:121,0
DA:122,0
DA:125,0
DA:131,0
DA:132,0
DA:150,0
DA:151,0
DA:152,0
DA:155,0
DA:156,0
DA:157,0
DA:161,0
DA:163,0
DA:168,0
DA:171,0
DA:172,0
DA:173,0
DA:175,0
DA:177,0
DA:178,0
DA:182,0
DA:184,0
DA:185,0
DA:190,0
DA:191,0
DA:194,0
DA:195,0
DA:200,0
DA:201,0
DA:203,0
DA:208,0
DA:210,0
DA:211,0
DA:212,0
DA:216,0
DA:217,0
DA:218,0
DA:219,0
DA:220,0
DA:224,0
DA:227,0
DA:228,0
DA:229,0
DA:233,0
DA:234,0
DA:236,0
DA:245,0
DA:246,0
DA:254,0
DA:255,0
DA:257,0
DA:258,0
DA:259,0
DA:262,0
DA:265,0
DA:266,0
DA:267,0
DA:268,0
DA:273,0
DA:274,0
DA:275,0
DA:277,0
DA:287,0
DA:288,0
DA:296,0
DA:297,0
DA:303,0
DA:306,0
DA:307,0
DA:308,0
DA:312,0
DA:313,0
DA:314,0
DA:315,0
DA:319,0
DA:320,0
DA:321,0
DA:324,0
DA:327,0
DA:328,0
DA:329,0
DA:330,0
DA:333,0
DA:334,0
DA:335,0
DA:336,0
DA:338,0
DA:341,0
DA:342,0
DA:343,0
DA:346,0
DA:355,0
DA:356,0
DA:357,0
DA:360,0
DA:363,0
DA:366,0
DA:367,0
DA:368,0
DA:375,0
DA:376,0
DA:377,0
DA:380,0
DA:389,0
DA:420,0
DA:422,0
DA:425,0
DA:426,0
DA:427,0
DA:428,0
DA:429,0
DA:431,0
DA:433,0
DA:438,0
DA:441,0
DA:442,0
DA:443,0
DA:444,0
DA:446,0
DA:450,0
DA:452,0
DA:453,0
DA:454,0
DA:461,0
DA:462,0
DA:463,0
DA:464,0
DA:466,0
DA:468,0
DA:469,0
DA:470,0
DA:473,0
DA:480,0
DA:481,0
DA:488,0
DA:489,0
DA:490,0
DA:492,0
DA:494,0
DA:495,0
DA:496,0
DA:499,0
DA:505,0
DA:506,0
DA:507,0
DA:515,0
DA:516,0
DA:517,0
DA:518,0
DA:521,0
DA:524,0
DA:525,0
DA:526,0
DA:530,0
DA:531,0
DA:533,0
DA:534,0
DA:541,0
DA:544,0
DA:545,0
DA:546,0
DA:547,0
DA:549,0
DA:550,0
DA:551,0
DA:552,0
DA:553,0
DA:557,0
DA:560,0
DA:563,0
DA:564,0
DA:565,0
DA:566,0
DA:567,0
DA:569,0
DA:572,0
DA:597,0
DA:598,0
DA:599,0
DA:601,0
DA:602,0
DA:608,0
DA:611,0
DA:612,0
DA:613,0
DA:614,0
DA:615,0
DA:616,0
DA:619,0
DA:621,0
DA:626,0
DA:627,0
DA:628,0
DA:631,0
DA:632,0
DA:633,0
DA:635,0
DA:638,0
DA:646,0
DA:647,0
DA:654,0
DA:655,0
DA:656,0
DA:657,0
DA:661,0
DA:663,0
DA:664,0
DA:665,0
DA:666,0
DA:670,0
DA:671,0
DA:672,0
DA:675,0
DA:677,0
DA:678,0
DA:679,0
DA:684,0
DA:686,0
DA:688,0
DA:689,0
DA:696,0
DA:697,0
DA:698,0
DA:699,0
DA:703,0
DA:704,0
DA:705,0
DA:706,0
DA:709,0
DA:710,0
DA:713,0
DA:715,0
DA:716,0
DA:721,0
DA:724,0
DA:725,0
DA:726,0
DA:728,0
DA:730,0
DA:731,0
DA:739,0
DA:740,0
DA:741,0
DA:742,0
DA:745,0
DA:746,0
DA:747,0
DA:751,0
DA:752,0
DA:753,0
DA:757,0
DA:758,0
DA:761,0
DA:762,0
DA:769,0
DA:770,0
DA:771,0
DA:772,0
DA:773,0
DA:775,0
DA:781,0
DA:782,0
DA:790,0
DA:791,0
DA:792,0
DA:794,0
DA:800,0
DA:802,0
DA:807,0
DA:808,0
DA:815,0
DA:816,0
DA:817,0
DA:818,0
DA:821,0
DA:823,0
DA:830,0
DA:831,0
LF:338
LH:0
BRDA:23,0,0,0
BRDA:23,0,1,0
BRDA:23,1,0,0
BRDA:23,1,1,0
BRDA:56,2,0,0
BRDA:56,2,1,0
BRDA:56,3,0,0
BRDA:56,3,1,0
BRDA:61,4,0,0
BRDA:61,4,1,0
BRDA:65,5,0,0
BRDA:65,5,1,0
BRDA:67,6,0,0
BRDA:67,6,1,0
BRDA:100,7,0,0
BRDA:100,7,1,0
BRDA:100,8,0,0
BRDA:100,8,1,0
BRDA:104,9,0,0
BRDA:104,9,1,0
BRDA:108,10,0,0
BRDA:108,10,1,0
BRDA:115,11,0,0
BRDA:115,11,1,0
BRDA:150,12,0,0
BRDA:150,12,1,0
BRDA:150,13,0,0
BRDA:150,13,1,0
BRDA:173,14,0,0
BRDA:173,14,1,0
BRDA:175,15,0,0
BRDA:175,15,1,0
BRDA:175,16,0,0
BRDA:175,16,1,0
BRDA:218,17,0,0
BRDA:218,17,1,0
BRDA:218,18,0,0
BRDA:218,18,1,0
BRDA:228,19,0,0
BRDA:228,19,1,0
BRDA:228,20,0,0
BRDA:228,20,1,0
BRDA:228,20,2,0
BRDA:233,21,0,0
BRDA:233,21,1,0
BRDA:257,22,0,0
BRDA:257,22,1,0
BRDA:257,23,0,0
BRDA:257,23,1,0
BRDA:265,24,0,0
BRDA:265,24,1,0
BRDA:267,25,0,0
BRDA:267,25,1,0
BRDA:274,26,0,0
BRDA:274,26,1,0
BRDA:306,27,0,0
BRDA:306,27,1,0
BRDA:306,28,0,0
BRDA:306,28,1,0
BRDA:306,28,2,0
BRDA:306,28,3,0
BRDA:306,28,4,0
BRDA:306,28,5,0
BRDA:313,29,0,0
BRDA:313,29,1,0
BRDA:319,30,0,0
BRDA:319,30,1,0
BRDA:319,31,0,0
BRDA:319,31,1,0
BRDA:330,32,0,0
BRDA:330,32,1,0
BRDA:334,33,0,0
BRDA:334,33,1,0
BRDA:334,34,0,0
BRDA:334,34,1,0
BRDA:336,35,0,0
BRDA:336,35,1,0
BRDA:338,36,0,0
BRDA:338,36,1,0
BRDA:341,37,0,0
BRDA:341,37,1,0
BRDA:350,38,0,0
BRDA:350,38,1,0
BRDA:356,39,0,0
BRDA:356,39,1,0
BRDA:367,40,0,0
BRDA:367,40,1,0
BRDA:367,41,0,0
BRDA:367,41,1,0
BRDA:375,42,0,0
BRDA:375,42,1,0
BRDA:405,43,0,0
BRDA:405,43,1,0
BRDA:410,44,0,0
BRDA:410,44,1,0
BRDA:414,45,0,0
BRDA:414,45,1,0
BRDA:416,46,0,0
BRDA:416,46,1,0
BRDA:427,47,0,0
BRDA:427,47,1,0
BRDA:428,48,0,0
BRDA:428,48,1,0
BRDA:468,49,0,0
BRDA:468,49,1,0
BRDA:468,50,0,0
BRDA:468,50,1,0
BRDA:468,50,2,0
BRDA:494,51,0,0
BRDA:494,51,1,0
BRDA:517,52,0,0
BRDA:517,52,1,0
BRDA:525,53,0,0
BRDA:525,53,1,0
BRDA:525,54,0,0
BRDA:525,54,1,0
BRDA:533,55,0,0
BRDA:533,55,1,0
BRDA:541,56,0,0
BRDA:541,56,1,0
BRDA:545,57,0,0
BRDA:545,57,1,0
BRDA:549,58,0,0
BRDA:549,58,1,0
BRDA:564,59,0,0
BRDA:564,59,1,0
BRDA:564,60,0,0
BRDA:564,60,1,0
BRDA:566,61,0,0
BRDA:566,61,1,0
BRDA:578,62,0,0
BRDA:578,62,1,0
BRDA:580,63,0,0
BRDA:580,63,1,0
BRDA:582,64,0,0
BRDA:582,64,1,0
BRDA:583,65,0,0
BRDA:583,65,1,0
BRDA:585,66,0,0
BRDA:585,66,1,0
BRDA:593,67,0,0
BRDA:593,67,1,0
BRDA:597,68,0,0
BRDA:597,68,1,0
BRDA:597,69,0,0
BRDA:597,69,1,0
BRDA:613,70,0,0
BRDA:613,70,1,0
BRDA:614,71,0,0
BRDA:614,71,1,0
BRDA:614,72,0,0
BRDA:614,72,1,0
BRDA:661,73,0,0
BRDA:661,73,1,0
BRDA:664,74,0,0
BRDA:664,74,1,0
BRDA:664,75,0,0
BRDA:664,75,1,0
BRDA:664,75,2,0
BRDA:670,76,0,0
BRDA:670,76,1,0
BRDA:677,77,0,0
BRDA:677,77,1,0
BRDA:677,78,0,0
BRDA:677,78,1,0
BRDA:677,78,2,0
BRDA:703,79,0,0
BRDA:703,79,1,0
BRDA:705,80,0,0
BRDA:705,80,1,0
BRDA:705,81,0,0
BRDA:705,81,1,0
BRDA:705,81,2,0
BRDA:709,82,0,0
BRDA:709,82,1,0
BRDA:715,83,0,0
BRDA:715,83,1,0
BRDA:715,84,0,0
BRDA:715,84,1,0
BRDA:715,84,2,0
BRDA:746,85,0,0
BRDA:746,85,1,0
BRDA:752,86,0,0
BRDA:752,86,1,0
BRDA:757,87,0,0
BRDA:757,87,1,0
BRDA:757,88,0,0
BRDA:757,88,1,0
BRDA:757,88,2,0
BRDA:761,89,0,0
BRDA:761,89,1,0
BRDA:792,90,0,0
BRDA:792,91,0,0
BRDA:817,92,0,0
BRDA:817,92,1,0
BRDA:825,93,0,0
BRDA:825,93,1,0
BRF:197
BRH:0
end_of_record
TN:
SF:controllers\productQuestion.js
FN:12,(anonymous_0)
FN:35,(anonymous_1)
FN:86,(anonymous_2)
FN:135,(anonymous_3)
FN:162,(anonymous_4)
FN:184,(anonymous_5)
FN:212,(anonymous_6)
FN:245,(anonymous_7)
FNF:8
FNH:3
FNDA:1,(anonymous_0)
FNDA:0,(anonymous_1)
FNDA:0,(anonymous_2)
FNDA:0,(anonymous_3)
FNDA:0,(anonymous_4)
FNDA:1,(anonymous_5)
FNDA:1,(anonymous_6)
FNDA:0,(anonymous_7)
DA:6,1
DA:7,1
DA:12,1
DA:13,1
DA:14,1
DA:15,1
DA:17,1
DA:22,0
DA:24,1
DA:25,1
DA:35,1
DA:36,0
DA:37,0
DA:38,0
DA:40,0
DA:41,0
DA:48,0
DA:49,0
DA:50,0
DA:57,0
DA:64,0
DA:67,0
DA:69,0
DA:75,0
DA:76,0
DA:86,1
DA:87,0
DA:88,0
DA:89,0
DA:91,0
DA:92,0
DA:98,0
DA:99,0
DA:100,0
DA:107,0
DA:109,0
DA:116,0
DA:118,0
DA:124,0
DA:125,0
DA:135,1
DA:136,0
DA:137,0
DA:139,0
DA:140,0
DA:141,0
DA:147,0
DA:149,0
DA:151,0
DA:152,0
DA:162,1
DA:163,0
DA:164,0
DA:166,0
DA:170,0
DA:175,0
DA:176,0
DA:177,0
DA:184,1
DA:185,1
DA:186,1
DA:188,1
DA:193,0
DA:194,0
DA:195,0
DA:198,0
DA:203,1
DA:204,1
DA:205,1
DA:212,1
DA:213,1
DA:214,1
DA:216,1
DA:222,0
DA:223,0
DA:229,0
DA:234,1
DA:235,1
DA:245,1
DA:246,0
DA:247,0
DA:249,0
DA:250,0
DA:251,0
DA:258,0
DA:259,0
DA:261,0
DA:262,0
DA:268,0
DA:270,0
DA:275,0
DA:276,0
LF:92
LH:27
BRDA:15,0,0,1
BRDA:15,1,0,1
BRDA:40,2,0,0
BRDA:40,2,1,0
BRDA:40,3,0,0
BRDA:40,3,1,0
BRDA:49,4,0,0
BRDA:49,4,1,0
BRDA:61,5,0,0
BRDA:61,5,1,0
BRDA:91,6,0,0
BRDA:91,6,1,0
BRDA:91,7,0,0
BRDA:91,7,1,0
BRDA:99,8,0,0
BRDA:99,8,1,0
BRDA:140,9,0,0
BRDA:140,9,1,0
BRDA:164,10,0,0
BRDA:193,11,0,0
BRDA:193,11,1,0
BRDA:222,12,0,0
BRDA:222,12,1,0
BRDA:250,13,0,0
BRDA:250,13,1,0
BRDA:261,14,0,0
BRDA:261,14,1,0
BRDA:261,15,0,0
BRDA:261,15,1,0
BRF:29
BRH:2
end_of_record
TN:
SF:controllers\products.js
FN:13,getEquivalentCategories
FN:17,(anonymous_1)
FN:34,(anonymous_2)
FN:56,(anonymous_3)
FN:68,(anonymous_4)
FN:157,(anonymous_5)
FN:165,(anonymous_6)
FN:220,(anonymous_7)
FN:227,(anonymous_8)
FN:244,(anonymous_9)
FN:258,(anonymous_10)
FN:275,(anonymous_11)
FN:296,(anonymous_12)
FN:328,(anonymous_13)
FN:379,(anonymous_14)
FN:461,(anonymous_15)
FN:511,(anonymous_16)
FN:536,(anonymous_17)
FN:596,(anonymous_18)
FN:633,(anonymous_19)
FNF:20
FNH:5
FNDA:0,getEquivalentCategories
FNDA:0,(anonymous_1)
FNDA:1,(anonymous_2)
FNDA:0,(anonymous_3)
FNDA:0,(anonymous_4)
FNDA:0,(anonymous_5)
FNDA:0,(anonymous_6)
FNDA:0,(anonymous_7)
FNDA:0,(anonymous_8)
FNDA:0,(anonymous_9)
FNDA:1,(anonymous_10)
FNDA:0,(anonymous_11)
FNDA:1,(anonymous_12)
FNDA:0,(anonymous_13)
FNDA:0,(anonymous_14)
FNDA:0,(anonymous_15)
FNDA:1,(anonymous_16)
FNDA:0,(anonymous_17)
FNDA:0,(anonymous_18)
FNDA:1,(anonymous_19)
DA:1,1
DA:4,1
DA:15,0
DA:17,0
DA:20,0
DA:22,0
DA:23,0
DA:26,0
DA:27,0
DA:30,0
DA:34,1
DA:35,1
DA:36,1
DA:37,1
DA:38,1
DA:41,1
DA:44,1
DA:45,0
DA:46,0
DA:54,1
DA:55,0
DA:56,0
DA:57,0
DA:61,1
DA:62,0
DA:66,1
DA:67,0
DA:68,0
DA:70,0
DA:75,1
DA:77,0
DA:78,0
DA:80,0
DA:81,0
DA:92,1
DA:93,0
DA:94,0
DA:96,0
DA:97,0
DA:115,1
DA:116,0
DA:118,0
DA:119,0
DA:121,0
DA:122,0
DA:123,0
DA:125,0
DA:126,0
DA:127,0
DA:132,1
DA:133,0
DA:134,0
DA:135,0
DA:136,0
DA:137,0
DA:146,1
DA:147,0
DA:148,0
DA:149,0
DA:150,0
DA:152,0
DA:157,0
DA:158,0
DA:159,0
DA:160,0
DA:161,0
DA:165,0
DA:174,1
DA:175,1
DA:176,0
DA:178,0
DA:179,0
DA:181,0
DA:182,0
DA:184,0
DA:185,0
DA:187,0
DA:188,0
DA:190,0
DA:191,0
DA:193,0
DA:194,0
DA:197,0
DA:198,0
DA:203,1
DA:210,0
DA:213,0
DA:214,0
DA:217,0
DA:218,0
DA:219,0
DA:220,0
DA:221,0
DA:227,0
DA:229,0
DA:230,0
DA:233,0
DA:245,0
DA:246,0
DA:247,0
DA:251,1
DA:252,1
DA:253,1
DA:258,1
DA:259,1
DA:260,1
DA:262,1
DA:268,1
DA:269,1
DA:270,1
DA:274,0
DA:275,0
DA:277,0
DA:282,0
DA:289,0
DA:290,0
DA:291,0
DA:296,1
DA:297,1
DA:298,1
DA:299,1
DA:302,1
DA:303,0
DA:304,0
DA:307,1
DA:308,1
DA:309,1
DA:310,1
DA:314,0
DA:315,0
DA:321,0
DA:322,0
DA:323,0
DA:327,0
DA:328,0
DA:331,0
DA:333,0
DA:334,0
DA:335,0
DA:338,0
DA:346,0
DA:349,0
DA:350,0
DA:359,0
DA:362,0
DA:363,0
DA:365,0
DA:366,0
DA:367,0
DA:373,1
DA:374,1
DA:379,1
DA:380,0
DA:381,0
DA:384,0
DA:385,0
DA:391,0
DA:392,0
DA:393,0
DA:400,0
DA:401,0
DA:408,0
DA:409,0
DA:416,0
DA:422,0
DA:423,0
DA:430,0
DA:438,0
DA:450,0
DA:451,0
DA:461,1
DA:462,0
DA:463,0
DA:465,0
DA:466,0
DA:472,0
DA:477,0
DA:478,0
DA:484,0
DA:485,0
DA:491,0
DA:492,0
DA:494,0
DA:500,0
DA:501,0
DA:511,1
DA:512,1
DA:513,1
DA:514,0
DA:517,1
DA:521,1
DA:527,0
DA:528,0
DA:529,0
DA:536,1
DA:537,0
DA:538,0
DA:541,0
DA:542,0
DA:548,0
DA:549,0
DA:550,0
DA:557,0
DA:558,0
DA:565,0
DA:572,0
DA:573,0
DA:579,0
DA:585,0
DA:586,0
DA:596,1
DA:597,0
DA:598,0
DA:600,0
DA:601,0
DA:607,0
DA:609,0
DA:610,0
DA:616,0
DA:622,0
DA:623,0
DA:633,1
DA:634,1
DA:635,1
DA:636,0
DA:639,1
DA:646,1
DA:652,0
DA:653,0
DA:654,0
LF:230
LH:55
BRDA:22,0,0,0
BRDA:22,0,1,0
BRDA:22,1,0,0
BRDA:22,1,1,0
BRDA:26,2,0,0
BRDA:26,2,1,0
BRDA:26,3,0,0
BRDA:26,3,1,0
BRDA:36,4,0,1
BRDA:36,4,1,1
BRDA:44,5,0,0
BRDA:44,5,1,1
BRDA:54,6,0,0
BRDA:54,6,1,1
BRDA:61,7,0,0
BRDA:61,7,1,1
BRDA:66,8,0,0
BRDA:66,8,1,1
BRDA:67,9,0,0
BRDA:67,9,1,0
BRDA:75,10,0,0
BRDA:75,10,1,1
BRDA:75,11,0,1
BRDA:75,11,1,1
BRDA:77,12,0,0
BRDA:77,12,1,0
BRDA:78,13,0,0
BRDA:78,13,1,0
BRDA:80,14,0,0
BRDA:80,14,1,0
BRDA:92,15,0,0
BRDA:92,15,1,1
BRDA:94,16,0,0
BRDA:94,16,1,0
BRDA:94,17,0,0
BRDA:94,17,1,0
BRDA:96,18,0,0
BRDA:96,18,1,0
BRDA:115,19,0,0
BRDA:115,19,1,1
BRDA:116,20,0,0
BRDA:116,20,1,0
BRDA:116,20,2,0
BRDA:132,21,0,0
BRDA:132,21,1,1
BRDA:133,22,0,0
BRDA:133,22,1,0
BRDA:135,23,0,0
BRDA:135,23,1,0
BRDA:136,24,0,0
BRDA:136,24,1,0
BRDA:146,25,0,0
BRDA:146,25,1,1
BRDA:148,26,0,0
BRDA:148,26,1,0
BRDA:158,27,0,0
BRDA:158,27,1,0
BRDA:159,28,0,0
BRDA:159,28,1,0
BRDA:160,29,0,0
BRDA:160,29,1,0
BRDA:175,30,0,0
BRDA:175,30,1,1
BRDA:176,31,0,0
BRDA:176,31,1,0
BRDA:176,31,2,0
BRDA:176,31,3,0
BRDA:176,31,4,0
BRDA:176,31,5,0
BRDA:176,31,6,0
BRDA:218,32,0,0
BRDA:218,32,1,0
BRDA:230,33,0,0
BRDA:230,33,1,0
BRDA:268,34,0,1
BRDA:268,34,1,0
BRDA:302,35,0,0
BRDA:302,35,1,1
BRDA:308,36,0,1
BRDA:308,36,1,0
BRDA:321,37,0,0
BRDA:321,37,1,0
BRDA:328,38,0,0
BRDA:328,38,1,0
BRDA:331,39,0,0
BRDA:331,39,1,0
BRDA:349,40,0,0
BRDA:349,40,1,0
BRDA:384,41,0,0
BRDA:384,41,1,0
BRDA:392,42,0,0
BRDA:392,42,1,0
BRDA:400,43,0,0
BRDA:400,43,1,0
BRDA:408,44,0,0
BRDA:408,44,1,0
BRDA:422,45,0,0
BRDA:422,45,1,0
BRDA:433,46,0,0
BRDA:433,46,1,0
BRDA:465,47,0,0
BRDA:465,47,1,0
BRDA:477,48,0,0
BRDA:477,48,1,0
BRDA:484,49,0,0
BRDA:484,49,1,0
BRDA:484,50,0,0
BRDA:484,50,1,0
BRDA:513,51,0,0
BRDA:513,51,1,1
BRDA:541,52,0,0
BRDA:541,52,1,0
BRDA:541,53,0,0
BRDA:541,53,1,0
BRDA:549,54,0,0
BRDA:549,54,1,0
BRDA:557,55,0,0
BRDA:557,55,1,0
BRDA:568,56,0,0
BRDA:568,56,1,0
BRDA:572,57,0,0
BRDA:572,57,1,0
BRDA:600,58,0,0
BRDA:600,58,1,0
BRDA:600,59,0,0
BRDA:600,59,1,0
BRDA:609,60,0,0
BRDA:609,60,1,0
BRDA:635,61,0,0
BRDA:635,61,1,1
BRF:130
BRH:19
end_of_record
TN:
SF:controllers\search.js
FN:10,(anonymous_0)
FN:49,(anonymous_1)
FN:58,(anonymous_2)
FN:70,(anonymous_3)
FN:80,(anonymous_4)
FN:95,(anonymous_5)
FN:114,(anonymous_6)
FN:134,(anonymous_7)
FN:149,(anonymous_8)
FN:177,(anonymous_9)
FN:213,(anonymous_10)
FN:237,getUniqueSpecs
FN:254,(anonymous_12)
FN:254,(anonymous_13)
FN:255,(anonymous_14)
FNF:15
FNH:14
FNDA:4,(anonymous_0)
FNDA:5,(anonymous_1)
FNDA:2,(anonymous_2)
FNDA:2,(anonymous_3)
FNDA:2,(anonymous_4)
FNDA:2,(anonymous_5)
FNDA:2,(anonymous_6)
FNDA:1,(anonymous_7)
FNDA:4,(anonymous_8)
FNDA:3,(anonymous_9)
FNDA:0,(anonymous_10)
FNDA:3,getUniqueSpecs
FNDA:7,(anonymous_12)
FNDA:14,(anonymous_13)
FNDA:7,(anonymous_14)
DA:1,1
DA:2,1
DA:10,1
DA:11,4
DA:12,4
DA:14,4
DA:15,1
DA:18,3
DA:19,3
DA:22,3
DA:34,3
DA:37,3
DA:42,3
DA:46,3
DA:49,5
DA:58,2
DA:64,0
DA:65,0
DA:70,1
DA:71,2
DA:72,2
DA:73,1
DA:76,1
DA:78,1
DA:80,2
DA:89,0
DA:90,0
DA:95,1
DA:96,2
DA:97,2
DA:98,1
DA:101,1
DA:103,1
DA:108,0
DA:109,0
DA:114,1
DA:115,2
DA:116,2
DA:117,1
DA:120,1
DA:121,1
DA:123,1
DA:128,0
DA:129,0
DA:134,1
DA:135,1
DA:136,1
DA:138,1
DA:143,0
DA:144,0
DA:149,1
DA:150,4
DA:151,4
DA:153,4
DA:154,1
DA:157,3
DA:167,3
DA:169,3
DA:171,0
DA:172,0
DA:177,1
DA:178,3
DA:179,3
DA:182,3
DA:185,3
DA:193,3
DA:204,3
DA:208,3
DA:213,0
DA:231,0
DA:232,0
DA:238,3
DA:251,3
DA:253,3
DA:254,14
DA:255,7
LF:76
LH:61
BRDA:14,0,0,1
BRDA:14,0,1,3
BRDA:14,1,0,4
BRDA:14,1,1,4
BRDA:19,2,0,0
BRDA:19,2,1,3
BRDA:55,3,0,5
BRDA:55,3,1,0
BRDA:55,4,0,5
BRDA:55,4,1,5
BRDA:56,5,0,5
BRDA:56,5,1,2
BRDA:72,6,0,1
BRDA:72,6,1,1
BRDA:97,7,0,1
BRDA:97,7,1,1
BRDA:116,8,0,1
BRDA:116,8,1,1
BRDA:153,9,0,1
BRDA:153,9,1,3
BRDA:153,10,0,4
BRDA:153,10,1,3
BRDA:158,11,0,2
BRDA:158,11,1,1
BRDA:160,12,0,3
BRDA:160,12,1,1
BRDA:161,13,0,3
BRDA:161,13,1,3
BRDA:162,14,0,3
BRDA:162,14,1,1
BRDA:182,15,0,2
BRDA:182,15,1,1
BRDA:204,16,0,3
BRDA:204,16,1,0
BRDA:237,17,0,0
BRF:35
BRH:31
end_of_record
TN:
SF:controllers\user.js
FN:6,(anonymous_0)
FN:25,(anonymous_1)
FN:54,(anonymous_2)
FN:67,(anonymous_3)
FN:102,(anonymous_4)
FN:135,(anonymous_5)
FN:153,(anonymous_6)
FN:164,(anonymous_7)
FN:201,(anonymous_8)
FN:226,(anonymous_9)
FN:251,(anonymous_10)
FN:272,(anonymous_11)
FN:298,(anonymous_12)
FN:300,(anonymous_13)
FNF:14
FNH:9
FNDA:3,(anonymous_0)
FNDA:4,(anonymous_1)
FNDA:1,(anonymous_2)
FNDA:3,(anonymous_3)
FNDA:1,(anonymous_4)
FNDA:0,(anonymous_5)
FNDA:0,(anonymous_6)
FNDA:5,(anonymous_7)
FNDA:1,(anonymous_8)
FNDA:2,(anonymous_9)
FNDA:1,(anonymous_10)
FNDA:0,(anonymous_11)
FNDA:0,(anonymous_12)
FNDA:0,(anonymous_13)
DA:1,1
DA:2,1
DA:3,1
DA:4,1
DA:6,1
DA:7,3
DA:9,3
DA:13,2
DA:19,1
DA:20,1
DA:21,1
DA:25,1
DA:26,4
DA:27,4
DA:29,4
DA:30,0
DA:31,0
DA:34,4
DA:35,4
DA:45,3
DA:46,3
DA:48,1
DA:49,1
DA:50,1
DA:54,1
DA:55,1
DA:56,1
DA:61,0
DA:62,0
DA:63,0
DA:67,1
DA:68,3
DA:70,3
DA:72,3
DA:73,1
DA:79,3
DA:93,3
DA:94,3
DA:96,0
DA:97,0
DA:98,0
DA:102,1
DA:103,1
DA:105,1
DA:107,1
DA:108,0
DA:114,1
DA:126,1
DA:127,1
DA:129,0
DA:130,0
DA:131,0
DA:135,1
DA:136,0
DA:138,0
DA:139,0
DA:144,0
DA:145,0
DA:147,0
DA:148,0
DA:149,0
DA:153,1
DA:154,0
DA:155,0
DA:156,0
DA:159,0
DA:164,1
DA:165,5
DA:167,5
DA:168,0
DA:169,0
DA:172,5
DA:173,5
DA:174,5
DA:177,0
DA:179,0
DA:180,0
DA:181,0
DA:182,0
DA:186,0
DA:187,0
DA:192,0
DA:193,0
DA:195,0
DA:196,0
DA:197,0
DA:201,1
DA:202,1
DA:203,1
DA:204,1
DA:205,1
DA:207,1
DA:208,1
DA:213,1
DA:220,0
DA:221,0
DA:222,0
DA:226,1
DA:227,2
DA:229,2
DA:239,2
DA:245,0
DA:246,0
DA:247,0
DA:251,1
DA:252,1
DA:253,1
DA:254,1
DA:256,0
DA:257,0
DA:258,0
DA:261,0
DA:266,1
DA:267,1
DA:268,1
DA:272,1
DA:273,0
DA:274,0
DA:277,0
DA:278,0
DA:279,0
DA:280,0
DA:284,0
DA:285,0
DA:286,0
DA:290,0
DA:291,0
DA:292,0
DA:293,0
DA:294,0
DA:296,0
DA:297,0
DA:298,0
DA:299,0
DA:300,0
DA:301,0
DA:302,0
DA:308,0
DA:311,0
DA:312,0
DA:313,0
DA:316,0
DA:321,0
DA:322,0
DA:323,0
DA:327,0
DA:331,0
DA:332,0
DA:339,0
DA:340,0
DA:341,0
DA:342,0
DA:346,0
DA:348,0
DA:352,0
DA:354,0
DA:355,0
DA:357,0
DA:358,0
DA:359,0
LF:160
LH:68
BRDA:29,0,0,0
BRDA:29,0,1,4
BRDA:72,1,0,1
BRDA:72,1,1,2
BRDA:87,2,0,1
BRDA:87,2,1,2
BRDA:107,3,0,0
BRDA:107,3,1,1
BRDA:121,4,0,0
BRDA:121,4,1,1
BRDA:154,5,0,0
BRDA:154,5,1,0
BRDA:167,6,0,0
BRDA:167,6,1,5
BRDA:172,7,0,5
BRDA:172,7,1,0
BRDA:180,8,0,0
BRDA:180,8,1,0
BRDA:203,9,0,1
BRDA:203,9,1,1
BRDA:256,10,0,0
BRDA:256,10,1,0
BRDA:256,11,0,0
BRDA:256,11,1,0
BRDA:278,12,0,0
BRDA:278,12,1,0
BRDA:278,13,0,0
BRDA:278,13,1,0
BRDA:284,14,0,0
BRDA:284,14,1,0
BRDA:284,15,0,0
BRDA:284,15,1,0
BRDA:293,16,0,0
BRDA:293,16,1,0
BRDA:294,17,0,0
BRDA:294,17,1,0
BRDA:296,18,0,0
BRDA:296,18,1,0
BRDA:296,19,0,0
BRDA:296,19,1,0
BRDA:299,20,0,0
BRDA:299,20,1,0
BRDA:301,21,0,0
BRDA:301,21,1,0
BRDA:321,22,0,0
BRDA:321,22,1,0
BRDA:339,23,0,0
BRDA:339,23,1,0
BRF:48
BRH:11
end_of_record
TN:
SF:controllers\wishlist.js
FN:12,(anonymous_0)
FN:21,(anonymous_1)
FN:24,(anonymous_2)
FN:55,(anonymous_3)
FN:95,(anonymous_4)
FN:125,(anonymous_5)
FN:145,(anonymous_6)
FN:164,(anonymous_7)
FN:194,(anonymous_8)
FN:231,(anonymous_9)
FNF:10
FNH:4
FNDA:0,(anonymous_0)
FNDA:0,(anonymous_1)
FNDA:0,(anonymous_2)
FNDA:9,(anonymous_3)
FNDA:2,(anonymous_4)
FNDA:2,(anonymous_5)
FNDA:0,(anonymous_6)
FNDA:0,(anonymous_7)
FNDA:0,(anonymous_8)
FNDA:2,(anonymous_9)
DA:6,1
DA:7,1
DA:12,1
DA:13,0
DA:14,0
DA:15,0
DA:21,0
DA:24,0
DA:25,0
DA:26,0
DA:27,0
DA:31,0
DA:40,0
DA:46,0
DA:47,0
DA:48,0
DA:55,1
DA:56,9
DA:57,9
DA:59,9
DA:60,1
DA:67,8
DA:68,8
DA:69,1
DA:75,7
DA:76,7
DA:77,7
DA:79,7
DA:84,0
DA:85,0
DA:95,1
DA:96,2
DA:97,2
DA:99,2
DA:100,2
DA:101,0
DA:107,2
DA:109,2
DA:114,0
DA:115,0
DA:125,1
DA:126,2
DA:127,2
DA:129,2
DA:130,2
DA:132,2
DA:134,0
DA:135,0
DA:145,1
DA:146,0
DA:147,0
DA:152,0
DA:153,0
DA:155,0
DA:156,0
DA:157,0
DA:164,1
DA:165,0
DA:166,0
DA:167,0
DA:170,0
DA:171,0
DA:172,0
DA:179,0
DA:180,0
DA:187,0
DA:188,0
DA:189,0
DA:193,0
DA:194,0
DA:197,0
DA:198,0
DA:200,0
DA:207,0
DA:210,0
DA:211,0
DA:212,0
DA:215,0
DA:220,0
DA:221,0
DA:231,1
DA:232,2
DA:233,2
DA:234,2
DA:236,2
DA:238,0
DA:239,0
LF:87
LH:35
BRDA:25,0,0,0
BRDA:25,0,1,0
BRDA:27,1,0,0
BRDA:27,1,1,0
BRDA:34,2,0,0
BRDA:34,2,1,0
BRDA:35,3,0,0
BRDA:35,3,1,0
BRDA:59,4,0,1
BRDA:59,4,1,8
BRDA:68,5,0,1
BRDA:68,5,1,7
BRDA:76,6,0,7
BRDA:76,6,1,6
BRDA:100,7,0,0
BRDA:100,7,1,2
BRDA:130,8,0,1
BRDA:130,8,1,1
BRDA:171,9,0,0
BRDA:171,9,1,0
BRDA:179,10,0,0
BRDA:179,10,1,0
BRDA:188,11,0,0
BRDA:188,11,1,0
BRDA:197,12,0,0
BRDA:197,12,1,0
BRDA:203,13,0,0
BRDA:203,13,1,0
BRDA:211,14,0,0
BRDA:211,14,1,0
BRDA:234,15,0,1
BRDA:234,15,1,1
BRF:32
BRH:11
end_of_record
TN:
SF:controllers\admin\inventoryController.js
FN:18,(anonymous_0)
FN:97,getInventoryStats
FN:138,(anonymous_2)
FN:196,(anonymous_3)
FN:218,(anonymous_4)
FN:274,(anonymous_5)
FN:296,(anonymous_6)
FN:338,(anonymous_7)
FN:370,(anonymous_8)
FN:388,(anonymous_9)
FN:389,(anonymous_10)
FN:429,(anonymous_11)
FN:452,(anonymous_12)
FN:453,(anonymous_13)
FN:454,(anonymous_14)
FN:492,(anonymous_15)
FN:519,(anonymous_16)
FN:549,(anonymous_17)
FN:565,(anonymous_18)
FN:594,(anonymous_19)
FN:622,(anonymous_20)
FN:656,(anonymous_21)
FN:715,(anonymous_22)
FN:740,(anonymous_23)
FN:821,(anonymous_24)
FN:840,(anonymous_25)
FNF:26
FNH:0
FNDA:0,(anonymous_0)
FNDA:0,getInventoryStats
FNDA:0,(anonymous_2)
FNDA:0,(anonymous_3)
FNDA:0,(anonymous_4)
FNDA:0,(anonymous_5)
FNDA:0,(anonymous_6)
FNDA:0,(anonymous_7)
FNDA:0,(anonymous_8)
FNDA:0,(anonymous_9)
FNDA:0,(anonymous_10)
FNDA:0,(anonymous_11)
FNDA:0,(anonymous_12)
FNDA:0,(anonymous_13)
FNDA:0,(anonymous_14)
FNDA:0,(anonymous_15)
FNDA:0,(anonymous_16)
FNDA:0,(anonymous_17)
FNDA:0,(anonymous_18)
FNDA:0,(anonymous_19)
FNDA:0,(anonymous_20)
FNDA:0,(anonymous_21)
FNDA:0,(anonymous_22)
FNDA:0,(anonymous_23)
FNDA:0,(anonymous_24)
FNDA:0,(anonymous_25)
DA:1,0
DA:2,0
DA:3,0
DA:4,0
DA:5,0
DA:18,0
DA:19,0
DA:20,0
DA:21,0
DA:22,0
DA:25,0
DA:27,0
DA:29,0
DA:30,0
DA:36,0
DA:37,0
DA:40,0
DA:41,0
DA:42,0
DA:43,0
DA:47,0
DA:48,0
DA:52,0
DA:53,0
DA:54,0
DA:55,0
DA:56,0
DA:58,0
DA:64,0
DA:65,0
DA:68,0
DA:71,0
DA:73,0
DA:88,0
DA:89,0
DA:90,0
DA:105,0
DA:121,0
DA:138,0
DA:139,0
DA:140,0
DA:141,0
DA:142,0
DA:144,0
DA:146,0
DA:147,0
DA:148,0
DA:149,0
DA:150,0
DA:151,0
DA:152,0
DA:155,0
DA:163,0
DA:164,0
DA:167,0
DA:172,0
DA:186,0
DA:187,0
DA:188,0
DA:196,0
DA:197,0
DA:198,0
DA:202,0
DA:208,0
DA:209,0
DA:210,0
DA:218,0
DA:219,0
DA:220,0
DA:221,0
DA:222,0
DA:223,0
DA:236,0
DA:238,0
DA:239,0
DA:240,0
DA:241,0
DA:244,0
DA:246,0
DA:261,0
DA:262,0
DA:264,0
DA:265,0
DA:266,0
DA:274,0
DA:275,0
DA:276,0
DA:280,0
DA:286,0
DA:287,0
DA:288,0
DA:296,0
DA:297,0
DA:305,0
DA:307,0
DA:308,0
DA:309,0
DA:310,0
DA:313,0
DA:315,0
DA:325,0
DA:326,0
DA:328,0
DA:329,0
DA:330,0
DA:338,0
DA:339,0
DA:340,0
DA:342,0
DA:343,0
DA:344,0
DA:348,0
DA:353,0
DA:360,0
DA:361,0
DA:362,0
DA:370,0
DA:371,0
DA:372,0
DA:374,0
DA:375,0
DA:376,0
DA:377,0
DA:380,0
DA:381,0
DA:382,0
DA:383,0
DA:387,0
DA:388,0
DA:389,0
DA:390,0
DA:392,0
DA:395,0
DA:397,0
DA:398,0
DA:399,0
DA:402,0
DA:404,0
DA:414,0
DA:415,0
DA:417,0
DA:418,0
DA:419,0
DA:429,0
DA:430,0
DA:432,0
DA:437,0
DA:447,0
DA:451,0
DA:452,0
DA:453,0
DA:454,0
DA:455,0
DA:456,0
DA:468,0
DA:473,0
DA:482,0
DA:483,0
DA:484,0
DA:492,0
DA:493,0
DA:494,0
DA:496,0
DA:502,0
DA:503,0
DA:506,0
DA:508,0
DA:509,0
DA:519,0
DA:520,0
DA:521,0
DA:522,0
DA:523,0
DA:525,0
DA:527,0
DA:528,0
DA:529,0
DA:531,0
DA:538,0
DA:539,0
DA:542,0
DA:546,0
DA:549,0
DA:555,0
DA:556,0
DA:557,0
DA:565,0
DA:566,0
DA:567,0
DA:571,0
DA:572,0
DA:575,0
DA:576,0
DA:578,0
DA:579,0
DA:580,0
DA:581,0
DA:583,0
DA:585,0
DA:586,0
DA:594,0
DA:595,0
DA:596,0
DA:598,0
DA:607,0
DA:608,0
DA:611,0
DA:613,0
DA:614,0
DA:622,0
DA:623,0
DA:624,0
DA:626,0
DA:635,0
DA:636,0
DA:639,0
DA:645,0
DA:646,0
DA:656,0
DA:657,0
DA:658,0
DA:659,0
DA:660,0
DA:662,0
DA:664,0
DA:665,0
DA:666,0
DA:668,0
DA:675,0
DA:676,0
DA:679,0
DA:696,0
DA:705,0
DA:706,0
DA:707,0
DA:715,0
DA:716,0
DA:717,0
DA:719,0
DA:724,0
DA:729,0
DA:730,0
DA:740,0
DA:741,0
DA:742,0
DA:744,0
DA:745,0
DA:748,0
DA:751,0
DA:768,0
DA:785,0
DA:799,0
DA:809,0
DA:810,0
DA:811,0
DA:821,0
DA:822,0
DA:823,0
DA:829,0
DA:831,0
DA:832,0
DA:840,0
DA:841,0
DA:842,0
DA:843,0
DA:845,0
DA:846,0
LF:267
LH:0
BRDA:20,0,0,0
BRDA:20,0,1,0
BRDA:21,1,0,0
BRDA:21,1,1,0
BRDA:29,2,0,0
BRDA:29,2,1,0
BRDA:36,3,0,0
BRDA:36,3,1,0
BRDA:40,4,0,0
BRDA:40,4,1,0
BRDA:42,5,0,0
BRDA:42,5,1,0
BRDA:47,6,0,0
BRDA:47,6,1,0
BRDA:53,7,0,0
BRDA:53,7,1,0
BRDA:54,8,0,0
BRDA:54,8,1,0
BRDA:55,9,0,0
BRDA:55,9,1,0
BRDA:56,10,0,0
BRDA:56,10,1,0
BRDA:126,11,0,0
BRDA:126,11,1,0
BRDA:140,12,0,0
BRDA:140,12,1,0
BRDA:141,13,0,0
BRDA:141,13,1,0
BRDA:147,14,0,0
BRDA:147,14,1,0
BRDA:148,15,0,0
BRDA:148,15,1,0
BRDA:149,16,0,0
BRDA:149,16,1,0
BRDA:149,17,0,0
BRDA:149,17,1,0
BRDA:151,18,0,0
BRDA:151,18,1,0
BRDA:152,19,0,0
BRDA:152,19,1,0
BRDA:168,20,0,0
BRDA:168,20,1,0
BRDA:169,21,0,0
BRDA:169,21,1,0
BRDA:221,22,0,0
BRDA:221,22,1,0
BRDA:239,23,0,0
BRDA:239,23,1,0
BRDA:239,24,0,0
BRDA:239,24,1,0
BRDA:244,25,0,0
BRDA:244,25,1,0
BRDA:244,26,0,0
BRDA:244,26,1,0
BRDA:251,27,0,0
BRDA:251,27,1,0
BRDA:252,28,0,0
BRDA:252,28,1,0
BRDA:255,29,0,0
BRDA:255,29,1,0
BRDA:265,30,0,0
BRDA:265,30,1,0
BRDA:308,31,0,0
BRDA:308,31,1,0
BRDA:308,32,0,0
BRDA:308,32,1,0
BRDA:313,33,0,0
BRDA:313,33,1,0
BRDA:313,34,0,0
BRDA:313,34,1,0
BRDA:320,35,0,0
BRDA:320,35,1,0
BRDA:329,36,0,0
BRDA:329,36,1,0
BRDA:342,37,0,0
BRDA:342,37,1,0
BRDA:375,38,0,0
BRDA:375,38,1,0
BRDA:381,39,0,0
BRDA:381,39,1,0
BRDA:381,40,0,0
BRDA:381,40,1,0
BRDA:387,41,0,0
BRDA:387,41,1,0
BRDA:387,42,0,0
BRDA:387,42,1,0
BRDA:390,43,0,0
BRDA:390,43,1,0
BRDA:397,44,0,0
BRDA:397,44,1,0
BRDA:402,45,0,0
BRDA:402,45,1,0
BRDA:402,46,0,0
BRDA:402,46,1,0
BRDA:409,47,0,0
BRDA:409,47,1,0
BRDA:418,48,0,0
BRDA:418,48,1,0
BRDA:455,49,0,0
BRDA:455,49,1,0
BRDA:455,50,0,0
BRDA:455,50,1,0
BRDA:498,51,0,0
BRDA:498,51,1,0
BRDA:502,52,0,0
BRDA:502,52,1,0
BRDA:521,53,0,0
BRDA:521,53,1,0
BRDA:522,54,0,0
BRDA:522,54,1,0
BRDA:528,55,0,0
BRDA:528,55,1,0
BRDA:529,56,0,0
BRDA:529,56,1,0
BRDA:571,57,0,0
BRDA:571,57,1,0
BRDA:586,58,0,0
BRDA:586,58,1,0
BRDA:607,59,0,0
BRDA:607,59,1,0
BRDA:629,60,0,0
BRDA:629,60,1,0
BRDA:630,61,0,0
BRDA:630,61,1,0
BRDA:635,62,0,0
BRDA:635,62,1,0
BRDA:641,63,0,0
BRDA:641,63,1,0
BRDA:658,64,0,0
BRDA:658,64,1,0
BRDA:659,65,0,0
BRDA:659,65,1,0
BRDA:665,66,0,0
BRDA:665,66,1,0
BRDA:666,67,0,0
BRDA:666,67,1,0
BRDA:721,68,0,0
BRDA:721,68,1,0
BRDA:730,69,0,0
BRDA:730,69,1,0
BRDA:744,70,0,0
BRDA:744,70,1,0
BRDA:745,71,0,0
BRDA:745,71,1,0
BRDA:824,72,0,0
BRDA:824,72,1,0
BRDA:825,73,0,0
BRDA:825,73,1,0
BRF:148
BRH:0
end_of_record
TN:
SF:controllers\admin\productController.js
FN:16,getEquivalentCategories
FN:20,(anonymous_1)
FN:37,(anonymous_2)
FN:53,(anonymous_3)
FN:81,(anonymous_4)
FN:107,(anonymous_5)
FN:121,(anonymous_6)
FN:124,(anonymous_7)
FN:125,(anonymous_8)
FN:144,(anonymous_9)
FN:170,(anonymous_10)
FN:192,(anonymous_11)
FN:206,(anonymous_12)
FN:234,(anonymous_13)
FN:256,(anonymous_14)
FN:259,(anonymous_15)
FN:260,(anonymous_16)
FN:279,(anonymous_17)
FN:315,(anonymous_18)
FN:337,(anonymous_19)
FN:342,(anonymous_20)
FN:348,(anonymous_21)
FN:370,(anonymous_22)
FN:399,(anonymous_23)
FN:411,(anonymous_24)
FN:430,(anonymous_25)
FN:446,(anonymous_26)
FN:475,(anonymous_27)
FN:477,(anonymous_28)
FN:502,(anonymous_29)
FN:508,(anonymous_30)
FN:539,(anonymous_31)
FN:567,(anonymous_32)
FN:615,(anonymous_33)
FN:632,(anonymous_34)
FN:665,(anonymous_35)
FN:710,(anonymous_36)
FN:745,(anonymous_37)
FNF:38
FNH:0
FNDA:0,getEquivalentCategories
FNDA:0,(anonymous_1)
FNDA:0,(anonymous_2)
FNDA:0,(anonymous_3)
FNDA:0,(anonymous_4)
FNDA:0,(anonymous_5)
FNDA:0,(anonymous_6)
FNDA:0,(anonymous_7)
FNDA:0,(anonymous_8)
FNDA:0,(anonymous_9)
FNDA:0,(anonymous_10)
FNDA:0,(anonymous_11)
FNDA:0,(anonymous_12)
FNDA:0,(anonymous_13)
FNDA:0,(anonymous_14)
FNDA:0,(anonymous_15)
FNDA:0,(anonymous_16)
FNDA:0,(anonymous_17)
FNDA:0,(anonymous_18)
FNDA:0,(anonymous_19)
FNDA:0,(anonymous_20)
FNDA:0,(anonymous_21)
FNDA:0,(anonymous_22)
FNDA:0,(anonymous_23)
FNDA:0,(anonymous_24)
FNDA:0,(anonymous_25)
FNDA:0,(anonymous_26)
FNDA:0,(anonymous_27)
FNDA:0,(anonymous_28)
FNDA:0,(anonymous_29)
FNDA:0,(anonymous_30)
FNDA:0,(anonymous_31)
FNDA:0,(anonymous_32)
FNDA:0,(anonymous_33)
FNDA:0,(anonymous_34)
FNDA:0,(anonymous_35)
FNDA:0,(anonymous_36)
FNDA:0,(anonymous_37)
DA:1,0
DA:2,0
DA:3,0
DA:4,0
DA:7,0
DA:18,0
DA:20,0
DA:23,0
DA:25,0
DA:26,0
DA:29,0
DA:30,0
DA:33,0
DA:37,0
DA:38,0
DA:39,0
DA:40,0
DA:41,0
DA:44,0
DA:46,0
DA:47,0
DA:51,0
DA:52,0
DA:53,0
DA:54,0
DA:57,0
DA:58,0
DA:61,0
DA:62,0
DA:63,0
DA:64,0
DA:68,0
DA:74,0
DA:77,0
DA:78,0
DA:81,0
DA:82,0
DA:83,0
DA:86,0
DA:100,0
DA:101,0
DA:102,0
DA:107,0
DA:108,0
DA:110,0
DA:111,0
DA:114,0
DA:117,0
DA:118,0
DA:121,0
DA:122,0
DA:124,0
DA:125,0
DA:126,0
DA:130,0
DA:131,0
DA:137,0
DA:140,0
DA:141,0
DA:144,0
DA:145,0
DA:146,0
DA:152,0
DA:153,0
DA:155,0
DA:163,0
DA:164,0
DA:165,0
DA:170,0
DA:171,0
DA:172,0
DA:175,0
DA:176,0
DA:178,0
DA:179,0
DA:180,0
DA:181,0
DA:183,0
DA:184,0
DA:185,0
DA:186,0
DA:192,0
DA:199,0
DA:205,0
DA:206,0
DA:209,0
DA:223,0
DA:224,0
DA:225,0
DA:227,0
DA:228,0
DA:229,0
DA:234,0
DA:235,0
DA:236,0
DA:238,0
DA:239,0
DA:240,0
DA:241,0
DA:245,0
DA:246,0
DA:249,0
DA:252,0
DA:253,0
DA:256,0
DA:257,0
DA:259,0
DA:260,0
DA:261,0
DA:265,0
DA:266,0
DA:272,0
DA:275,0
DA:276,0
DA:279,0
DA:280,0
DA:281,0
DA:287,0
DA:288,0
DA:291,0
DA:292,0
DA:296,0
DA:297,0
DA:299,0
DA:308,0
DA:309,0
DA:310,0
DA:315,0
DA:316,0
DA:317,0
DA:328,0
DA:330,0
DA:331,0
DA:332,0
DA:333,0
DA:337,0
DA:340,0
DA:341,0
DA:342,0
DA:343,0
DA:344,0
DA:345,0
DA:348,0
DA:352,0
DA:355,0
DA:356,0
DA:357,0
DA:358,0
DA:359,0
DA:360,0
DA:361,0
DA:362,0
DA:363,0
DA:364,0
DA:370,0
DA:377,0
DA:378,0
DA:379,0
DA:380,0
DA:381,0
DA:382,0
DA:383,0
DA:384,0
DA:385,0
DA:387,0
DA:389,0
DA:390,0
DA:392,0
DA:393,0
DA:394,0
DA:399,0
DA:400,0
DA:401,0
DA:404,0
DA:405,0
DA:406,0
DA:410,0
DA:411,0
DA:412,0
DA:413,0
DA:414,0
DA:420,0
DA:422,0
DA:424,0
DA:425,0
DA:430,0
DA:431,0
DA:432,0
DA:433,0
DA:439,0
DA:440,0
DA:441,0
DA:446,0
DA:447,0
DA:448,0
DA:449,0
DA:451,0
DA:452,0
DA:453,0
DA:457,0
DA:459,0
DA:460,0
DA:464,0
DA:465,0
DA:466,0
DA:471,0
DA:472,0
DA:473,0
DA:475,0
DA:476,0
DA:477,0
DA:478,0
DA:481,0
DA:487,0
DA:489,0
DA:496,0
DA:497,0
DA:502,0
DA:503,0
DA:505,0
DA:508,0
DA:510,0
DA:513,0
DA:518,0
DA:526,0
DA:532,0
DA:533,0
DA:534,0
DA:539,0
DA:540,0
DA:541,0
DA:556,0
DA:557,0
DA:559,0
DA:561,0
DA:562,0
DA:567,0
DA:568,0
DA:570,0
DA:583,0
DA:596,0
DA:600,0
DA:608,0
DA:609,0
DA:610,0
DA:615,0
DA:616,0
DA:617,0
DA:620,0
DA:622,0
DA:623,0
DA:630,0
DA:631,0
DA:632,0
DA:633,0
DA:636,0
DA:637,0
DA:640,0
DA:641,0
DA:642,0
DA:643,0
DA:646,0
DA:647,0
DA:651,0
DA:655,0
DA:657,0
DA:658,0
DA:665,0
DA:666,0
DA:667,0
DA:669,0
DA:670,0
DA:674,0
DA:678,0
DA:679,0
DA:683,0
DA:685,0
DA:696,0
DA:698,0
DA:704,0
DA:705,0
DA:710,0
DA:711,0
DA:712,0
DA:713,0
DA:715,0
DA:716,0
DA:720,0
DA:721,0
DA:722,0
DA:723,0
DA:728,0
DA:733,0
DA:739,0
DA:740,0
DA:745,0
DA:746,0
DA:747,0
DA:748,0
DA:750,0
DA:751,0
DA:755,0
DA:756,0
DA:757,0
DA:760,0
DA:762,0
DA:767,0
DA:774,0
DA:785,0
DA:787,0
DA:794,0
DA:795,0
LF:312
LH:0
BRDA:25,0,0,0
BRDA:25,0,1,0
BRDA:25,1,0,0
BRDA:25,1,1,0
BRDA:29,2,0,0
BRDA:29,2,1,0
BRDA:29,3,0,0
BRDA:29,3,1,0
BRDA:39,4,0,0
BRDA:39,4,1,0
BRDA:46,5,0,0
BRDA:46,5,1,0
BRDA:51,6,0,0
BRDA:51,6,1,0
BRDA:57,7,0,0
BRDA:57,7,1,0
BRDA:61,8,0,0
BRDA:61,8,1,0
BRDA:63,9,0,0
BRDA:63,9,1,0
BRDA:83,10,0,0
BRDA:83,10,1,0
BRDA:117,11,0,0
BRDA:117,11,1,0
BRDA:130,12,0,0
BRDA:130,12,1,0
BRDA:140,13,0,0
BRDA:140,13,1,0
BRDA:145,14,0,0
BRDA:145,14,1,0
BRDA:176,15,0,0
BRDA:176,15,1,0
BRDA:176,16,0,0
BRDA:176,16,1,0
BRDA:178,17,0,0
BRDA:178,17,1,0
BRDA:179,18,0,0
BRDA:179,18,1,0
BRDA:180,19,0,0
BRDA:180,19,1,0
BRDA:181,20,0,0
BRDA:181,20,1,0
BRDA:185,21,0,0
BRDA:185,21,1,0
BRDA:188,22,0,0
BRDA:188,22,1,0
BRDA:189,23,0,0
BRDA:189,23,1,0
BRDA:205,24,0,0
BRDA:205,24,1,0
BRDA:205,25,0,0
BRDA:205,25,1,0
BRDA:214,26,0,0
BRDA:214,26,1,0
BRDA:239,27,0,0
BRDA:239,27,1,0
BRDA:252,28,0,0
BRDA:252,28,1,0
BRDA:265,29,0,0
BRDA:265,29,1,0
BRDA:275,30,0,0
BRDA:275,30,1,0
BRDA:280,31,0,0
BRDA:280,31,1,0
BRDA:287,32,0,0
BRDA:287,32,1,0
BRDA:287,33,0,0
BRDA:287,33,1,0
BRDA:291,34,0,0
BRDA:291,34,1,0
BRDA:291,35,0,0
BRDA:291,35,1,0
BRDA:331,36,0,0
BRDA:331,36,1,0
BRDA:340,37,0,0
BRDA:340,37,1,0
BRDA:341,38,0,0
BRDA:341,38,1,0
BRDA:344,39,0,0
BRDA:344,39,1,0
BRDA:356,40,0,0
BRDA:356,40,1,0
BRDA:356,41,0,0
BRDA:356,41,1,0
BRDA:357,42,0,0
BRDA:357,42,1,0
BRDA:358,43,0,0
BRDA:358,43,1,0
BRDA:359,44,0,0
BRDA:359,44,1,0
BRDA:360,45,0,0
BRDA:360,45,1,0
BRDA:363,46,0,0
BRDA:363,46,1,0
BRDA:366,47,0,0
BRDA:366,47,1,0
BRDA:367,48,0,0
BRDA:367,48,1,0
BRDA:380,49,0,0
BRDA:380,49,1,0
BRDA:405,50,0,0
BRDA:405,50,1,0
BRDA:410,51,0,0
BRDA:410,51,1,0
BRDA:410,52,0,0
BRDA:410,52,1,0
BRDA:413,53,0,0
BRDA:413,53,1,0
BRDA:452,54,0,0
BRDA:452,54,1,0
BRDA:457,55,0,0
BRDA:457,55,1,0
BRDA:464,56,0,0
BRDA:464,56,1,0
BRDA:471,57,0,0
BRDA:471,57,1,0
BRDA:476,58,0,0
BRDA:476,58,1,0
BRDA:478,59,0,0
BRDA:478,59,1,0
BRDA:622,60,0,0
BRDA:622,60,1,0
BRDA:630,61,0,0
BRDA:630,61,1,0
BRDA:636,62,0,0
BRDA:636,62,1,0
BRDA:640,63,0,0
BRDA:640,63,1,0
BRDA:640,64,0,0
BRDA:640,64,1,0
BRDA:642,65,0,0
BRDA:642,65,1,0
BRDA:643,66,0,0
BRDA:643,66,1,0
BRDA:646,67,0,0
BRDA:646,67,1,0
BRDA:669,68,0,0
BRDA:669,68,1,0
BRDA:678,69,0,0
BRDA:678,69,1,0
BRDA:688,70,0,0
BRDA:688,70,1,0
BRDA:715,71,0,0
BRDA:715,71,1,0
BRDA:720,72,0,0
BRDA:720,72,1,0
BRDA:722,73,0,0
BRDA:722,73,1,0
BRDA:750,74,0,0
BRDA:750,74,1,0
BRDA:756,75,0,0
BRDA:756,75,1,0
BRDA:760,76,0,0
BRDA:760,76,1,0
BRF:154
BRH:0
end_of_record
TN:
SF:middleware\auth.js
FN:1,(anonymous_0)
FN:9,(anonymous_1)
FN:31,(anonymous_2)
FN:38,(anonymous_3)
FNF:4
FNH:0
FNDA:0,(anonymous_0)
FNDA:0,(anonymous_1)
FNDA:0,(anonymous_2)
FNDA:0,(anonymous_3)
DA:1,0
DA:2,0
DA:3,0
DA:5,0
DA:6,0
DA:9,0
DA:10,0
DA:19,0
DA:22,0
DA:23,0
DA:26,0
DA:27,0
DA:28,0
DA:31,0
DA:32,0
DA:33,0
DA:35,0
DA:38,0
DA:39,0
DA:40,0
DA:41,0
DA:42,0
DA:43,0
DA:44,0
DA:45,0
LF:25
LH:0
BRDA:2,0,0,0
BRDA:2,0,1,0
BRDA:12,1,0,0
BRDA:12,1,1,0
BRDA:13,2,0,0
BRDA:13,2,1,0
BRDA:15,3,0,0
BRDA:15,3,1,0
BRDA:19,4,0,0
BRDA:19,4,1,0
BRDA:19,5,0,0
BRDA:19,5,1,0
BRDA:19,5,2,0
BRDA:19,5,3,0
BRDA:19,5,4,0
BRDA:32,6,0,0
BRDA:32,6,1,0
BRDA:41,7,0,0
BRDA:41,7,1,0
BRDA:41,7,2,0
BRF:20
BRH:0
end_of_record
TN:
SF:middleware\bannedCheck.js
FN:2,(anonymous_0)
FN:6,(anonymous_1)
FNF:2
FNH:2
FNDA:7,(anonymous_0)
FNDA:3,(anonymous_1)
DA:2,1
DA:4,7
DA:6,3
DA:7,3
DA:8,1
DA:12,3
DA:16,4
DA:20,1
LF:8
LH:8
BRDA:4,0,0,3
BRDA:4,0,1,4
BRDA:4,1,0,7
BRDA:4,1,1,6
BRDA:4,1,2,5
BRDA:7,2,0,1
BRDA:7,2,1,2
BRF:7
BRH:7
end_of_record
TN:
SF:middleware\guestCart.js
FN:12,(anonymous_0)
FN:34,(anonymous_1)
FN:45,(anonymous_2)
FN:59,(anonymous_3)
FN:102,(anonymous_4)
FN:119,(anonymous_5)
FN:144,(anonymous_6)
FN:156,(anonymous_7)
FN:165,(anonymous_8)
FN:166,(anonymous_9)
FN:174,(anonymous_10)
FN:175,(anonymous_11)
FN:183,(anonymous_12)
FN:209,(anonymous_13)
FN:255,(anonymous_14)
FN:274,(anonymous_15)
FN:312,(anonymous_16)
FN:320,(anonymous_17)
FN:324,(anonymous_18)
FNF:19
FNH:4
FNDA:7,(anonymous_0)
FNDA:0,(anonymous_1)
FNDA:0,(anonymous_2)
FNDA:0,(anonymous_3)
FNDA:0,(anonymous_4)
FNDA:0,(anonymous_5)
FNDA:0,(anonymous_6)
FNDA:1,(anonymous_7)
FNDA:2,(anonymous_8)
FNDA:2,(anonymous_9)
FNDA:0,(anonymous_10)
FNDA:0,(anonymous_11)
FNDA:0,(anonymous_12)
FNDA:0,(anonymous_13)
FNDA:0,(anonymous_14)
FNDA:0,(anonymous_15)
FNDA:0,(anonymous_16)
FNDA:0,(anonymous_17)
FNDA:0,(anonymous_18)
DA:6,1
DA:7,1
DA:12,1
DA:14,7
DA:15,0
DA:19,7
DA:20,5
DA:28,7
DA:35,0
DA:36,0
DA:37,0
DA:41,0
DA:42,0
DA:44,0
DA:45,0
DA:46,0
DA:48,0
DA:49,0
DA:50,0
DA:59,0
DA:60,0
DA:61,0
DA:62,0
DA:65,0
DA:68,0
DA:70,0
DA:71,0
DA:72,0
DA:74,0
DA:77,0
DA:78,0
DA:81,0
DA:82,0
DA:84,0
DA:95,0
DA:96,0
DA:103,0
DA:104,0
DA:107,0
DA:108,0
DA:110,0
DA:112,0
DA:113,0
DA:117,0
DA:118,0
DA:119,0
DA:120,0
DA:122,0
DA:123,0
DA:127,0
DA:128,0
DA:131,0
DA:132,0
DA:134,0
DA:137,0
DA:138,0
DA:145,0
DA:146,0
DA:148,0
DA:149,0
DA:150,0
DA:157,1
DA:158,1
DA:159,1
DA:166,2
DA:167,2
DA:175,0
DA:176,0
DA:184,0
DA:185,0
DA:187,0
DA:188,0
DA:189,0
DA:191,0
DA:192,0
DA:196,0
DA:199,0
DA:200,0
DA:204,0
DA:207,0
DA:208,0
DA:209,0
DA:210,0
DA:212,0
DA:213,0
DA:217,0
DA:218,0
DA:219,0
DA:224,0
DA:230,0
DA:234,0
DA:235,0
DA:237,0
DA:238,0
DA:239,0
DA:242,0
DA:245,0
DA:249,7
DA:255,1
DA:256,0
DA:258,0
DA:259,0
DA:262,0
DA:263,0
DA:267,0
DA:268,0
DA:269,0
DA:273,0
DA:274,0
DA:275,0
DA:276,0
DA:277,0
DA:280,0
DA:283,0
DA:285,0
DA:288,0
DA:297,0
DA:300,0
DA:302,0
DA:304,0
DA:305,0
DA:312,1
DA:313,0
DA:314,0
DA:316,0
DA:318,0
DA:319,0
DA:320,0
DA:322,0
DA:324,0
DA:327,0
DA:328,0
DA:330,0
DA:331,0
DA:335,1
LF:135
LH:16
BRDA:14,0,0,0
BRDA:14,0,1,7
BRDA:14,1,0,7
BRDA:14,1,1,0
BRDA:19,2,0,5
BRDA:19,2,1,2
BRDA:34,3,0,0
BRDA:34,4,0,0
BRDA:36,5,0,0
BRDA:36,5,1,0
BRDA:44,6,0,0
BRDA:44,6,1,0
BRDA:44,7,0,0
BRDA:44,7,1,0
BRDA:44,7,2,0
BRDA:46,8,0,0
BRDA:46,8,1,0
BRDA:48,9,0,0
BRDA:48,9,1,0
BRDA:53,10,0,0
BRDA:53,10,1,0
BRDA:60,11,0,0
BRDA:60,11,1,0
BRDA:61,12,0,0
BRDA:61,12,1,0
BRDA:61,13,0,0
BRDA:61,13,1,0
BRDA:62,14,0,0
BRDA:62,14,1,0
BRDA:65,15,0,0
BRDA:65,15,1,0
BRDA:68,16,0,0
BRDA:68,16,1,0
BRDA:71,17,0,0
BRDA:71,17,1,0
BRDA:77,18,0,0
BRDA:77,18,1,0
BRDA:81,19,0,0
BRDA:81,19,1,0
BRDA:82,20,0,0
BRDA:82,20,1,0
BRDA:87,21,0,0
BRDA:87,21,1,0
BRDA:87,22,0,0
BRDA:87,22,1,0
BRDA:103,23,0,0
BRDA:103,23,1,0
BRDA:103,24,0,0
BRDA:103,24,1,0
BRDA:110,25,0,0
BRDA:110,25,1,0
BRDA:118,26,0,0
BRDA:118,26,1,0
BRDA:118,27,0,0
BRDA:118,27,1,0
BRDA:120,28,0,0
BRDA:120,28,1,0
BRDA:122,29,0,0
BRDA:122,29,1,0
BRDA:127,30,0,0
BRDA:127,30,1,0
BRDA:131,31,0,0
BRDA:131,31,1,0
BRDA:145,32,0,0
BRDA:145,32,1,0
BRDA:145,33,0,0
BRDA:145,33,1,0
BRDA:191,34,0,0
BRDA:191,34,1,0
BRDA:199,35,0,0
BRDA:199,35,1,0
BRDA:208,36,0,0
BRDA:208,36,1,0
BRDA:208,37,0,0
BRDA:208,37,1,0
BRDA:210,38,0,0
BRDA:210,38,1,0
BRDA:212,39,0,0
BRDA:212,39,1,0
BRDA:217,40,0,0
BRDA:217,40,1,0
BRDA:218,41,0,0
BRDA:218,41,1,0
BRDA:234,42,0,0
BRDA:234,42,1,0
BRDA:235,43,0,0
BRDA:235,43,1,0
BRDA:235,44,0,0
BRDA:235,44,1,0
BRDA:237,45,0,0
BRDA:237,45,1,0
BRDA:258,46,0,0
BRDA:258,46,1,0
BRDA:258,47,0,0
BRDA:258,47,1,0
BRDA:262,48,0,0
BRDA:262,48,1,0
BRDA:262,49,0,0
BRDA:262,49,1,0
BRDA:268,50,0,0
BRDA:268,50,1,0
BRDA:275,51,0,0
BRDA:275,51,1,0
BRDA:276,52,0,0
BRDA:276,52,1,0
BRDA:276,53,0,0
BRDA:276,53,1,0
BRDA:277,54,0,0
BRDA:277,54,1,0
BRDA:280,55,0,0
BRDA:280,55,1,0
BRDA:283,56,0,0
BRDA:283,56,1,0
BRDA:316,57,0,0
BRDA:316,57,1,0
BRDA:316,58,0,0
BRDA:316,58,1,0
BRDA:319,59,0,0
BRDA:319,59,1,0
BRDA:322,60,0,0
BRDA:322,60,1,0
BRF:121
BRH:4
end_of_record
TN:
SF:middleware\upload.js
FN:12,(anonymous_0)
FN:15,(anonymous_1)
FN:20,(anonymous_2)
FNF:3
FNH:0
FNDA:0,(anonymous_0)
FNDA:0,(anonymous_1)
FNDA:0,(anonymous_2)
DA:1,0
DA:2,0
DA:3,0
DA:6,0
DA:7,0
DA:8,0
DA:11,0
DA:13,0
DA:16,0
DA:20,0
DA:21,0
DA:22,0
DA:23,0
DA:25,0
DA:29,0
DA:38,0
LF:16
LH:0
BRDA:7,0,0,0
BRDA:7,0,1,0
BRDA:22,1,0,0
BRDA:22,1,1,0
BRF:4
BRH:0
end_of_record
TN:
SF:models\backInStockNotification.js
FN:73,(anonymous_0)
FN:84,(anonymous_1)
FN:86,(anonymous_2)
FN:139,(anonymous_3)
FN:162,(anonymous_4)
FN:204,(anonymous_5)
FN:219,(anonymous_6)
FN:226,(anonymous_7)
FNF:8
FNH:4
FNDA:8,(anonymous_0)
FNDA:0,(anonymous_1)
FNDA:0,(anonymous_2)
FNDA:2,(anonymous_3)
FNDA:4,(anonymous_4)
FNDA:2,(anonymous_5)
FNDA:0,(anonymous_6)
FNDA:0,(anonymous_7)
DA:1,2
DA:2,2
DA:8,2
DA:66,2
DA:70,2
DA:73,2
DA:74,8
DA:75,8
DA:77,8
DA:78,1
DA:82,7
DA:83,7
DA:84,0
DA:85,0
DA:86,0
DA:87,0
DA:88,0
DA:93,7
DA:94,1
DA:98,6
DA:105,6
DA:107,3
DA:108,1
DA:109,1
DA:110,1
DA:111,1
DA:115,2
DA:116,0
DA:117,0
DA:118,0
DA:121,2
DA:124,3
DA:134,3
DA:135,3
DA:139,2
DA:140,2
DA:145,2
DA:146,0
DA:147,0
DA:150,2
DA:152,2
DA:153,1
DA:156,1
DA:157,1
DA:158,1
DA:162,2
DA:163,4
DA:168,4
DA:169,0
DA:170,0
DA:173,4
DA:176,4
DA:177,1
DA:180,3
DA:181,3
DA:182,3
DA:184,3
DA:185,4
DA:186,4
DA:188,4
DA:189,4
DA:190,4
DA:191,4
DA:193,4
DA:195,0
DA:196,0
DA:200,3
DA:204,2
DA:205,2
DA:210,2
DA:211,0
DA:212,0
DA:215,2
DA:219,2
DA:220,0
DA:226,2
DA:227,0
DA:229,0
DA:234,0
DA:237,2
LF:80
LH:60
BRDA:77,0,0,1
BRDA:77,0,1,7
BRDA:83,1,0,0
BRDA:83,1,1,7
BRDA:83,2,0,7
BRDA:83,2,1,0
BRDA:83,2,2,0
BRDA:85,3,0,0
BRDA:85,3,1,0
BRDA:87,4,0,0
BRDA:87,4,1,0
BRDA:93,5,0,1
BRDA:93,5,1,6
BRDA:101,6,0,6
BRDA:101,6,1,6
BRDA:102,7,0,6
BRDA:102,7,1,6
BRDA:105,8,0,3
BRDA:105,8,1,3
BRDA:107,9,0,1
BRDA:107,9,1,2
BRDA:115,10,0,0
BRDA:115,10,1,2
BRDA:129,11,0,3
BRDA:129,11,1,3
BRDA:139,12,0,2
BRDA:145,13,0,0
BRDA:145,13,1,2
BRDA:145,14,0,2
BRDA:145,14,1,0
BRDA:145,14,2,0
BRDA:152,15,0,1
BRDA:152,15,1,1
BRDA:162,16,0,4
BRDA:168,17,0,0
BRDA:168,17,1,4
BRDA:168,18,0,4
BRDA:168,18,1,0
BRDA:168,18,2,0
BRDA:176,19,0,1
BRDA:176,19,1,3
BRDA:204,20,0,2
BRDA:210,21,0,0
BRDA:210,21,1,2
BRDA:210,22,0,2
BRDA:210,22,1,0
BRDA:210,22,2,0
BRF:47
BRH:30
end_of_record
TN:
SF:models\cart.js
FN:48,(anonymous_0)
FN:53,(anonymous_1)
FN:63,(anonymous_2)
FNF:3
FNH:0
FNDA:0,(anonymous_0)
FNDA:0,(anonymous_1)
FNDA:0,(anonymous_2)
DA:1,2
DA:2,2
DA:4,2
DA:22,2
DA:48,2
DA:49,0
DA:50,0
DA:53,0
DA:54,0
DA:55,0
DA:56,0
DA:58,0
DA:63,2
DA:64,0
DA:67,0
DA:68,0
DA:71,0
DA:73,0
DA:76,0
DA:77,0
DA:78,0
DA:81,0
DA:82,0
DA:83,0
DA:86,0
DA:87,0
DA:88,0
DA:92,0
DA:93,0
DA:95,0
DA:97,0
DA:99,0
DA:100,0
DA:104,2
LF:34
LH:7
BRDA:49,0,0,0
BRDA:49,0,1,0
BRDA:49,1,0,0
BRDA:49,1,1,0
BRDA:54,2,0,0
BRDA:54,2,1,0
BRDA:54,3,0,0
BRDA:54,3,1,0
BRDA:54,3,2,0
BRDA:67,4,0,0
BRDA:67,4,1,0
BRDA:73,5,0,0
BRDA:73,5,1,0
BRDA:76,6,0,0
BRDA:76,6,1,0
BRDA:81,7,0,0
BRDA:81,7,1,0
BRDA:81,8,0,0
BRDA:81,8,1,0
BRDA:86,9,0,0
BRDA:86,9,1,0
BRDA:86,10,0,0
BRDA:86,10,1,0
BRF:23
BRH:0
end_of_record
TN:
SF:models\compareList.js
FN:31,(anonymous_0)
FN:44,(anonymous_1)
FN:54,(anonymous_2)
FN:80,(anonymous_3)
FN:82,(anonymous_4)
FN:98,(anonymous_5)
FN:106,(anonymous_6)
FNF:7
FNH:0
FNDA:0,(anonymous_0)
FNDA:0,(anonymous_1)
FNDA:0,(anonymous_2)
FNDA:0,(anonymous_3)
FNDA:0,(anonymous_4)
FNDA:0,(anonymous_5)
FNDA:0,(anonymous_6)
DA:6,0
DA:7,0
DA:10,0
DA:31,0
DA:38,0
DA:41,0
DA:44,0
DA:46,0
DA:47,0
DA:54,0
DA:55,0
DA:62,0
DA:63,0
DA:70,0
DA:71,0
DA:72,0
DA:75,0
DA:76,0
DA:80,0
DA:81,0
DA:82,0
DA:84,0
DA:85,0
DA:89,0
DA:90,0
DA:93,0
DA:94,0
DA:98,0
DA:99,0
DA:100,0
DA:101,0
DA:102,0
DA:106,0
DA:107,0
DA:114,0
DA:115,0
DA:120,0
DA:123,0
DA:126,0
LF:39
LH:0
BRDA:46,0,0,0
BRDA:46,0,1,0
BRDA:54,1,0,0
BRDA:54,1,1,0
BRDA:62,2,0,0
BRDA:62,2,1,0
BRDA:62,3,0,0
BRDA:62,3,1,0
BRDA:71,4,0,0
BRDA:71,4,1,0
BRDA:84,5,0,0
BRDA:84,5,1,0
BRDA:89,6,0,0
BRDA:89,6,1,0
BRDA:106,7,0,0
BRDA:110,8,0,0
BRDA:110,8,1,0
BRDA:114,9,0,0
BRDA:114,9,1,0
BRF:19
BRH:0
end_of_record
TN:
SF:models\coupon.js
FN:12,(anonymous_0)
FN:15,(anonymous_1)
FN:63,(anonymous_2)
FNF:3
FNH:3
FNDA:21,(anonymous_0)
FNDA:2,(anonymous_1)
FNDA:13,(anonymous_2)
DA:1,2
DA:2,2
DA:4,2
DA:13,21
DA:15,2
DA:63,2
DA:64,13
DA:65,12
DA:68,8
DA:69,8
DA:70,7
DA:72,5
DA:75,2
LF:13
LH:13
BRDA:64,0,0,1
BRDA:64,0,1,12
BRDA:65,1,0,4
BRDA:65,1,1,8
BRDA:69,2,0,1
BRDA:69,2,1,7
BRDA:69,3,0,8
BRDA:69,3,1,8
BRDA:70,4,0,2
BRDA:70,4,1,5
BRDA:70,5,0,7
BRDA:70,5,1,2
BRF:12
BRH:12
end_of_record
TN:
SF:models\order.js
FN:156,(anonymous_0)
FN:161,(anonymous_1)
FN:167,(anonymous_2)
FN:174,(anonymous_3)
FNF:4
FNH:1
FNDA:0,(anonymous_0)
FNDA:0,(anonymous_1)
FNDA:0,(anonymous_2)
FNDA:1,(anonymous_3)
DA:1,2
DA:2,2
DA:4,2
DA:22,2
DA:37,2
DA:151,2
DA:152,2
DA:153,2
DA:156,2
DA:157,0
DA:161,2
DA:162,0
DA:167,2
DA:168,0
DA:174,2
DA:175,1
DA:176,1
DA:179,2
LF:18
LH:15
BRF:0
BRH:0
end_of_record
TN:
SF:models\preOrder.js
FN:102,(anonymous_0)
FN:108,(anonymous_1)
FN:119,(anonymous_2)
FN:121,(anonymous_3)
FN:149,(anonymous_4)
FN:151,(anonymous_5)
FN:179,(anonymous_6)
FN:219,(anonymous_7)
FN:254,(anonymous_8)
FN:269,(anonymous_9)
FN:281,(anonymous_10)
FNF:11
FNH:4
FNDA:3,(anonymous_0)
FNDA:6,(anonymous_1)
FNDA:0,(anonymous_2)
FNDA:0,(anonymous_3)
FNDA:0,(anonymous_4)
FNDA:0,(anonymous_5)
FNDA:2,(anonymous_6)
FNDA:0,(anonymous_7)
FNDA:2,(anonymous_8)
FNDA:0,(anonymous_9)
FNDA:0,(anonymous_10)
DA:1,2
DA:2,2
DA:8,2
DA:98,2
DA:99,2
DA:102,2
DA:103,3
DA:104,2
DA:108,2
DA:109,6
DA:110,6
DA:112,6
DA:113,1
DA:117,5
DA:118,5
DA:119,0
DA:120,0
DA:121,0
DA:122,0
DA:123,0
DA:129,5
DA:130,1
DA:134,4
DA:142,4
DA:143,1
DA:147,3
DA:148,3
DA:149,0
DA:150,0
DA:151,0
DA:152,0
DA:153,0
DA:158,3
DA:159,3
DA:161,3
DA:174,3
DA:175,3
DA:179,2
DA:180,2
DA:185,2
DA:186,0
DA:187,0
DA:190,2
DA:195,2
DA:196,2
DA:198,2
DA:199,2
DA:201,2
DA:204,2
DA:205,2
DA:206,2
DA:207,2
DA:209,2
DA:211,0
DA:215,2
DA:219,2
DA:220,0
DA:222,0
DA:223,0
DA:226,0
DA:227,0
DA:230,0
DA:231,0
DA:232,0
DA:233,0
DA:237,0
DA:238,0
DA:243,0
DA:246,0
DA:247,0
DA:248,0
DA:250,0
DA:254,2
DA:255,2
DA:265,2
DA:269,2
DA:270,0
DA:271,0
DA:272,0
DA:275,0
DA:281,2
DA:282,0
DA:288,2
LF:83
LH:49
BRDA:103,0,0,1
BRDA:103,0,1,2
BRDA:112,1,0,1
BRDA:112,1,1,5
BRDA:118,2,0,0
BRDA:118,2,1,5
BRDA:118,3,0,5
BRDA:118,3,1,0
BRDA:118,3,2,0
BRDA:120,4,0,0
BRDA:120,4,1,0
BRDA:122,5,0,0
BRDA:122,5,1,0
BRDA:129,6,0,1
BRDA:129,6,1,4
BRDA:142,7,0,1
BRDA:142,7,1,3
BRDA:147,8,0,3
BRDA:147,8,1,1
BRDA:148,9,0,0
BRDA:148,9,1,3
BRDA:148,10,0,3
BRDA:148,10,1,0
BRDA:148,10,2,0
BRDA:150,11,0,0
BRDA:150,11,1,0
BRDA:152,12,0,0
BRDA:152,12,1,0
BRDA:153,13,0,0
BRDA:153,13,1,0
BRDA:165,14,0,3
BRDA:165,14,1,0
BRDA:167,15,0,3
BRDA:167,15,1,3
BRDA:168,16,0,3
BRDA:168,16,1,0
BRDA:169,17,0,3
BRDA:169,17,1,2
BRDA:179,18,0,2
BRDA:185,19,0,0
BRDA:185,19,1,2
BRDA:185,20,0,2
BRDA:185,20,1,0
BRDA:185,20,2,0
BRDA:222,21,0,0
BRDA:222,21,1,0
BRDA:226,22,0,0
BRDA:226,22,1,0
BRDA:230,23,0,0
BRDA:230,23,1,0
BRDA:269,24,0,0
BRDA:271,25,0,0
BRDA:271,25,1,0
BRF:53
BRH:23
end_of_record
TN:
SF:models\product.js
FN:144,(anonymous_0)
FN:149,(anonymous_1)
FN:154,(anonymous_2)
FN:159,(anonymous_3)
FN:164,(anonymous_4)
FN:175,(anonymous_5)
FN:180,(anonymous_6)
FN:181,(anonymous_7)
FN:184,(anonymous_8)
FN:191,(anonymous_9)
FN:193,(anonymous_10)
FN:195,(anonymous_11)
FNF:12
FNH:3
FNDA:0,(anonymous_0)
FNDA:0,(anonymous_1)
FNDA:2,(anonymous_2)
FNDA:2,(anonymous_3)
FNDA:4,(anonymous_4)
FNDA:0,(anonymous_5)
FNDA:0,(anonymous_6)
FNDA:0,(anonymous_7)
FNDA:0,(anonymous_8)
FNDA:0,(anonymous_9)
FNDA:0,(anonymous_10)
FNDA:0,(anonymous_11)
DA:1,13
DA:2,13
DA:4,13
DA:144,13
DA:145,0
DA:146,0
DA:149,0
DA:150,0
DA:154,13
DA:155,2
DA:159,13
DA:160,2
DA:164,13
DA:165,4
DA:166,2
DA:168,2
DA:169,1
DA:171,1
DA:175,13
DA:176,0
DA:180,13
DA:181,0
DA:182,0
DA:184,0
DA:185,0
DA:187,0
DA:191,13
DA:192,0
DA:193,0
DA:194,0
DA:195,0
DA:196,0
DA:197,0
DA:201,0
DA:205,0
DA:207,0
DA:210,13
LF:37
LH:18
BRDA:145,0,0,0
BRDA:145,0,1,0
BRDA:155,1,0,2
BRDA:155,1,1,2
BRDA:165,2,0,2
BRDA:165,2,1,2
BRDA:166,3,0,1
BRDA:166,3,1,1
BRDA:168,4,0,1
BRDA:168,4,1,1
BRDA:175,5,0,0
BRDA:180,6,0,0
BRDA:182,7,0,0
BRDA:182,7,1,0
BRDA:185,8,0,0
BRDA:185,8,1,0
BRDA:191,9,0,0
BRDA:191,10,0,0
BRDA:191,11,0,0
BRDA:192,12,0,0
BRDA:192,12,1,0
BRDA:192,13,0,0
BRDA:192,13,1,0
BRDA:192,13,2,0
BRDA:194,14,0,0
BRDA:194,14,1,0
BRDA:196,15,0,0
BRDA:196,15,1,0
BRF:28
BRH:8
end_of_record
TN:
SF:models\productQuestion.js
FN:85,(anonymous_0)
FN:90,(anonymous_1)
FN:91,(anonymous_2)
FN:95,(anonymous_3)
FN:112,(anonymous_4)
FN:120,(anonymous_5)
FN:124,(anonymous_6)
FN:137,(anonymous_7)
FN:172,(anonymous_8)
FNF:9
FNH:7
FNDA:2,(anonymous_0)
FNDA:0,(anonymous_1)
FNDA:0,(anonymous_2)
FNDA:13,(anonymous_3)
FNDA:6,(anonymous_4)
FNDA:2,(anonymous_5)
FNDA:1,(anonymous_6)
FNDA:3,(anonymous_7)
FNDA:2,(anonymous_8)
DA:6,2
DA:7,2
DA:9,2
DA:37,2
DA:79,2
DA:80,2
DA:81,2
DA:82,2
DA:85,2
DA:86,2
DA:90,2
DA:91,0
DA:95,2
DA:96,13
DA:103,13
DA:104,4
DA:107,13
DA:108,13
DA:112,2
DA:113,6
DA:115,6
DA:116,1
DA:120,5
DA:122,5
DA:124,1
DA:125,1
DA:128,4
DA:129,4
DA:132,5
DA:133,5
DA:137,2
DA:143,3
DA:145,3
DA:146,3
DA:147,0
DA:150,3
DA:158,3
DA:160,3
DA:172,2
DA:173,2
DA:175,2
DA:183,2
DA:185,2
DA:197,2
DA:198,2
DA:200,2
LF:46
LH:44
BRDA:95,0,0,0
BRDA:103,1,0,4
BRDA:103,1,1,9
BRDA:115,2,0,1
BRDA:115,2,1,5
BRDA:122,3,0,1
BRDA:122,3,1,4
BRDA:137,4,0,2
BRDA:139,5,0,2
BRDA:140,6,0,2
BRDA:141,7,0,3
BRDA:142,8,0,3
BRDA:146,9,0,0
BRDA:146,9,1,3
BRDA:172,10,0,1
BRDA:173,11,0,1
BRDA:173,12,0,1
BRF:17
BRH:15
end_of_record
TN:
SF:models\searchHistory.js
FN:104,(anonymous_0)
FN:112,(anonymous_1)
FN:137,(anonymous_2)
FN:146,(anonymous_3)
FN:183,(anonymous_4)
FN:188,(anonymous_5)
FN:193,(anonymous_6)
FNF:7
FNH:7
FNDA:17,(anonymous_0)
FNDA:4,(anonymous_1)
FNDA:5,(anonymous_2)
FNDA:9,(anonymous_3)
FNDA:3,(anonymous_4)
FNDA:3,(anonymous_5)
FNDA:8,(anonymous_6)
DA:1,2
DA:2,2
DA:8,2
DA:99,2
DA:100,2
DA:101,2
DA:104,2
DA:105,17
DA:106,17
DA:108,17
DA:112,2
DA:113,4
DA:137,2
DA:138,5
DA:146,2
DA:147,9
DA:149,9
DA:151,8
DA:154,8
DA:159,8
DA:161,2
DA:162,2
DA:163,2
DA:164,2
DA:165,2
DA:166,2
DA:170,6
DA:183,2
DA:184,3
DA:188,2
DA:189,3
DA:193,2
DA:194,8
DA:196,7
DA:198,7
DA:224,7
DA:227,2
LF:37
LH:37
BRDA:105,0,0,17
BRDA:105,0,1,0
BRDA:112,1,0,0
BRDA:137,2,0,3
BRDA:149,3,0,1
BRDA:149,3,1,8
BRDA:149,4,0,9
BRDA:149,4,1,8
BRDA:155,5,0,8
BRDA:155,5,1,2
BRDA:159,6,0,2
BRDA:159,6,1,6
BRDA:163,7,0,2
BRDA:163,7,1,0
BRDA:164,8,0,1
BRDA:164,8,1,1
BRDA:165,9,0,1
BRDA:165,9,1,1
BRDA:171,10,0,6
BRDA:171,10,1,2
BRDA:176,11,0,6
BRDA:176,11,1,3
BRDA:193,12,0,4
BRDA:193,13,0,4
BRDA:194,14,0,1
BRDA:194,14,1,7
BRDA:194,15,0,8
BRDA:194,15,1,7
BRF:28
BRH:25
end_of_record
TN:
SF:models\stockMovement.js
FN:79,(anonymous_0)
FN:87,(anonymous_1)
FN:130,(anonymous_2)
FN:134,(anonymous_3)
FN:187,(anonymous_4)
FN:207,(anonymous_5)
FNF:6
FNH:4
FNDA:2,(anonymous_0)
FNDA:22,(anonymous_1)
FNDA:0,(anonymous_2)
FNDA:0,(anonymous_3)
FNDA:3,(anonymous_4)
FNDA:1,(anonymous_5)
DA:1,1
DA:2,1
DA:8,1
DA:74,1
DA:75,1
DA:76,1
DA:79,1
DA:80,2
DA:81,1
DA:83,1
DA:87,1
DA:88,22
DA:91,22
DA:92,22
DA:94,22
DA:96,22
DA:97,1
DA:104,21
DA:106,21
DA:111,10
DA:112,10
DA:116,9
DA:117,9
DA:120,2
DA:121,2
DA:123,0
DA:129,21
DA:130,0
DA:131,0
DA:132,0
DA:134,0
DA:135,0
DA:136,0
DA:138,0
DA:139,0
DA:141,0
DA:142,0
DA:145,0
DA:147,21
DA:148,21
DA:150,21
DA:151,2
DA:154,19
DA:158,19
DA:161,19
DA:175,19
DA:178,19
DA:179,0
DA:180,0
DA:183,19
DA:187,1
DA:188,3
DA:189,3
DA:191,3
DA:192,1
DA:195,3
DA:203,3
DA:207,1
DA:208,1
DA:215,1
DA:216,0
DA:219,1
DA:230,1
DA:233,1
LF:64
LH:49
BRDA:80,0,0,1
BRDA:80,0,1,1
BRDA:91,1,0,22
BRDA:91,1,1,22
BRDA:92,2,0,22
BRDA:92,2,1,22
BRDA:96,3,0,1
BRDA:96,3,1,21
BRDA:106,4,0,8
BRDA:106,4,1,9
BRDA:106,4,2,10
BRDA:106,4,3,6
BRDA:106,4,4,9
BRDA:106,4,5,2
BRDA:106,4,6,0
BRDA:129,5,0,0
BRDA:129,5,1,21
BRDA:129,6,0,21
BRDA:129,6,1,0
BRDA:129,6,2,0
BRDA:131,7,0,0
BRDA:131,7,1,0
BRDA:135,8,0,0
BRDA:135,8,1,0
BRDA:141,9,0,0
BRDA:141,9,1,0
BRDA:150,10,0,2
BRDA:150,10,1,19
BRDA:178,11,0,0
BRDA:178,11,1,19
BRDA:178,12,0,19
BRDA:178,12,1,0
BRDA:187,13,0,1
BRDA:188,14,0,2
BRDA:188,15,0,3
BRDA:191,16,0,1
BRDA:191,16,1,2
BRDA:207,17,0,1
BRDA:215,18,0,0
BRDA:215,18,1,1
BRF:40
BRH:27
end_of_record
TN:
SF:models\user.js
FN:35,(anonymous_0)
FNF:1
FNH:1
FNDA:314,(anonymous_0)
DA:1,12
DA:2,12
DA:4,12
DA:23,12
DA:37,314
DA:80,12
LF:6
LH:6
BRF:0
BRH:0
end_of_record
TN:
SF:models\wishlist.js
FN:48,(anonymous_0)
FN:53,(anonymous_1)
FN:54,(anonymous_2)
FN:60,(anonymous_3)
FN:75,(anonymous_4)
FN:77,(anonymous_5)
FN:90,(anonymous_6)
FN:93,(anonymous_7)
FN:101,(anonymous_8)
FNF:9
FNH:9
FNDA:2,(anonymous_0)
FNDA:31,(anonymous_1)
FNDA:11,(anonymous_2)
FNDA:25,(anonymous_3)
FNDA:5,(anonymous_4)
FNDA:5,(anonymous_5)
FNDA:3,(anonymous_6)
FNDA:3,(anonymous_7)
FNDA:17,(anonymous_8)
DA:6,2
DA:7,2
DA:9,2
DA:31,2
DA:44,2
DA:45,2
DA:48,2
DA:49,2
DA:53,2
DA:54,31
DA:55,11
DA:60,2
DA:61,25
DA:62,4
DA:65,21
DA:70,21
DA:71,21
DA:75,2
DA:76,5
DA:77,5
DA:78,5
DA:81,5
DA:82,2
DA:85,3
DA:86,3
DA:90,2
DA:91,3
DA:93,3
DA:94,3
DA:95,3
DA:96,3
DA:101,2
DA:102,17
DA:104,17
DA:105,13
DA:106,13
DA:109,17
DA:113,2
DA:114,2
DA:116,2
LF:40
LH:40
BRDA:61,0,0,4
BRDA:61,0,1,21
BRDA:81,1,0,2
BRDA:81,1,1,3
BRDA:94,2,0,0
BRDA:94,2,1,3
BRDA:95,3,0,3
BRDA:95,3,1,1
BRDA:104,4,0,13
BRDA:104,4,1,4
BRF:10
BRH:9
end_of_record
TN:
SF:utils\emailService.js
FN:15,(anonymous_0)
FN:24,(anonymous_1)
FN:67,(anonymous_2)
FN:79,(anonymous_3)
FN:85,(anonymous_4)
FN:216,(anonymous_5)
FN:283,(anonymous_6)
FN:349,(anonymous_7)
FN:351,(anonymous_8)
FNF:9
FNH:0
FNDA:0,(anonymous_0)
FNDA:0,(anonymous_1)
FNDA:0,(anonymous_2)
FNDA:0,(anonymous_3)
FNDA:0,(anonymous_4)
FNDA:0,(anonymous_5)
FNDA:0,(anonymous_6)
FNDA:0,(anonymous_7)
FNDA:0,(anonymous_8)
DA:1,0
DA:2,0
DA:5,0
DA:15,0
DA:16,0
DA:17,0
DA:19,0
DA:24,0
DA:25,0
DA:26,0
DA:27,0
DA:29,0
DA:58,0
DA:59,0
DA:60,0
DA:62,0
DA:63,0
DA:67,0
DA:68,0
DA:69,0
DA:72,0
DA:79,0
DA:80,0
DA:84,0
DA:85,0
DA:86,0
DA:87,0
DA:89,0
DA:99,0
DA:204,0
DA:205,0
DA:206,0
DA:208,0
DA:209,0
DA:216,0
DA:217,0
DA:218,0
DA:220,0
DA:271,0
DA:272,0
DA:273,0
DA:275,0
DA:276,0
DA:283,0
DA:284,0
DA:285,0
DA:287,0
DA:337,0
DA:338,0
DA:339,0
DA:341,0
DA:342,0
DA:349,0
DA:350,0
DA:351,0
DA:360,0
DA:398,0
DA:399,0
DA:400,0
DA:402,0
DA:403,0
LF:61
LH:0
BRDA:8,0,0,0
BRDA:8,0,1,0
BRDA:9,1,0,0
BRDA:9,1,1,0
BRDA:16,2,0,0
BRDA:16,2,1,0
BRDA:30,3,0,0
BRDA:30,3,1,0
BRDA:86,4,0,0
BRDA:86,4,1,0
BRDA:86,5,0,0
BRDA:86,5,1,0
BRDA:87,6,0,0
BRDA:87,6,1,0
BRDA:100,7,0,0
BRDA:100,7,1,0
BRDA:118,8,0,0
BRDA:118,8,1,0
BRDA:119,9,0,0
BRDA:119,9,1,0
BRDA:123,10,0,0
BRDA:123,10,1,0
BRDA:181,11,0,0
BRDA:181,11,1,0
BRDA:182,12,0,0
BRDA:182,12,1,0
BRDA:218,13,0,0
BRDA:218,13,1,0
BRDA:221,14,0,0
BRDA:221,14,1,0
BRDA:230,15,0,0
BRDA:230,15,1,0
BRDA:236,16,0,0
BRDA:236,16,1,0
BRDA:236,17,0,0
BRDA:236,17,1,0
BRDA:241,18,0,0
BRDA:241,18,1,0
BRDA:241,19,0,0
BRDA:241,19,1,0
BRDA:285,20,0,0
BRDA:285,20,1,0
BRDA:288,21,0,0
BRDA:288,21,1,0
BRDA:302,22,0,0
BRDA:302,22,1,0
BRDA:302,23,0,0
BRDA:302,23,1,0
BRDA:306,24,0,0
BRDA:306,24,1,0
BRDA:306,25,0,0
BRDA:306,25,1,0
BRDA:310,26,0,0
BRDA:310,26,1,0
BRDA:328,27,0,0
BRDA:328,27,1,0
BRDA:354,28,0,0
BRDA:354,28,1,0
BRDA:361,29,0,0
BRDA:361,29,1,0
BRDA:385,30,0,0
BRDA:385,30,1,0
BRF:62
BRH:0
end_of_record
TN:
SF:utils\invoiceGenerator.js
FN:30,(anonymous_0)
FN:31,(anonymous_1)
FN:45,(anonymous_2)
FN:87,(anonymous_3)
FN:127,(anonymous_4)
FN:172,(anonymous_5)
FN:190,(anonymous_6)
FN:204,(anonymous_7)
FN:226,(anonymous_8)
FN:240,(anonymous_9)
FN:254,(anonymous_10)
FN:311,(anonymous_11)
FN:344,(anonymous_12)
FN:358,(anonymous_13)
FN:373,(anonymous_14)
FN:381,(anonymous_15)
FN:387,(anonymous_16)
FN:422,(anonymous_17)
FN:505,(anonymous_18)
FNF:19
FNH:0
FNDA:0,(anonymous_0)
FNDA:0,(anonymous_1)
FNDA:0,(anonymous_2)
FNDA:0,(anonymous_3)
FNDA:0,(anonymous_4)
FNDA:0,(anonymous_5)
FNDA:0,(anonymous_6)
FNDA:0,(anonymous_7)
FNDA:0,(anonymous_8)
FNDA:0,(anonymous_9)
FNDA:0,(anonymous_10)
FNDA:0,(anonymous_11)
FNDA:0,(anonymous_12)
FNDA:0,(anonymous_13)
FNDA:0,(anonymous_14)
FNDA:0,(anonymous_15)
FNDA:0,(anonymous_16)
FNDA:0,(anonymous_17)
FNDA:0,(anonymous_18)
DA:6,0
DA:7,0
DA:8,0
DA:9,0
DA:12,0
DA:30,0
DA:31,0
DA:32,0
DA:33,0
DA:43,0
DA:44,0
DA:45,0
DA:46,0
DA:47,0
DA:51,0
DA:52,0
DA:55,0
DA:57,0
DA:58,0
DA:59,0
DA:63,0
DA:66,0
DA:69,0
DA:72,0
DA:75,0
DA:77,0
DA:79,0
DA:87,0
DA:88,0
DA:89,0
DA:92,0
DA:93,0
DA:96,0
DA:97,0
DA:98,0
DA:99,0
DA:100,0
DA:103,0
DA:104,0
DA:106,0
DA:107,0
DA:111,0
DA:112,0
DA:114,0
DA:115,0
DA:117,0
DA:118,0
DA:119,0
DA:121,0
DA:127,0
DA:128,0
DA:129,0
DA:131,0
DA:132,0
DA:134,0
DA:137,0
DA:142,0
DA:145,0
DA:146,0
DA:150,0
DA:153,0
DA:156,0
DA:157,0
DA:159,0
DA:160,0
DA:163,0
DA:164,0
DA:166,0
DA:172,0
DA:173,0
DA:174,0
DA:176,0
DA:177,0
DA:178,0
DA:179,0
DA:181,0
DA:182,0
DA:186,0
DA:189,0
DA:190,0
DA:191,0
DA:198,0
DA:201,0
DA:202,0
DA:204,0
DA:205,0
DA:206,0
DA:207,0
DA:208,0
DA:211,0
DA:212,0
DA:213,0
DA:217,0
DA:226,0
DA:227,0
DA:233,0
DA:237,0
DA:240,0
DA:241,0
DA:243,0
DA:246,0
DA:248,0
DA:254,0
DA:255,0
DA:256,0
DA:258,0
DA:259,0
DA:260,0
DA:262,0
DA:265,0
DA:266,0
DA:267,0
DA:270,0
DA:271,0
DA:272,0
DA:273,0
DA:277,0
DA:278,0
DA:279,0
DA:280,0
DA:284,0
DA:285,0
DA:286,0
DA:287,0
DA:289,0
DA:290,0
DA:291,0
DA:295,0
DA:296,0
DA:297,0
DA:298,0
DA:301,0
DA:302,0
DA:303,0
DA:305,0
DA:311,0
DA:312,0
DA:313,0
DA:315,0
DA:318,0
DA:319,0
DA:320,0
DA:322,0
DA:323,0
DA:324,0
DA:327,0
DA:328,0
DA:329,0
DA:331,0
DA:332,0
DA:336,0
DA:337,0
DA:338,0
DA:344,0
DA:345,0
DA:346,0
DA:352,0
DA:358,0
DA:359,0
DA:367,0
DA:373,0
DA:374,0
DA:375,0
DA:381,0
DA:382,0
DA:384,0
DA:385,0
DA:387,0
DA:388,0
DA:389,0
DA:390,0
DA:391,0
DA:392,0
DA:393,0
DA:395,0
DA:396,0
DA:397,0
DA:398,0
DA:400,0
DA:401,0
DA:402,0
DA:403,0
DA:405,0
DA:406,0
DA:407,0
DA:408,0
DA:410,0
DA:411,0
DA:412,0
DA:415,0
DA:416,0
DA:422,0
DA:423,0
DA:424,0
DA:425,0
DA:427,0
DA:506,0
DA:507,0
DA:508,0
DA:509,0
DA:510,0
DA:587,0
LF:202
LH:0
BRDA:30,0,0,0
BRDA:37,1,0,0
BRDA:37,1,1,0
BRDA:57,2,0,0
BRDA:57,2,1,0
BRDA:88,3,0,0
BRDA:88,3,1,0
BRDA:89,4,0,0
BRDA:89,4,1,0
BRDA:106,5,0,0
BRDA:106,5,1,0
BRDA:114,6,0,0
BRDA:114,6,1,0
BRDA:115,7,0,0
BRDA:115,7,1,0
BRDA:119,8,0,0
BRDA:119,8,1,0
BRDA:128,9,0,0
BRDA:128,9,1,0
BRDA:129,10,0,0
BRDA:129,10,1,0
BRDA:137,11,0,0
BRDA:137,11,1,0
BRDA:137,11,2,0
BRDA:137,11,3,0
BRDA:137,11,4,0
BRDA:145,12,0,0
BRDA:145,12,1,0
BRDA:150,13,0,0
BRDA:150,13,1,0
BRDA:150,13,2,0
BRDA:156,14,0,0
BRDA:156,14,1,0
BRDA:156,14,2,0
BRDA:157,15,0,0
BRDA:157,15,1,0
BRDA:157,15,2,0
BRDA:157,15,3,0
BRDA:159,16,0,0
BRDA:159,16,1,0
BRDA:160,17,0,0
BRDA:160,17,1,0
BRDA:173,18,0,0
BRDA:173,18,1,0
BRDA:174,19,0,0
BRDA:174,19,1,0
BRDA:193,20,0,0
BRDA:193,20,1,0
BRDA:205,21,0,0
BRDA:205,21,1,0
BRDA:205,21,2,0
BRDA:207,22,0,0
BRDA:207,22,1,0
BRDA:207,22,2,0
BRDA:208,23,0,0
BRDA:208,23,1,0
BRDA:211,24,0,0
BRDA:211,24,1,0
BRDA:229,25,0,0
BRDA:229,25,1,0
BRDA:255,26,0,0
BRDA:255,26,1,0
BRDA:256,27,0,0
BRDA:256,27,1,0
BRDA:270,28,0,0
BRDA:270,28,1,0
BRDA:277,29,0,0
BRDA:277,29,1,0
BRDA:284,30,0,0
BRDA:284,30,1,0
BRDA:297,31,0,0
BRDA:297,31,1,0
BRDA:302,32,0,0
BRDA:302,32,1,0
BRDA:312,33,0,0
BRDA:312,33,1,0
BRDA:313,34,0,0
BRDA:313,34,1,0
BRDA:331,35,0,0
BRDA:331,35,1,0
BRDA:345,36,0,0
BRDA:345,36,1,0
BRDA:367,37,0,0
BRDA:367,37,1,0
BRDA:367,37,2,0
BRDA:374,38,0,0
BRDA:374,38,1,0
BRDA:375,39,0,0
BRDA:375,39,1,0
BRDA:382,40,0,0
BRDA:382,40,1,0
BRDA:388,41,0,0
BRDA:388,41,1,0
BRDA:389,42,0,0
BRDA:389,42,1,0
BRDA:390,43,0,0
BRDA:390,43,1,0
BRDA:393,44,0,0
BRDA:393,44,1,0
BRDA:395,45,0,0
BRDA:395,45,1,0
BRDA:398,46,0,0
BRDA:398,46,1,0
BRDA:400,47,0,0
BRDA:400,47,1,0
BRDA:403,48,0,0
BRDA:403,48,1,0
BRDA:405,49,0,0
BRDA:405,49,1,0
BRDA:408,50,0,0
BRDA:408,50,1,0
BRDA:412,51,0,0
BRDA:412,51,1,0
BRDA:424,52,0,0
BRDA:424,52,1,0
BRDA:425,53,0,0
BRDA:425,53,1,0
BRDA:476,54,0,0
BRDA:476,54,1,0
BRDA:482,55,0,0
BRDA:482,55,1,0
BRDA:487,56,0,0
BRDA:487,56,1,0
BRDA:487,56,2,0
BRDA:487,56,3,0
BRDA:488,57,0,0
BRDA:488,57,1,0
BRDA:489,58,0,0
BRDA:489,58,1,0
BRDA:489,58,2,0
BRDA:490,59,0,0
BRDA:490,59,1,0
BRDA:490,59,2,0
BRDA:506,60,0,0
BRDA:506,60,1,0
BRDA:506,60,2,0
BRDA:508,61,0,0
BRDA:508,61,1,0
BRDA:508,61,2,0
BRDA:509,62,0,0
BRDA:509,62,1,0
BRDA:529,63,0,0
BRDA:529,63,1,0
BRDA:535,64,0,0
BRDA:535,64,1,0
BRDA:541,65,0,0
BRDA:541,65,1,0
BRDA:553,66,0,0
BRDA:553,66,1,0
BRDA:558,67,0,0
BRDA:558,67,1,0
BRF:151
BRH:0
end_of_record
TN:
SF:utils\vatCalculator.js
FN:25,(anonymous_0)
FN:43,(anonymous_1)
FN:61,(anonymous_2)
FN:65,(anonymous_3)
FN:88,(anonymous_4)
FN:129,(anonymous_5)
FN:141,(anonymous_6)
FN:150,(anonymous_7)
FN:194,(anonymous_8)
FN:209,(anonymous_9)
FN:220,(anonymous_10)
FNF:11
FNH:9
FNDA:19,(anonymous_0)
FNDA:0,(anonymous_1)
FNDA:5,(anonymous_2)
FNDA:6,(anonymous_3)
FNDA:6,(anonymous_4)
FNDA:2,(anonymous_5)
FNDA:0,(anonymous_6)
FNDA:7,(anonymous_7)
FNDA:3,(anonymous_8)
FNDA:4,(anonymous_9)
FNDA:9,(anonymous_10)
DA:7,1
DA:12,1
DA:25,1
DA:26,19
DA:27,19
DA:29,19
DA:43,1
DA:44,0
DA:45,0
DA:47,0
DA:61,1
DA:62,5
DA:65,5
DA:66,6
DA:67,6
DA:71,5
DA:74,5
DA:77,5
DA:78,5
DA:79,5
DA:82,5
DA:85,5
DA:88,5
DA:89,6
DA:90,6
DA:91,6
DA:93,6
DA:104,5
DA:106,5
DA:129,1
DA:130,2
DA:141,1
DA:142,0
DA:150,1
DA:151,7
DA:153,7
DA:154,0
DA:158,7
DA:159,1
DA:163,7
DA:164,6
DA:165,6
DA:166,1
DA:171,7
DA:172,1
DA:176,7
DA:177,0
DA:178,0
DA:179,0
DA:183,7
DA:194,1
DA:195,3
DA:196,3
DA:197,3
DA:198,3
DA:200,3
DA:209,1
DA:210,4
DA:211,4
DA:220,1
DA:221,9
DA:222,9
DA:224,9
DA:227,1
LF:64
LH:56
BRDA:62,0,0,5
BRDA:62,0,1,0
BRDA:66,1,0,6
BRDA:66,1,1,0
BRDA:66,1,2,0
BRDA:71,2,0,5
BRDA:71,2,1,5
BRDA:77,3,0,5
BRDA:77,3,1,5
BRDA:78,4,0,5
BRDA:78,4,1,5
BRDA:89,5,0,6
BRDA:89,5,1,0
BRDA:89,5,2,0
BRDA:153,6,0,0
BRDA:153,6,1,7
BRDA:158,7,0,1
BRDA:158,7,1,6
BRDA:158,8,0,7
BRDA:158,8,1,6
BRDA:163,9,0,6
BRDA:163,9,1,1
BRDA:165,10,0,1
BRDA:165,10,1,5
BRDA:171,11,0,1
BRDA:171,11,1,6
BRDA:171,12,0,7
BRDA:171,12,1,6
BRDA:176,13,0,0
BRDA:176,13,1,7
BRDA:178,14,0,0
BRDA:178,14,1,0
BRDA:194,15,0,3
BRDA:224,16,0,5
BRDA:224,16,1,4
BRF:35
BRH:26
end_of_record
