TN:
SF:controllers\user.js
FN:6,(anonymous_0)
FN:29,(anonymous_1)
FN:73,(anonymous_2)
FN:90,(anonymous_3)
FN:112,(anonymous_4)
FN:137,(anonymous_5)
FN:156,(anonymous_6)
FN:179,(anonymous_7)
FN:201,(anonymous_8)
FN:212,(anonymous_9)
FN:259,(anonymous_10)
FN:288,(anonymous_11)
FN:317,(anonymous_12)
FN:348,(anonymous_13)
FN:386,(anonymous_14)
FN:388,(anonymous_15)
FNF:16
FNH:11
FNDA:3,(anonymous_0)
FNDA:4,(anonymous_1)
FNDA:2,(anonymous_2)
FNDA:4,(anonymous_3)
FNDA:0,(anonymous_4)
FNDA:2,(anonymous_5)
FNDA:0,(anonymous_6)
FNDA:2,(anonymous_7)
FNDA:0,(anonymous_8)
FNDA:5,(anonymous_9)
FNDA:3,(anonymous_10)
FNDA:2,(anonymous_11)
FNDA:3,(anonymous_12)
FNDA:4,(anonymous_13)
FNDA:0,(anonymous_14)
FNDA:0,(anonymous_15)
DA:1,1
DA:2,1
DA:3,1
DA:4,1
DA:6,1
DA:7,3
DA:8,1
DA:10,2
DA:13,2
DA:17,1
DA:23,1
DA:24,1
DA:25,1
DA:29,1
DA:30,4
DA:31,1
DA:33,3
DA:36,3
DA:38,3
DA:39,1
DA:40,1
DA:43,2
DA:44,2
DA:45,2
DA:46,2
DA:47,2
DA:48,1
DA:49,1
DA:53,1
DA:64,1
DA:65,1
DA:67,0
DA:68,0
DA:69,0
DA:73,1
DA:74,2
DA:75,0
DA:77,2
DA:79,2
DA:84,0
DA:85,0
DA:86,0
DA:90,1
DA:91,4
DA:92,0
DA:94,4
DA:95,4
DA:96,4
DA:98,4
DA:99,1
DA:100,1
DA:103,3
DA:104,3
DA:105,3
DA:106,0
DA:107,0
DA:111,3
DA:112,1
DA:115,3
DA:125,3
DA:127,3
DA:128,3
DA:130,0
DA:131,0
DA:132,0
DA:137,1
DA:138,2
DA:139,0
DA:141,2
DA:142,2
DA:143,2
DA:145,2
DA:146,2
DA:147,2
DA:149,2
DA:150,1
DA:151,1
DA:155,1
DA:156,0
DA:159,1
DA:160,1
DA:161,1
DA:162,1
DA:163,1
DA:165,1
DA:167,1
DA:169,1
DA:170,1
DA:172,0
DA:173,0
DA:174,0
DA:179,1
DA:180,2
DA:181,0
DA:183,2
DA:186,2
DA:187,2
DA:192,2
DA:193,2
DA:195,0
DA:196,0
DA:197,0
DA:201,1
DA:202,0
DA:203,0
DA:204,0
DA:207,0
DA:212,1
DA:213,5
DA:214,0
DA:216,5
DA:217,5
DA:219,5
DA:220,0
DA:221,0
DA:224,5
DA:225,1
DA:226,1
DA:229,4
DA:230,1
DA:231,1
DA:235,3
DA:237,3
DA:238,3
DA:239,1
DA:240,1
DA:244,2
DA:245,2
DA:250,2
DA:251,2
DA:253,0
DA:254,0
DA:255,0
DA:259,1
DA:260,3
DA:261,0
DA:263,3
DA:265,3
DA:266,3
DA:267,3
DA:269,3
DA:270,3
DA:275,3
DA:282,0
DA:283,0
DA:284,0
DA:288,1
DA:289,2
DA:290,0
DA:292,2
DA:295,2
DA:305,2
DA:311,0
DA:312,0
DA:313,0
DA:317,1
DA:318,3
DA:319,0
DA:321,3
DA:323,3
DA:324,3
DA:326,3
DA:327,1
DA:328,1
DA:331,2
DA:332,1
DA:333,1
DA:337,1
DA:342,0
DA:343,0
DA:344,0
DA:348,1
DA:349,4
DA:350,0
DA:352,4
DA:354,4
DA:357,4
DA:358,4
DA:359,0
DA:360,0
DA:363,4
DA:364,1
DA:365,1
DA:370,3
DA:371,3
DA:372,2
DA:373,2
DA:378,1
DA:379,1
DA:380,0
DA:381,0
DA:382,0
DA:384,0
DA:385,0
DA:386,0
DA:387,0
DA:388,0
DA:389,0
DA:390,0
DA:396,0
DA:399,0
DA:400,0
DA:401,0
DA:404,0
DA:409,1
DA:410,0
DA:411,0
DA:415,0
DA:419,1
DA:420,1
DA:427,1
DA:428,0
DA:429,0
DA:430,0
DA:434,0
DA:436,0
DA:440,1
DA:442,1
DA:443,1
DA:445,0
DA:446,0
DA:447,0
LF:222
LH:149
BRDA:7,0,0,1
BRDA:7,0,1,2
BRDA:7,1,0,3
BRDA:7,1,1,2
BRDA:30,2,0,1
BRDA:30,2,1,3
BRDA:30,3,0,4
BRDA:30,3,1,3
BRDA:38,4,0,1
BRDA:38,4,1,2
BRDA:47,5,0,1
BRDA:47,5,1,1
BRDA:74,6,0,0
BRDA:74,6,1,2
BRDA:74,7,0,2
BRDA:74,7,1,2
BRDA:91,8,0,0
BRDA:91,8,1,4
BRDA:91,9,0,4
BRDA:91,9,1,4
BRDA:95,10,0,4
BRDA:95,10,1,4
BRDA:96,11,0,4
BRDA:96,11,1,4
BRDA:98,12,0,1
BRDA:98,12,1,3
BRDA:98,13,0,4
BRDA:98,13,1,4
BRDA:98,13,2,3
BRDA:105,14,0,0
BRDA:105,14,1,3
BRDA:111,15,0,1
BRDA:111,15,1,2
BRDA:116,16,0,3
BRDA:116,16,1,3
BRDA:117,17,0,3
BRDA:117,17,1,3
BRDA:121,18,0,1
BRDA:121,18,1,2
BRDA:138,19,0,0
BRDA:138,19,1,2
BRDA:138,20,0,2
BRDA:138,20,1,2
BRDA:142,21,0,2
BRDA:142,21,1,2
BRDA:143,22,0,2
BRDA:143,22,1,2
BRDA:147,23,0,2
BRDA:147,23,1,2
BRDA:149,24,0,1
BRDA:149,24,1,1
BRDA:155,25,0,0
BRDA:155,25,1,1
BRDA:159,26,0,1
BRDA:159,26,1,1
BRDA:160,27,0,1
BRDA:160,27,1,1
BRDA:161,28,0,1
BRDA:161,28,1,0
BRDA:162,29,0,1
BRDA:162,29,1,0
BRDA:163,30,0,1
BRDA:163,30,1,0
BRDA:165,31,0,0
BRDA:165,31,1,1
BRDA:180,32,0,0
BRDA:180,32,1,2
BRDA:180,33,0,2
BRDA:180,33,1,2
BRDA:202,34,0,0
BRDA:202,34,1,0
BRDA:213,35,0,0
BRDA:213,35,1,5
BRDA:213,36,0,5
BRDA:213,36,1,5
BRDA:217,37,0,5
BRDA:217,37,1,5
BRDA:219,38,0,0
BRDA:219,38,1,5
BRDA:224,39,0,1
BRDA:224,39,1,4
BRDA:229,40,0,1
BRDA:229,40,1,3
BRDA:238,41,0,1
BRDA:238,41,1,2
BRDA:260,42,0,0
BRDA:260,42,1,3
BRDA:260,43,0,3
BRDA:260,43,1,3
BRDA:265,44,0,3
BRDA:265,44,1,2
BRDA:289,45,0,0
BRDA:289,45,1,2
BRDA:289,46,0,2
BRDA:289,46,1,2
BRDA:318,47,0,0
BRDA:318,47,1,3
BRDA:318,48,0,3
BRDA:318,48,1,3
BRDA:326,49,0,1
BRDA:326,49,1,2
BRDA:331,50,0,1
BRDA:331,50,1,1
BRDA:349,51,0,0
BRDA:349,51,1,4
BRDA:349,52,0,4
BRDA:349,52,1,4
BRDA:358,53,0,0
BRDA:358,53,1,4
BRDA:363,54,0,1
BRDA:363,54,1,3
BRDA:371,55,0,2
BRDA:371,55,1,1
BRDA:371,56,0,3
BRDA:371,56,1,3
BRDA:371,56,2,2
BRDA:381,57,0,0
BRDA:381,57,1,0
BRDA:382,58,0,0
BRDA:382,58,1,0
BRDA:384,59,0,0
BRDA:384,59,1,0
BRDA:384,60,0,0
BRDA:384,60,1,0
BRDA:387,61,0,0
BRDA:387,61,1,0
BRDA:389,62,0,0
BRDA:389,62,1,0
BRDA:409,63,0,0
BRDA:409,63,1,1
BRDA:427,64,0,0
BRDA:427,64,1,1
BRF:132
BRH:99
end_of_record
TN:
SF:models\user.js
FN:47,(anonymous_0)
FNF:1
FNH:1
FNDA:95,(anonymous_0)
DA:1,2
DA:2,2
DA:4,2
DA:35,2
DA:49,95
DA:94,2
LF:6
LH:6
BRDA:94,0,0,2
BRDA:94,0,1,2
BRF:2
BRH:2
end_of_record
